[ 2016-03-22T03:42:47+08:00 ] ::1 /
INFO: [ app_init ] --START--
INFO: Run Behavior\BuildLiteBehavior [ RunTime:0.000072s ]
INFO: [ app_init ] --END-- [ RunTime:0.015426s ]
INFO: [ app_begin ] --START--
INFO: Run Behavior\ReadHtmlCacheBehavior [ RunTime:0.015413s ]
INFO: [ app_begin ] --END-- [ RunTime:0.015532s ]
NOTIC: [8192] Function eregi() is deprecated /usr/share/nginx/html/thinkphp/lunhui/Application/Common/Common/function.php 第 63 行.
NOTIC: [8192] Function eregi() is deprecated /usr/share/nginx/html/thinkphp/lunhui/Application/Common/Common/function.php 第 65 行.
NOTIC: [8192] Function eregi() is deprecated /usr/share/nginx/html/thinkphp/lunhui/Application/Common/Common/function.php 第 67 行.
NOTIC: [8192] Function eregi() is deprecated /usr/share/nginx/html/thinkphp/lunhui/Application/Common/Common/function.php 第 69 行.
NOTIC: [8192] Function eregi() is deprecated /usr/share/nginx/html/thinkphp/lunhui/Application/Common/Common/function.php 第 71 行.
NOTIC: [8192] Function eregi() is deprecated /usr/share/nginx/html/thinkphp/lunhui/Application/Common/Common/function.php 第 73 行.
NOTIC: [8192] Function eregi() is deprecated /usr/share/nginx/html/thinkphp/lunhui/Application/Common/Common/function.php 第 75 行.
NOTIC: [8192] Function eregi() is deprecated /usr/share/nginx/html/thinkphp/lunhui/Application/Common/Common/function.php 第 77 行.
NOTIC: [8192] Function eregi() is deprecated /usr/share/nginx/html/thinkphp/lunhui/Application/Common/Common/function.php 第 79 行.
NOTIC: [8192] Function eregi() is deprecated /usr/share/nginx/html/thinkphp/lunhui/Application/Common/Common/function.php 第 81 行.
NOTIC: [8192] Function eregi() is deprecated /usr/share/nginx/html/thinkphp/lunhui/Application/Common/Common/function.php 第 83 行.
NOTIC: [8192] Function eregi() is deprecated /usr/share/nginx/html/thinkphp/lunhui/Application/Common/Common/function.php 第 85 行.
NOTIC: [8192] Function ereg() is deprecated /usr/share/nginx/html/thinkphp/lunhui/Application/Common/Common/function.php 第 87 行.
NOTIC: [8192] Function eregi() is deprecated /usr/share/nginx/html/thinkphp/lunhui/Application/Common/Common/function.php 第 89 行.
NOTIC: [8192] Function eregi() is deprecated /usr/share/nginx/html/thinkphp/lunhui/Application/Common/Common/function.php 第 91 行.
NOTIC: [8192] Function eregi() is deprecated /usr/share/nginx/html/thinkphp/lunhui/Application/Common/Common/function.php 第 93 行.
NOTIC: [8192] Function eregi() is deprecated /usr/share/nginx/html/thinkphp/lunhui/Application/Common/Common/function.php 第 95 行.
NOTIC: [8192] Function eregi() is deprecated /usr/share/nginx/html/thinkphp/lunhui/Application/Common/Common/function.php 第 97 行.
NOTIC: [8192] Function eregi() is deprecated /usr/share/nginx/html/thinkphp/lunhui/Application/Common/Common/function.php 第 99 行.
NOTIC: [8192] Function eregi() is deprecated /usr/share/nginx/html/thinkphp/lunhui/Application/Common/Common/function.php 第 101 行.
NOTIC: [8192] Function eregi() is deprecated /usr/share/nginx/html/thinkphp/lunhui/Application/Common/Common/function.php 第 103 行.
NOTIC: [8192] Function eregi() is deprecated /usr/share/nginx/html/thinkphp/lunhui/Application/Common/Common/function.php 第 105 行.
NOTIC: [8192] Function eregi() is deprecated /usr/share/nginx/html/thinkphp/lunhui/Application/Common/Common/function.php 第 107 行.
NOTIC: [8192] Function eregi() is deprecated /usr/share/nginx/html/thinkphp/lunhui/Application/Common/Common/function.php 第 109 行.
NOTIC: [8192] Function eregi() is deprecated /usr/share/nginx/html/thinkphp/lunhui/Application/Common/Common/function.php 第 111 行.
SQL: SHOW COLUMNS FROM `web_article` [ RunTime:0.3694s ]
SQL: SELECT `a_keyword`,`a_id`,`create_time` FROM `web_article` WHERE ( a_keyword != '' and a_views > 0 ) ORDER BY create_time desc LIMIT 50   [ RunTime:0.0646s ]
NOTIC: [8] Use of undefined constant id - assumed 'id' /usr/share/nginx/html/thinkphp/lunhui/Application/Home/Controller/BaseController.class.php 第 63 行.
NOTIC: [8] Use of undefined constant id - assumed 'id' /usr/share/nginx/html/thinkphp/lunhui/Application/Home/Controller/BaseController.class.php 第 63 行.
NOTIC: [8] Use of undefined constant id - assumed 'id' /usr/share/nginx/html/thinkphp/lunhui/Application/Home/Controller/BaseController.class.php 第 63 行.
NOTIC: [8] Use of undefined constant id - assumed 'id' /usr/share/nginx/html/thinkphp/lunhui/Application/Home/Controller/BaseController.class.php 第 63 行.
NOTIC: [8] Use of undefined constant id - assumed 'id' /usr/share/nginx/html/thinkphp/lunhui/Application/Home/Controller/BaseController.class.php 第 63 行.
NOTIC: [8] Use of undefined constant id - assumed 'id' /usr/share/nginx/html/thinkphp/lunhui/Application/Home/Controller/BaseController.class.php 第 63 行.
NOTIC: [8] Use of undefined constant id - assumed 'id' /usr/share/nginx/html/thinkphp/lunhui/Application/Home/Controller/BaseController.class.php 第 63 行.
NOTIC: [8] Use of undefined constant id - assumed 'id' /usr/share/nginx/html/thinkphp/lunhui/Application/Home/Controller/BaseController.class.php 第 63 行.
NOTIC: [8] Use of undefined constant id - assumed 'id' /usr/share/nginx/html/thinkphp/lunhui/Application/Home/Controller/BaseController.class.php 第 63 行.
NOTIC: [8] Use of undefined constant id - assumed 'id' /usr/share/nginx/html/thinkphp/lunhui/Application/Home/Controller/BaseController.class.php 第 63 行.
NOTIC: [8] Use of undefined constant id - assumed 'id' /usr/share/nginx/html/thinkphp/lunhui/Application/Home/Controller/BaseController.class.php 第 63 行.
SQL: SHOW COLUMNS FROM `web_carousel_list` [ RunTime:0.0125s ]
SQL: SELECT * FROM `web_carousel_list` WHERE ( img != '' and state > 0 ) ORDER BY orderby  [ RunTime:0.1725s ]
SQL: SHOW COLUMNS FROM `web_article_cate` [ RunTime:0.0143s ]
SQL: SELECT * FROM `web_article_cate`  [ RunTime:0.0005s ]
SQL: SHOW COLUMNS FROM `web_link` [ RunTime:0.0090s ]
SQL: SELECT * FROM `web_link` WHERE ( state = 1 ) ORDER BY orderby  [ RunTime:0.0006s ]
SQL: SHOW COLUMNS FROM `web_liuyan` [ RunTime:0.0008s ]
SQL: SELECT * FROM `web_liuyan` ORDER BY add_time desc LIMIT 4   [ RunTime:0.0011s ]
SQL: SELECT `a_id` FROM `web_article` WHERE ( a_views > 0 )  [ RunTime:0.0006s ]
SQL: SELECT * FROM `web_article` WHERE `a_id` = 4 LIMIT 1   [ RunTime:0.0119s ]
SQL: SELECT * FROM `web_article` WHERE `a_id` = 66 LIMIT 1   [ RunTime:0.0004s ]
SQL: SELECT * FROM `web_article` WHERE `a_id` = 68 LIMIT 1   [ RunTime:0.0003s ]
SQL: SELECT `a_id`,`photo`,`a_title`,`a_remark`,`a_keyword`,`cate_id`,`create_time`,`last_time`,`a_content`,`a_views`,`a_type`,`a_red`,`a_from`,`a_writer`,`create_ip` FROM `web_article` WHERE ( a_views > 0 ) ORDER BY a_views desc LIMIT 12   [ RunTime:0.0010s ]
SQL: SHOW COLUMNS FROM `web_admin` [ RunTime:0.0017s ]
SQL: SHOW COLUMNS FROM `web_dongtan` [ RunTime:0.0010s ]
SQL: SELECT admin.id AS id,admin.username AS username,dongtan.u_id AS u_id,dongtan.d_id AS d_id,dongtan.d_content AS d_content,dongtan.time AS time FROM web_admin admin  JOIN web_dongtan dongtan ON admin.id = dongtan.u_id ORDER BY dongtan.d_id desc LIMIT 5   [ RunTime:0.0401s ]
SQL: SHOW COLUMNS FROM `web_article` [ RunTime:0.0016s ]
SQL: SHOW COLUMNS FROM `web_article_cate` [ RunTime:0.0009s ]
SQL: SELECT * FROM `web_article_cate`  [ RunTime:0.0001s ]
SQL: SELECT COUNT(*) AS tp_count FROM `web_article` LIMIT 1   [ RunTime:0.0246s ]
SQL: SELECT * FROM `web_article` INNER JOIN web_article_cate ON web_article_cate.cate_id = web_article.cate_id  ORDER BY a_id desc LIMIT 0,3   [ RunTime:0.0006s ]
INFO: [ view_parse ] --START--
INFO: [ template_filter ] --START--
INFO: Run Behavior\ContentReplaceBehavior [ RunTime:0.000177s ]
INFO: [ template_filter ] --END-- [ RunTime:0.000263s ]
NOTIC: [8] Undefined variable: v /usr/share/nginx/html/thinkphp/lunhui/Application/Runtime/Cache/Home/2a94b8bda04ff446dcedd42276fc99ee.php 第 187 行.
NOTIC: [8] Undefined variable: v /usr/share/nginx/html/thinkphp/lunhui/Application/Runtime/Cache/Home/2a94b8bda04ff446dcedd42276fc99ee.php 第 187 行.
NOTIC: [8] Undefined variable: v /usr/share/nginx/html/thinkphp/lunhui/Application/Runtime/Cache/Home/2a94b8bda04ff446dcedd42276fc99ee.php 第 187 行.
INFO: Run Behavior\ParseTemplateBehavior [ RunTime:0.253257s ]
INFO: [ view_parse ] --END-- [ RunTime:0.253361s ]
INFO: [ view_filter ] --START--
INFO: Run Behavior\WriteHtmlCacheBehavior [ RunTime:0.003703s ]
INFO: [ view_filter ] --END-- [ RunTime:0.003762s ]
INFO: [ app_end ] --START--
INFO: Run Behavior\ShowPageTraceBehavior [ RunTime:0.022247s ]
INFO: [ app_end ] --END-- [ RunTime:0.022421s ]

[ 2016-03-22T03:42:48+08:00 ] ::1 /Uploads/images/2016-01-04/5689ced6df25d.jpg
INFO: [ app_init ] --START--
INFO: Run Behavior\BuildLiteBehavior [ RunTime:0.000020s ]
INFO: [ app_init ] --END-- [ RunTime:0.000147s ]

[ 2016-03-22T03:42:54+08:00 ] ::1 /Index/dongtan.html
INFO: [ app_init ] --START--
INFO: Run Behavior\BuildLiteBehavior [ RunTime:0.000039s ]
INFO: [ app_init ] --END-- [ RunTime:0.000297s ]
INFO: [ app_begin ] --START--
INFO: Run Behavior\ReadHtmlCacheBehavior [ RunTime:0.000058s ]
INFO: [ app_begin ] --END-- [ RunTime:0.000115s ]
NOTIC: [8192] Function eregi() is deprecated /usr/share/nginx/html/thinkphp/lunhui/Application/Common/Common/function.php 第 63 行.
NOTIC: [8192] Function eregi() is deprecated /usr/share/nginx/html/thinkphp/lunhui/Application/Common/Common/function.php 第 65 行.
NOTIC: [8192] Function eregi() is deprecated /usr/share/nginx/html/thinkphp/lunhui/Application/Common/Common/function.php 第 67 行.
NOTIC: [8192] Function eregi() is deprecated /usr/share/nginx/html/thinkphp/lunhui/Application/Common/Common/function.php 第 69 行.
NOTIC: [8192] Function eregi() is deprecated /usr/share/nginx/html/thinkphp/lunhui/Application/Common/Common/function.php 第 71 行.
NOTIC: [8192] Function eregi() is deprecated /usr/share/nginx/html/thinkphp/lunhui/Application/Common/Common/function.php 第 73 行.
NOTIC: [8192] Function eregi() is deprecated /usr/share/nginx/html/thinkphp/lunhui/Application/Common/Common/function.php 第 75 行.
NOTIC: [8192] Function eregi() is deprecated /usr/share/nginx/html/thinkphp/lunhui/Application/Common/Common/function.php 第 77 行.
NOTIC: [8192] Function eregi() is deprecated /usr/share/nginx/html/thinkphp/lunhui/Application/Common/Common/function.php 第 79 行.
NOTIC: [8192] Function eregi() is deprecated /usr/share/nginx/html/thinkphp/lunhui/Application/Common/Common/function.php 第 81 行.
NOTIC: [8192] Function eregi() is deprecated /usr/share/nginx/html/thinkphp/lunhui/Application/Common/Common/function.php 第 83 行.
NOTIC: [8192] Function eregi() is deprecated /usr/share/nginx/html/thinkphp/lunhui/Application/Common/Common/function.php 第 85 行.
NOTIC: [8192] Function ereg() is deprecated /usr/share/nginx/html/thinkphp/lunhui/Application/Common/Common/function.php 第 87 行.
NOTIC: [8192] Function eregi() is deprecated /usr/share/nginx/html/thinkphp/lunhui/Application/Common/Common/function.php 第 89 行.
NOTIC: [8192] Function eregi() is deprecated /usr/share/nginx/html/thinkphp/lunhui/Application/Common/Common/function.php 第 91 行.
NOTIC: [8192] Function eregi() is deprecated /usr/share/nginx/html/thinkphp/lunhui/Application/Common/Common/function.php 第 93 行.
NOTIC: [8192] Function eregi() is deprecated /usr/share/nginx/html/thinkphp/lunhui/Application/Common/Common/function.php 第 95 行.
NOTIC: [8192] Function eregi() is deprecated /usr/share/nginx/html/thinkphp/lunhui/Application/Common/Common/function.php 第 97 行.
NOTIC: [8192] Function eregi() is deprecated /usr/share/nginx/html/thinkphp/lunhui/Application/Common/Common/function.php 第 99 行.
NOTIC: [8192] Function eregi() is deprecated /usr/share/nginx/html/thinkphp/lunhui/Application/Common/Common/function.php 第 101 行.
NOTIC: [8192] Function eregi() is deprecated /usr/share/nginx/html/thinkphp/lunhui/Application/Common/Common/function.php 第 103 行.
NOTIC: [8192] Function eregi() is deprecated /usr/share/nginx/html/thinkphp/lunhui/Application/Common/Common/function.php 第 105 行.
NOTIC: [8192] Function eregi() is deprecated /usr/share/nginx/html/thinkphp/lunhui/Application/Common/Common/function.php 第 107 行.
NOTIC: [8192] Function eregi() is deprecated /usr/share/nginx/html/thinkphp/lunhui/Application/Common/Common/function.php 第 109 行.
NOTIC: [8192] Function eregi() is deprecated /usr/share/nginx/html/thinkphp/lunhui/Application/Common/Common/function.php 第 111 行.
SQL: SHOW COLUMNS FROM `web_article` [ RunTime:0.0171s ]
SQL: SELECT `a_keyword`,`a_id`,`create_time` FROM `web_article` WHERE ( a_keyword != '' and a_views > 0 ) ORDER BY create_time desc LIMIT 50   [ RunTime:0.0003s ]
NOTIC: [8] Use of undefined constant id - assumed 'id' /usr/share/nginx/html/thinkphp/lunhui/Application/Home/Controller/BaseController.class.php 第 63 行.
NOTIC: [8] Use of undefined constant id - assumed 'id' /usr/share/nginx/html/thinkphp/lunhui/Application/Home/Controller/BaseController.class.php 第 63 行.
NOTIC: [8] Use of undefined constant id - assumed 'id' /usr/share/nginx/html/thinkphp/lunhui/Application/Home/Controller/BaseController.class.php 第 63 行.
NOTIC: [8] Use of undefined constant id - assumed 'id' /usr/share/nginx/html/thinkphp/lunhui/Application/Home/Controller/BaseController.class.php 第 63 行.
NOTIC: [8] Use of undefined constant id - assumed 'id' /usr/share/nginx/html/thinkphp/lunhui/Application/Home/Controller/BaseController.class.php 第 63 行.
NOTIC: [8] Use of undefined constant id - assumed 'id' /usr/share/nginx/html/thinkphp/lunhui/Application/Home/Controller/BaseController.class.php 第 63 行.
NOTIC: [8] Use of undefined constant id - assumed 'id' /usr/share/nginx/html/thinkphp/lunhui/Application/Home/Controller/BaseController.class.php 第 63 行.
NOTIC: [8] Use of undefined constant id - assumed 'id' /usr/share/nginx/html/thinkphp/lunhui/Application/Home/Controller/BaseController.class.php 第 63 行.
NOTIC: [8] Use of undefined constant id - assumed 'id' /usr/share/nginx/html/thinkphp/lunhui/Application/Home/Controller/BaseController.class.php 第 63 行.
NOTIC: [8] Use of undefined constant id - assumed 'id' /usr/share/nginx/html/thinkphp/lunhui/Application/Home/Controller/BaseController.class.php 第 63 行.
NOTIC: [8] Use of undefined constant id - assumed 'id' /usr/share/nginx/html/thinkphp/lunhui/Application/Home/Controller/BaseController.class.php 第 63 行.
SQL: SHOW COLUMNS FROM `web_carousel_list` [ RunTime:0.0012s ]
SQL: SELECT * FROM `web_carousel_list` WHERE ( img != '' and state > 0 ) ORDER BY orderby  [ RunTime:0.0001s ]
SQL: SHOW COLUMNS FROM `web_article_cate` [ RunTime:0.0016s ]
SQL: SELECT * FROM `web_article_cate`  [ RunTime:0.0002s ]
SQL: SHOW COLUMNS FROM `web_link` [ RunTime:0.0007s ]
SQL: SELECT * FROM `web_link` WHERE ( state = 1 ) ORDER BY orderby  [ RunTime:0.0001s ]
SQL: SHOW COLUMNS FROM `web_liuyan` [ RunTime:0.0006s ]
SQL: SELECT * FROM `web_liuyan` ORDER BY add_time desc LIMIT 4   [ RunTime:0.0001s ]
SQL: SELECT `a_id` FROM `web_article` WHERE ( a_views > 0 )  [ RunTime:0.0001s ]
SQL: SELECT * FROM `web_article` WHERE `a_id` = 4 LIMIT 1   [ RunTime:0.0001s ]
SQL: SELECT * FROM `web_article` WHERE `a_id` = 59 LIMIT 1   [ RunTime:0.0004s ]
SQL: SELECT * FROM `web_article` WHERE `a_id` = 61 LIMIT 1   [ RunTime:0.0003s ]
SQL: SELECT `a_id`,`photo`,`a_title`,`a_remark`,`a_keyword`,`cate_id`,`create_time`,`last_time`,`a_content`,`a_views`,`a_type`,`a_red`,`a_from`,`a_writer`,`create_ip` FROM `web_article` WHERE ( a_views > 0 ) ORDER BY a_views desc LIMIT 12   [ RunTime:0.0001s ]
SQL: SHOW COLUMNS FROM `web_admin` [ RunTime:0.0005s ]
SQL: SHOW COLUMNS FROM `web_dongtan` [ RunTime:0.0009s ]
SQL: SELECT admin.id AS id,admin.username AS username,dongtan.u_id AS u_id,dongtan.d_id AS d_id,dongtan.d_content AS d_content,dongtan.time AS time FROM web_admin admin  JOIN web_dongtan dongtan ON admin.id = dongtan.u_id ORDER BY dongtan.d_id desc LIMIT 5   [ RunTime:0.0002s ]

[ 2016-03-22T03:43:03+08:00 ] ::1 /Index/login.html
INFO: [ app_init ] --START--
INFO: Run Behavior\BuildLiteBehavior [ RunTime:0.000020s ]
INFO: [ app_init ] --END-- [ RunTime:0.000146s ]
INFO: [ app_begin ] --START--
INFO: Run Behavior\ReadHtmlCacheBehavior [ RunTime:0.000089s ]
INFO: [ app_begin ] --END-- [ RunTime:0.000157s ]
NOTIC: [8192] Function eregi() is deprecated /usr/share/nginx/html/thinkphp/lunhui/Application/Common/Common/function.php 第 63 行.
NOTIC: [8192] Function eregi() is deprecated /usr/share/nginx/html/thinkphp/lunhui/Application/Common/Common/function.php 第 65 行.
NOTIC: [8192] Function eregi() is deprecated /usr/share/nginx/html/thinkphp/lunhui/Application/Common/Common/function.php 第 67 行.
NOTIC: [8192] Function eregi() is deprecated /usr/share/nginx/html/thinkphp/lunhui/Application/Common/Common/function.php 第 69 行.
NOTIC: [8192] Function eregi() is deprecated /usr/share/nginx/html/thinkphp/lunhui/Application/Common/Common/function.php 第 71 行.
NOTIC: [8192] Function eregi() is deprecated /usr/share/nginx/html/thinkphp/lunhui/Application/Common/Common/function.php 第 73 行.
NOTIC: [8192] Function eregi() is deprecated /usr/share/nginx/html/thinkphp/lunhui/Application/Common/Common/function.php 第 75 行.
NOTIC: [8192] Function eregi() is deprecated /usr/share/nginx/html/thinkphp/lunhui/Application/Common/Common/function.php 第 77 行.
NOTIC: [8192] Function eregi() is deprecated /usr/share/nginx/html/thinkphp/lunhui/Application/Common/Common/function.php 第 79 行.
NOTIC: [8192] Function eregi() is deprecated /usr/share/nginx/html/thinkphp/lunhui/Application/Common/Common/function.php 第 81 行.
NOTIC: [8192] Function eregi() is deprecated /usr/share/nginx/html/thinkphp/lunhui/Application/Common/Common/function.php 第 83 行.
NOTIC: [8192] Function eregi() is deprecated /usr/share/nginx/html/thinkphp/lunhui/Application/Common/Common/function.php 第 85 行.
NOTIC: [8192] Function ereg() is deprecated /usr/share/nginx/html/thinkphp/lunhui/Application/Common/Common/function.php 第 87 行.
NOTIC: [8192] Function eregi() is deprecated /usr/share/nginx/html/thinkphp/lunhui/Application/Common/Common/function.php 第 89 行.
NOTIC: [8192] Function eregi() is deprecated /usr/share/nginx/html/thinkphp/lunhui/Application/Common/Common/function.php 第 91 行.
NOTIC: [8192] Function eregi() is deprecated /usr/share/nginx/html/thinkphp/lunhui/Application/Common/Common/function.php 第 93 行.
NOTIC: [8192] Function eregi() is deprecated /usr/share/nginx/html/thinkphp/lunhui/Application/Common/Common/function.php 第 95 行.
NOTIC: [8192] Function eregi() is deprecated /usr/share/nginx/html/thinkphp/lunhui/Application/Common/Common/function.php 第 97 行.
NOTIC: [8192] Function eregi() is deprecated /usr/share/nginx/html/thinkphp/lunhui/Application/Common/Common/function.php 第 99 行.
NOTIC: [8192] Function eregi() is deprecated /usr/share/nginx/html/thinkphp/lunhui/Application/Common/Common/function.php 第 101 行.
NOTIC: [8192] Function eregi() is deprecated /usr/share/nginx/html/thinkphp/lunhui/Application/Common/Common/function.php 第 103 行.
NOTIC: [8192] Function eregi() is deprecated /usr/share/nginx/html/thinkphp/lunhui/Application/Common/Common/function.php 第 105 行.
NOTIC: [8192] Function eregi() is deprecated /usr/share/nginx/html/thinkphp/lunhui/Application/Common/Common/function.php 第 107 行.
NOTIC: [8192] Function eregi() is deprecated /usr/share/nginx/html/thinkphp/lunhui/Application/Common/Common/function.php 第 109 行.
NOTIC: [8192] Function eregi() is deprecated /usr/share/nginx/html/thinkphp/lunhui/Application/Common/Common/function.php 第 111 行.
SQL: SHOW COLUMNS FROM `web_article` [ RunTime:0.0009s ]
SQL: SELECT `a_keyword`,`a_id`,`create_time` FROM `web_article` WHERE ( a_keyword != '' and a_views > 0 ) ORDER BY create_time desc LIMIT 50   [ RunTime:0.0002s ]
NOTIC: [8] Use of undefined constant id - assumed 'id' /usr/share/nginx/html/thinkphp/lunhui/Application/Home/Controller/BaseController.class.php 第 63 行.
NOTIC: [8] Use of undefined constant id - assumed 'id' /usr/share/nginx/html/thinkphp/lunhui/Application/Home/Controller/BaseController.class.php 第 63 行.
NOTIC: [8] Use of undefined constant id - assumed 'id' /usr/share/nginx/html/thinkphp/lunhui/Application/Home/Controller/BaseController.class.php 第 63 行.
NOTIC: [8] Use of undefined constant id - assumed 'id' /usr/share/nginx/html/thinkphp/lunhui/Application/Home/Controller/BaseController.class.php 第 63 行.
NOTIC: [8] Use of undefined constant id - assumed 'id' /usr/share/nginx/html/thinkphp/lunhui/Application/Home/Controller/BaseController.class.php 第 63 行.
NOTIC: [8] Use of undefined constant id - assumed 'id' /usr/share/nginx/html/thinkphp/lunhui/Application/Home/Controller/BaseController.class.php 第 63 行.
NOTIC: [8] Use of undefined constant id - assumed 'id' /usr/share/nginx/html/thinkphp/lunhui/Application/Home/Controller/BaseController.class.php 第 63 行.
NOTIC: [8] Use of undefined constant id - assumed 'id' /usr/share/nginx/html/thinkphp/lunhui/Application/Home/Controller/BaseController.class.php 第 63 行.
NOTIC: [8] Use of undefined constant id - assumed 'id' /usr/share/nginx/html/thinkphp/lunhui/Application/Home/Controller/BaseController.class.php 第 63 行.
NOTIC: [8] Use of undefined constant id - assumed 'id' /usr/share/nginx/html/thinkphp/lunhui/Application/Home/Controller/BaseController.class.php 第 63 行.
NOTIC: [8] Use of undefined constant id - assumed 'id' /usr/share/nginx/html/thinkphp/lunhui/Application/Home/Controller/BaseController.class.php 第 63 行.
SQL: SHOW COLUMNS FROM `web_carousel_list` [ RunTime:0.0015s ]
SQL: SELECT * FROM `web_carousel_list` WHERE ( img != '' and state > 0 ) ORDER BY orderby  [ RunTime:0.0002s ]
SQL: SHOW COLUMNS FROM `web_article_cate` [ RunTime:0.0010s ]
SQL: SELECT * FROM `web_article_cate`  [ RunTime:0.0002s ]
SQL: SHOW COLUMNS FROM `web_link` [ RunTime:0.0013s ]
SQL: SELECT * FROM `web_link` WHERE ( state = 1 ) ORDER BY orderby  [ RunTime:0.0001s ]
SQL: SHOW COLUMNS FROM `web_liuyan` [ RunTime:0.0007s ]
SQL: SELECT * FROM `web_liuyan` ORDER BY add_time desc LIMIT 4   [ RunTime:0.0001s ]
SQL: SELECT `a_id` FROM `web_article` WHERE ( a_views > 0 )  [ RunTime:0.0001s ]
SQL: SELECT * FROM `web_article` WHERE `a_id` = 58 LIMIT 1   [ RunTime:0.0004s ]
SQL: SELECT * FROM `web_article` WHERE `a_id` = 61 LIMIT 1   [ RunTime:0.0001s ]
SQL: SELECT * FROM `web_article` WHERE `a_id` = 62 LIMIT 1   [ RunTime:0.0003s ]
SQL: SELECT `a_id`,`photo`,`a_title`,`a_remark`,`a_keyword`,`cate_id`,`create_time`,`last_time`,`a_content`,`a_views`,`a_type`,`a_red`,`a_from`,`a_writer`,`create_ip` FROM `web_article` WHERE ( a_views > 0 ) ORDER BY a_views desc LIMIT 12   [ RunTime:0.0002s ]
SQL: SHOW COLUMNS FROM `web_admin` [ RunTime:0.0007s ]
SQL: SHOW COLUMNS FROM `web_dongtan` [ RunTime:0.0006s ]
SQL: SELECT admin.id AS id,admin.username AS username,dongtan.u_id AS u_id,dongtan.d_id AS d_id,dongtan.d_content AS d_content,dongtan.time AS time FROM web_admin admin  JOIN web_dongtan dongtan ON admin.id = dongtan.u_id ORDER BY dongtan.d_id desc LIMIT 5   [ RunTime:0.0001s ]
SQL: SELECT * FROM `web_admin` WHERE `user` = 'chen' AND `password` = '5887a852598473f144d0accf88dc4d7c' AND `state` = 1  [ RunTime:0.0008s ]

[ 2016-03-22T03:43:03+08:00 ] ::1 /index/index.html
INFO: [ app_init ] --START--
INFO: Run Behavior\BuildLiteBehavior [ RunTime:0.000013s ]
INFO: [ app_init ] --END-- [ RunTime:0.000088s ]
INFO: [ app_begin ] --START--
INFO: Run Behavior\ReadHtmlCacheBehavior [ RunTime:0.000080s ]
INFO: [ app_begin ] --END-- [ RunTime:0.000152s ]
NOTIC: [8192] Function eregi() is deprecated /usr/share/nginx/html/thinkphp/lunhui/Application/Common/Common/function.php 第 63 行.
NOTIC: [8192] Function eregi() is deprecated /usr/share/nginx/html/thinkphp/lunhui/Application/Common/Common/function.php 第 65 行.
NOTIC: [8192] Function eregi() is deprecated /usr/share/nginx/html/thinkphp/lunhui/Application/Common/Common/function.php 第 67 行.
NOTIC: [8192] Function eregi() is deprecated /usr/share/nginx/html/thinkphp/lunhui/Application/Common/Common/function.php 第 69 行.
NOTIC: [8192] Function eregi() is deprecated /usr/share/nginx/html/thinkphp/lunhui/Application/Common/Common/function.php 第 71 行.
NOTIC: [8192] Function eregi() is deprecated /usr/share/nginx/html/thinkphp/lunhui/Application/Common/Common/function.php 第 73 行.
NOTIC: [8192] Function eregi() is deprecated /usr/share/nginx/html/thinkphp/lunhui/Application/Common/Common/function.php 第 75 行.
NOTIC: [8192] Function eregi() is deprecated /usr/share/nginx/html/thinkphp/lunhui/Application/Common/Common/function.php 第 77 行.
NOTIC: [8192] Function eregi() is deprecated /usr/share/nginx/html/thinkphp/lunhui/Application/Common/Common/function.php 第 79 行.
NOTIC: [8192] Function eregi() is deprecated /usr/share/nginx/html/thinkphp/lunhui/Application/Common/Common/function.php 第 81 行.
NOTIC: [8192] Function eregi() is deprecated /usr/share/nginx/html/thinkphp/lunhui/Application/Common/Common/function.php 第 83 行.
NOTIC: [8192] Function eregi() is deprecated /usr/share/nginx/html/thinkphp/lunhui/Application/Common/Common/function.php 第 85 行.
NOTIC: [8192] Function ereg() is deprecated /usr/share/nginx/html/thinkphp/lunhui/Application/Common/Common/function.php 第 87 行.
NOTIC: [8192] Function eregi() is deprecated /usr/share/nginx/html/thinkphp/lunhui/Application/Common/Common/function.php 第 89 行.
NOTIC: [8192] Function eregi() is deprecated /usr/share/nginx/html/thinkphp/lunhui/Application/Common/Common/function.php 第 91 行.
NOTIC: [8192] Function eregi() is deprecated /usr/share/nginx/html/thinkphp/lunhui/Application/Common/Common/function.php 第 93 行.
NOTIC: [8192] Function eregi() is deprecated /usr/share/nginx/html/thinkphp/lunhui/Application/Common/Common/function.php 第 95 行.
NOTIC: [8192] Function eregi() is deprecated /usr/share/nginx/html/thinkphp/lunhui/Application/Common/Common/function.php 第 97 行.
NOTIC: [8192] Function eregi() is deprecated /usr/share/nginx/html/thinkphp/lunhui/Application/Common/Common/function.php 第 99 行.
NOTIC: [8192] Function eregi() is deprecated /usr/share/nginx/html/thinkphp/lunhui/Application/Common/Common/function.php 第 101 行.
NOTIC: [8192] Function eregi() is deprecated /usr/share/nginx/html/thinkphp/lunhui/Application/Common/Common/function.php 第 103 行.
NOTIC: [8192] Function eregi() is deprecated /usr/share/nginx/html/thinkphp/lunhui/Application/Common/Common/function.php 第 105 行.
NOTIC: [8192] Function eregi() is deprecated /usr/share/nginx/html/thinkphp/lunhui/Application/Common/Common/function.php 第 107 行.
NOTIC: [8192] Function eregi() is deprecated /usr/share/nginx/html/thinkphp/lunhui/Application/Common/Common/function.php 第 109 行.
NOTIC: [8192] Function eregi() is deprecated /usr/share/nginx/html/thinkphp/lunhui/Application/Common/Common/function.php 第 111 行.
SQL: SHOW COLUMNS FROM `web_article` [ RunTime:0.0009s ]
SQL: SELECT `a_keyword`,`a_id`,`create_time` FROM `web_article` WHERE ( a_keyword != '' and a_views > 0 ) ORDER BY create_time desc LIMIT 50   [ RunTime:0.0001s ]
NOTIC: [8] Use of undefined constant id - assumed 'id' /usr/share/nginx/html/thinkphp/lunhui/Application/Home/Controller/BaseController.class.php 第 63 行.
NOTIC: [8] Use of undefined constant id - assumed 'id' /usr/share/nginx/html/thinkphp/lunhui/Application/Home/Controller/BaseController.class.php 第 63 行.
NOTIC: [8] Use of undefined constant id - assumed 'id' /usr/share/nginx/html/thinkphp/lunhui/Application/Home/Controller/BaseController.class.php 第 63 行.
NOTIC: [8] Use of undefined constant id - assumed 'id' /usr/share/nginx/html/thinkphp/lunhui/Application/Home/Controller/BaseController.class.php 第 63 行.
NOTIC: [8] Use of undefined constant id - assumed 'id' /usr/share/nginx/html/thinkphp/lunhui/Application/Home/Controller/BaseController.class.php 第 63 行.
NOTIC: [8] Use of undefined constant id - assumed 'id' /usr/share/nginx/html/thinkphp/lunhui/Application/Home/Controller/BaseController.class.php 第 63 行.
NOTIC: [8] Use of undefined constant id - assumed 'id' /usr/share/nginx/html/thinkphp/lunhui/Application/Home/Controller/BaseController.class.php 第 63 行.
NOTIC: [8] Use of undefined constant id - assumed 'id' /usr/share/nginx/html/thinkphp/lunhui/Application/Home/Controller/BaseController.class.php 第 63 行.
NOTIC: [8] Use of undefined constant id - assumed 'id' /usr/share/nginx/html/thinkphp/lunhui/Application/Home/Controller/BaseController.class.php 第 63 行.
NOTIC: [8] Use of undefined constant id - assumed 'id' /usr/share/nginx/html/thinkphp/lunhui/Application/Home/Controller/BaseController.class.php 第 63 行.
NOTIC: [8] Use of undefined constant id - assumed 'id' /usr/share/nginx/html/thinkphp/lunhui/Application/Home/Controller/BaseController.class.php 第 63 行.
SQL: SHOW COLUMNS FROM `web_carousel_list` [ RunTime:0.0010s ]
SQL: SELECT * FROM `web_carousel_list` WHERE ( img != '' and state > 0 ) ORDER BY orderby  [ RunTime:0.0001s ]
SQL: SHOW COLUMNS FROM `web_article_cate` [ RunTime:0.0018s ]
SQL: SELECT * FROM `web_article_cate`  [ RunTime:0.0001s ]
SQL: SHOW COLUMNS FROM `web_link` [ RunTime:0.0009s ]
SQL: SELECT * FROM `web_link` WHERE ( state = 1 ) ORDER BY orderby  [ RunTime:0.0001s ]
SQL: SHOW COLUMNS FROM `web_liuyan` [ RunTime:0.0011s ]
SQL: SELECT * FROM `web_liuyan` ORDER BY add_time desc LIMIT 4   [ RunTime:0.0001s ]
SQL: SELECT `a_id` FROM `web_article` WHERE ( a_views > 0 )  [ RunTime:0.0001s ]
SQL: SELECT * FROM `web_article` WHERE `a_id` = 58 LIMIT 1   [ RunTime:0.0001s ]
SQL: SELECT * FROM `web_article` WHERE `a_id` = 59 LIMIT 1   [ RunTime:0.0001s ]
SQL: SELECT * FROM `web_article` WHERE `a_id` = 60 LIMIT 1   [ RunTime:0.0003s ]
SQL: SELECT `a_id`,`photo`,`a_title`,`a_remark`,`a_keyword`,`cate_id`,`create_time`,`last_time`,`a_content`,`a_views`,`a_type`,`a_red`,`a_from`,`a_writer`,`create_ip` FROM `web_article` WHERE ( a_views > 0 ) ORDER BY a_views desc LIMIT 12   [ RunTime:0.0001s ]
SQL: SHOW COLUMNS FROM `web_admin` [ RunTime:0.0009s ]
SQL: SHOW COLUMNS FROM `web_dongtan` [ RunTime:0.0008s ]
SQL: SELECT admin.id AS id,admin.username AS username,dongtan.u_id AS u_id,dongtan.d_id AS d_id,dongtan.d_content AS d_content,dongtan.time AS time FROM web_admin admin  JOIN web_dongtan dongtan ON admin.id = dongtan.u_id ORDER BY dongtan.d_id desc LIMIT 5   [ RunTime:0.0002s ]
SQL: SHOW COLUMNS FROM `web_article` [ RunTime:0.0016s ]
SQL: SHOW COLUMNS FROM `web_article_cate` [ RunTime:0.0007s ]
SQL: SELECT * FROM `web_article_cate`  [ RunTime:0.0001s ]
SQL: SELECT COUNT(*) AS tp_count FROM `web_article` LIMIT 1   [ RunTime:0.0001s ]
SQL: SELECT * FROM `web_article` INNER JOIN web_article_cate ON web_article_cate.cate_id = web_article.cate_id  ORDER BY a_id desc LIMIT 0,3   [ RunTime:0.0001s ]
INFO: [ view_parse ] --START--
INFO: [ template_filter ] --START--
INFO: Run Behavior\ContentReplaceBehavior [ RunTime:0.000162s ]
INFO: [ template_filter ] --END-- [ RunTime:0.000251s ]
NOTIC: [8] Undefined variable: v /usr/share/nginx/html/thinkphp/lunhui/Application/Runtime/Cache/Home/2a94b8bda04ff446dcedd42276fc99ee.php 第 187 行.
NOTIC: [8] Undefined variable: v /usr/share/nginx/html/thinkphp/lunhui/Application/Runtime/Cache/Home/2a94b8bda04ff446dcedd42276fc99ee.php 第 187 行.
NOTIC: [8] Undefined variable: v /usr/share/nginx/html/thinkphp/lunhui/Application/Runtime/Cache/Home/2a94b8bda04ff446dcedd42276fc99ee.php 第 187 行.
INFO: Run Behavior\ParseTemplateBehavior [ RunTime:0.027370s ]
INFO: [ view_parse ] --END-- [ RunTime:0.027436s ]
INFO: [ view_filter ] --START--
INFO: Run Behavior\WriteHtmlCacheBehavior [ RunTime:0.000060s ]
INFO: [ view_filter ] --END-- [ RunTime:0.000098s ]
INFO: [ app_end ] --START--
INFO: Run Behavior\ShowPageTraceBehavior [ RunTime:0.000043s ]
INFO: [ app_end ] --END-- [ RunTime:0.000083s ]

[ 2016-03-22T03:43:47+08:00 ] ::1 /Index/dongtan.html
INFO: [ app_init ] --START--
INFO: Run Behavior\BuildLiteBehavior [ RunTime:0.000022s ]
INFO: [ app_init ] --END-- [ RunTime:0.000152s ]
INFO: [ app_begin ] --START--
INFO: Run Behavior\ReadHtmlCacheBehavior [ RunTime:0.000072s ]
INFO: [ app_begin ] --END-- [ RunTime:0.000144s ]
NOTIC: [8192] Function eregi() is deprecated /usr/share/nginx/html/thinkphp/lunhui/Application/Common/Common/function.php 第 63 行.
NOTIC: [8192] Function eregi() is deprecated /usr/share/nginx/html/thinkphp/lunhui/Application/Common/Common/function.php 第 65 行.
NOTIC: [8192] Function eregi() is deprecated /usr/share/nginx/html/thinkphp/lunhui/Application/Common/Common/function.php 第 67 行.
NOTIC: [8192] Function eregi() is deprecated /usr/share/nginx/html/thinkphp/lunhui/Application/Common/Common/function.php 第 69 行.
NOTIC: [8192] Function eregi() is deprecated /usr/share/nginx/html/thinkphp/lunhui/Application/Common/Common/function.php 第 71 行.
NOTIC: [8192] Function eregi() is deprecated /usr/share/nginx/html/thinkphp/lunhui/Application/Common/Common/function.php 第 73 行.
NOTIC: [8192] Function eregi() is deprecated /usr/share/nginx/html/thinkphp/lunhui/Application/Common/Common/function.php 第 75 行.
NOTIC: [8192] Function eregi() is deprecated /usr/share/nginx/html/thinkphp/lunhui/Application/Common/Common/function.php 第 77 行.
NOTIC: [8192] Function eregi() is deprecated /usr/share/nginx/html/thinkphp/lunhui/Application/Common/Common/function.php 第 79 行.
NOTIC: [8192] Function eregi() is deprecated /usr/share/nginx/html/thinkphp/lunhui/Application/Common/Common/function.php 第 81 行.
NOTIC: [8192] Function eregi() is deprecated /usr/share/nginx/html/thinkphp/lunhui/Application/Common/Common/function.php 第 83 行.
NOTIC: [8192] Function eregi() is deprecated /usr/share/nginx/html/thinkphp/lunhui/Application/Common/Common/function.php 第 85 行.
NOTIC: [8192] Function ereg() is deprecated /usr/share/nginx/html/thinkphp/lunhui/Application/Common/Common/function.php 第 87 行.
NOTIC: [8192] Function eregi() is deprecated /usr/share/nginx/html/thinkphp/lunhui/Application/Common/Common/function.php 第 89 行.
NOTIC: [8192] Function eregi() is deprecated /usr/share/nginx/html/thinkphp/lunhui/Application/Common/Common/function.php 第 91 行.
NOTIC: [8192] Function eregi() is deprecated /usr/share/nginx/html/thinkphp/lunhui/Application/Common/Common/function.php 第 93 行.
NOTIC: [8192] Function eregi() is deprecated /usr/share/nginx/html/thinkphp/lunhui/Application/Common/Common/function.php 第 95 行.
NOTIC: [8192] Function eregi() is deprecated /usr/share/nginx/html/thinkphp/lunhui/Application/Common/Common/function.php 第 97 行.
NOTIC: [8192] Function eregi() is deprecated /usr/share/nginx/html/thinkphp/lunhui/Application/Common/Common/function.php 第 99 行.
NOTIC: [8192] Function eregi() is deprecated /usr/share/nginx/html/thinkphp/lunhui/Application/Common/Common/function.php 第 101 行.
NOTIC: [8192] Function eregi() is deprecated /usr/share/nginx/html/thinkphp/lunhui/Application/Common/Common/function.php 第 103 行.
NOTIC: [8192] Function eregi() is deprecated /usr/share/nginx/html/thinkphp/lunhui/Application/Common/Common/function.php 第 105 行.
NOTIC: [8192] Function eregi() is deprecated /usr/share/nginx/html/thinkphp/lunhui/Application/Common/Common/function.php 第 107 行.
NOTIC: [8192] Function eregi() is deprecated /usr/share/nginx/html/thinkphp/lunhui/Application/Common/Common/function.php 第 109 行.
NOTIC: [8192] Function eregi() is deprecated /usr/share/nginx/html/thinkphp/lunhui/Application/Common/Common/function.php 第 111 行.
SQL: SHOW COLUMNS FROM `web_article` [ RunTime:0.0010s ]
SQL: SELECT `a_keyword`,`a_id`,`create_time` FROM `web_article` WHERE ( a_keyword != '' and a_views > 0 ) ORDER BY create_time desc LIMIT 50   [ RunTime:0.0002s ]
NOTIC: [8] Use of undefined constant id - assumed 'id' /usr/share/nginx/html/thinkphp/lunhui/Application/Home/Controller/BaseController.class.php 第 63 行.
NOTIC: [8] Use of undefined constant id - assumed 'id' /usr/share/nginx/html/thinkphp/lunhui/Application/Home/Controller/BaseController.class.php 第 63 行.
NOTIC: [8] Use of undefined constant id - assumed 'id' /usr/share/nginx/html/thinkphp/lunhui/Application/Home/Controller/BaseController.class.php 第 63 行.
NOTIC: [8] Use of undefined constant id - assumed 'id' /usr/share/nginx/html/thinkphp/lunhui/Application/Home/Controller/BaseController.class.php 第 63 行.
NOTIC: [8] Use of undefined constant id - assumed 'id' /usr/share/nginx/html/thinkphp/lunhui/Application/Home/Controller/BaseController.class.php 第 63 行.
NOTIC: [8] Use of undefined constant id - assumed 'id' /usr/share/nginx/html/thinkphp/lunhui/Application/Home/Controller/BaseController.class.php 第 63 行.
NOTIC: [8] Use of undefined constant id - assumed 'id' /usr/share/nginx/html/thinkphp/lunhui/Application/Home/Controller/BaseController.class.php 第 63 行.
NOTIC: [8] Use of undefined constant id - assumed 'id' /usr/share/nginx/html/thinkphp/lunhui/Application/Home/Controller/BaseController.class.php 第 63 行.
NOTIC: [8] Use of undefined constant id - assumed 'id' /usr/share/nginx/html/thinkphp/lunhui/Application/Home/Controller/BaseController.class.php 第 63 行.
NOTIC: [8] Use of undefined constant id - assumed 'id' /usr/share/nginx/html/thinkphp/lunhui/Application/Home/Controller/BaseController.class.php 第 63 行.
NOTIC: [8] Use of undefined constant id - assumed 'id' /usr/share/nginx/html/thinkphp/lunhui/Application/Home/Controller/BaseController.class.php 第 63 行.
SQL: SHOW COLUMNS FROM `web_carousel_list` [ RunTime:0.0009s ]
SQL: SELECT * FROM `web_carousel_list` WHERE ( img != '' and state > 0 ) ORDER BY orderby  [ RunTime:0.0001s ]
SQL: SHOW COLUMNS FROM `web_article_cate` [ RunTime:0.0010s ]
SQL: SELECT * FROM `web_article_cate`  [ RunTime:0.0001s ]
SQL: SHOW COLUMNS FROM `web_link` [ RunTime:0.0005s ]
SQL: SELECT * FROM `web_link` WHERE ( state = 1 ) ORDER BY orderby  [ RunTime:0.0001s ]
SQL: SHOW COLUMNS FROM `web_liuyan` [ RunTime:0.0006s ]
SQL: SELECT * FROM `web_liuyan` ORDER BY add_time desc LIMIT 4   [ RunTime:0.0002s ]
SQL: SELECT `a_id` FROM `web_article` WHERE ( a_views > 0 )  [ RunTime:0.0002s ]
SQL: SELECT * FROM `web_article` WHERE `a_id` = 62 LIMIT 1   [ RunTime:0.0002s ]
SQL: SELECT * FROM `web_article` WHERE `a_id` = 64 LIMIT 1   [ RunTime:0.0003s ]
SQL: SELECT * FROM `web_article` WHERE `a_id` = 66 LIMIT 1   [ RunTime:0.0002s ]
SQL: SELECT `a_id`,`photo`,`a_title`,`a_remark`,`a_keyword`,`cate_id`,`create_time`,`last_time`,`a_content`,`a_views`,`a_type`,`a_red`,`a_from`,`a_writer`,`create_ip` FROM `web_article` WHERE ( a_views > 0 ) ORDER BY a_views desc LIMIT 12   [ RunTime:0.0001s ]
SQL: SHOW COLUMNS FROM `web_admin` [ RunTime:0.0006s ]
SQL: SHOW COLUMNS FROM `web_dongtan` [ RunTime:0.0004s ]
SQL: SELECT admin.id AS id,admin.username AS username,dongtan.u_id AS u_id,dongtan.d_id AS d_id,dongtan.d_content AS d_content,dongtan.time AS time FROM web_admin admin  JOIN web_dongtan dongtan ON admin.id = dongtan.u_id ORDER BY dongtan.d_id desc LIMIT 5   [ RunTime:0.0001s ]
SQL: SHOW COLUMNS FROM `web_dongtan` [ RunTime:0.0004s ]
SQL: INSERT INTO `web_dongtan` (`d_content`,`time`,`u_id`) VALUES ('It\'s time for bed.明天学下shell脚本编程','1458589427','14') [ RunTime:0.0985s ]
SQL: SELECT admin.id AS id,admin.username AS username,dongtan.u_id AS u_id,dongtan.d_id AS d_id,dongtan.d_content AS d_content,dongtan.time AS time FROM web_admin admin  JOIN web_dongtan dongtan ON admin.id = dongtan.u_id ORDER BY dongtan.d_id desc LIMIT 5   [ RunTime:0.0007s ]

[ 2016-03-22T13:09:03+08:00 ] ::1 /
INFO: [ app_init ] --START--
INFO: Run Behavior\BuildLiteBehavior [ RunTime:0.000027s ]
INFO: [ app_init ] --END-- [ RunTime:0.011569s ]
INFO: [ app_begin ] --START--
INFO: Run Behavior\ReadHtmlCacheBehavior [ RunTime:0.010618s ]
INFO: [ app_begin ] --END-- [ RunTime:0.010710s ]
NOTIC: [8192] Function eregi() is deprecated /usr/share/nginx/html/thinkphp/lunhui/Application/Common/Common/function.php 第 63 行.
NOTIC: [8192] Function eregi() is deprecated /usr/share/nginx/html/thinkphp/lunhui/Application/Common/Common/function.php 第 65 行.
NOTIC: [8192] Function eregi() is deprecated /usr/share/nginx/html/thinkphp/lunhui/Application/Common/Common/function.php 第 67 行.
NOTIC: [8192] Function eregi() is deprecated /usr/share/nginx/html/thinkphp/lunhui/Application/Common/Common/function.php 第 69 行.
NOTIC: [8192] Function eregi() is deprecated /usr/share/nginx/html/thinkphp/lunhui/Application/Common/Common/function.php 第 71 行.
NOTIC: [8192] Function eregi() is deprecated /usr/share/nginx/html/thinkphp/lunhui/Application/Common/Common/function.php 第 73 行.
NOTIC: [8192] Function eregi() is deprecated /usr/share/nginx/html/thinkphp/lunhui/Application/Common/Common/function.php 第 75 行.
NOTIC: [8192] Function eregi() is deprecated /usr/share/nginx/html/thinkphp/lunhui/Application/Common/Common/function.php 第 77 行.
NOTIC: [8192] Function eregi() is deprecated /usr/share/nginx/html/thinkphp/lunhui/Application/Common/Common/function.php 第 79 行.
NOTIC: [8192] Function eregi() is deprecated /usr/share/nginx/html/thinkphp/lunhui/Application/Common/Common/function.php 第 81 行.
NOTIC: [8192] Function eregi() is deprecated /usr/share/nginx/html/thinkphp/lunhui/Application/Common/Common/function.php 第 83 行.
NOTIC: [8192] Function eregi() is deprecated /usr/share/nginx/html/thinkphp/lunhui/Application/Common/Common/function.php 第 85 行.
NOTIC: [8192] Function ereg() is deprecated /usr/share/nginx/html/thinkphp/lunhui/Application/Common/Common/function.php 第 87 行.
NOTIC: [8192] Function eregi() is deprecated /usr/share/nginx/html/thinkphp/lunhui/Application/Common/Common/function.php 第 89 行.
NOTIC: [8192] Function eregi() is deprecated /usr/share/nginx/html/thinkphp/lunhui/Application/Common/Common/function.php 第 91 行.
NOTIC: [8192] Function eregi() is deprecated /usr/share/nginx/html/thinkphp/lunhui/Application/Common/Common/function.php 第 93 行.
NOTIC: [8192] Function eregi() is deprecated /usr/share/nginx/html/thinkphp/lunhui/Application/Common/Common/function.php 第 95 行.
NOTIC: [8192] Function eregi() is deprecated /usr/share/nginx/html/thinkphp/lunhui/Application/Common/Common/function.php 第 97 行.
NOTIC: [8192] Function eregi() is deprecated /usr/share/nginx/html/thinkphp/lunhui/Application/Common/Common/function.php 第 99 行.
NOTIC: [8192] Function eregi() is deprecated /usr/share/nginx/html/thinkphp/lunhui/Application/Common/Common/function.php 第 101 行.
NOTIC: [8192] Function eregi() is deprecated /usr/share/nginx/html/thinkphp/lunhui/Application/Common/Common/function.php 第 103 行.
NOTIC: [8192] Function eregi() is deprecated /usr/share/nginx/html/thinkphp/lunhui/Application/Common/Common/function.php 第 105 行.
NOTIC: [8192] Function eregi() is deprecated /usr/share/nginx/html/thinkphp/lunhui/Application/Common/Common/function.php 第 107 行.
NOTIC: [8192] Function eregi() is deprecated /usr/share/nginx/html/thinkphp/lunhui/Application/Common/Common/function.php 第 109 行.
NOTIC: [8192] Function eregi() is deprecated /usr/share/nginx/html/thinkphp/lunhui/Application/Common/Common/function.php 第 111 行.
SQL: SHOW COLUMNS FROM `web_article` [ RunTime:0.4302s ]
SQL: SELECT `a_keyword`,`a_id`,`create_time` FROM `web_article` WHERE ( a_keyword != '' and a_views > 0 ) ORDER BY create_time desc LIMIT 50   [ RunTime:0.0360s ]
NOTIC: [8] Use of undefined constant id - assumed 'id' /usr/share/nginx/html/thinkphp/lunhui/Application/Home/Controller/BaseController.class.php 第 63 行.
NOTIC: [8] Use of undefined constant id - assumed 'id' /usr/share/nginx/html/thinkphp/lunhui/Application/Home/Controller/BaseController.class.php 第 63 行.
NOTIC: [8] Use of undefined constant id - assumed 'id' /usr/share/nginx/html/thinkphp/lunhui/Application/Home/Controller/BaseController.class.php 第 63 行.
NOTIC: [8] Use of undefined constant id - assumed 'id' /usr/share/nginx/html/thinkphp/lunhui/Application/Home/Controller/BaseController.class.php 第 63 行.
NOTIC: [8] Use of undefined constant id - assumed 'id' /usr/share/nginx/html/thinkphp/lunhui/Application/Home/Controller/BaseController.class.php 第 63 行.
NOTIC: [8] Use of undefined constant id - assumed 'id' /usr/share/nginx/html/thinkphp/lunhui/Application/Home/Controller/BaseController.class.php 第 63 行.
NOTIC: [8] Use of undefined constant id - assumed 'id' /usr/share/nginx/html/thinkphp/lunhui/Application/Home/Controller/BaseController.class.php 第 63 行.
NOTIC: [8] Use of undefined constant id - assumed 'id' /usr/share/nginx/html/thinkphp/lunhui/Application/Home/Controller/BaseController.class.php 第 63 行.
NOTIC: [8] Use of undefined constant id - assumed 'id' /usr/share/nginx/html/thinkphp/lunhui/Application/Home/Controller/BaseController.class.php 第 63 行.
NOTIC: [8] Use of undefined constant id - assumed 'id' /usr/share/nginx/html/thinkphp/lunhui/Application/Home/Controller/BaseController.class.php 第 63 行.
NOTIC: [8] Use of undefined constant id - assumed 'id' /usr/share/nginx/html/thinkphp/lunhui/Application/Home/Controller/BaseController.class.php 第 63 行.
SQL: SHOW COLUMNS FROM `web_carousel_list` [ RunTime:0.0012s ]
SQL: SELECT * FROM `web_carousel_list` WHERE ( img != '' and state > 0 ) ORDER BY orderby  [ RunTime:0.1163s ]
SQL: SHOW COLUMNS FROM `web_article_cate` [ RunTime:0.0013s ]
SQL: SELECT * FROM `web_article_cate`  [ RunTime:0.0010s ]
SQL: SHOW COLUMNS FROM `web_link` [ RunTime:0.0009s ]
SQL: SELECT * FROM `web_link` WHERE ( state = 1 ) ORDER BY orderby  [ RunTime:0.0059s ]
SQL: SHOW COLUMNS FROM `web_liuyan` [ RunTime:0.0126s ]
SQL: SELECT * FROM `web_liuyan` ORDER BY add_time desc LIMIT 4   [ RunTime:0.0006s ]
SQL: SELECT `a_id` FROM `web_article` WHERE ( a_views > 0 )  [ RunTime:0.0004s ]
SQL: SELECT * FROM `web_article` WHERE `a_id` = 59 LIMIT 1   [ RunTime:0.0093s ]
SQL: SELECT * FROM `web_article` WHERE `a_id` = 62 LIMIT 1   [ RunTime:0.0004s ]
SQL: SELECT * FROM `web_article` WHERE `a_id` = 63 LIMIT 1   [ RunTime:0.0004s ]
SQL: SELECT `a_id`,`photo`,`a_title`,`a_remark`,`a_keyword`,`cate_id`,`create_time`,`last_time`,`a_content`,`a_views`,`a_type`,`a_red`,`a_from`,`a_writer`,`create_ip` FROM `web_article` WHERE ( a_views > 0 ) ORDER BY a_views desc LIMIT 12   [ RunTime:0.0007s ]
SQL: SHOW COLUMNS FROM `web_admin` [ RunTime:0.0097s ]
SQL: SHOW COLUMNS FROM `web_dongtan` [ RunTime:0.0009s ]
SQL: SELECT admin.id AS id,admin.username AS username,dongtan.u_id AS u_id,dongtan.d_id AS d_id,dongtan.d_content AS d_content,dongtan.time AS time FROM web_admin admin  JOIN web_dongtan dongtan ON admin.id = dongtan.u_id ORDER BY dongtan.d_id desc LIMIT 5   [ RunTime:0.0363s ]
SQL: SHOW COLUMNS FROM `web_article` [ RunTime:0.0017s ]
SQL: SHOW COLUMNS FROM `web_article_cate` [ RunTime:0.0010s ]
SQL: SELECT * FROM `web_article_cate`  [ RunTime:0.0003s ]
SQL: SELECT COUNT(*) AS tp_count FROM `web_article` LIMIT 1   [ RunTime:0.0110s ]
SQL: SELECT * FROM `web_article` INNER JOIN web_article_cate ON web_article_cate.cate_id = web_article.cate_id  ORDER BY a_id desc LIMIT 0,3   [ RunTime:0.0009s ]
INFO: [ view_parse ] --START--
INFO: [ template_filter ] --START--
INFO: Run Behavior\ContentReplaceBehavior [ RunTime:0.000140s ]
INFO: [ template_filter ] --END-- [ RunTime:0.000199s ]
NOTIC: [8] Undefined variable: v /usr/share/nginx/html/thinkphp/lunhui/Application/Runtime/Cache/Home/2a94b8bda04ff446dcedd42276fc99ee.php 第 187 行.
NOTIC: [8] Undefined variable: v /usr/share/nginx/html/thinkphp/lunhui/Application/Runtime/Cache/Home/2a94b8bda04ff446dcedd42276fc99ee.php 第 187 行.
NOTIC: [8] Undefined variable: v /usr/share/nginx/html/thinkphp/lunhui/Application/Runtime/Cache/Home/2a94b8bda04ff446dcedd42276fc99ee.php 第 187 行.
INFO: Run Behavior\ParseTemplateBehavior [ RunTime:0.193455s ]
INFO: [ view_parse ] --END-- [ RunTime:0.193540s ]
INFO: [ view_filter ] --START--
INFO: Run Behavior\WriteHtmlCacheBehavior [ RunTime:0.000353s ]
INFO: [ view_filter ] --END-- [ RunTime:0.000409s ]
INFO: [ app_end ] --START--
INFO: Run Behavior\ShowPageTraceBehavior [ RunTime:0.000781s ]
INFO: [ app_end ] --END-- [ RunTime:0.000829s ]

