[ 2016-03-27T08:38:58+08:00 ] ::1 /
INFO: [ app_init ] --START--
INFO: Run Behavior\BuildLiteBehavior [ RunTime:0.000027s ]
INFO: [ app_init ] --END-- [ RunTime:0.010367s ]
INFO: [ app_begin ] --START--
INFO: Run Behavior\ReadHtmlCacheBehavior [ RunTime:0.010043s ]
INFO: [ app_begin ] --END-- [ RunTime:0.010186s ]
NOTIC: [2] preg_match(): Delimiter must not be alphanumeric or backslash /usr/share/nginx/html/thinkphp/lunhui/Application/Common/Common/function.php 第 63 行.
NOTIC: [2] preg_match(): Delimiter must not be alphanumeric or backslash /usr/share/nginx/html/thinkphp/lunhui/Application/Common/Common/function.php 第 65 行.
NOTIC: [2] preg_match(): Delimiter must not be alphanumeric or backslash /usr/share/nginx/html/thinkphp/lunhui/Application/Common/Common/function.php 第 67 行.
NOTIC: [2] preg_match(): Delimiter must not be alphanumeric or backslash /usr/share/nginx/html/thinkphp/lunhui/Application/Common/Common/function.php 第 69 行.
NOTIC: [2] preg_match(): Delimiter must not be alphanumeric or backslash /usr/share/nginx/html/thinkphp/lunhui/Application/Common/Common/function.php 第 71 行.
NOTIC: [2] preg_match(): Delimiter must not be alphanumeric or backslash /usr/share/nginx/html/thinkphp/lunhui/Application/Common/Common/function.php 第 73 行.
NOTIC: [2] preg_match(): Delimiter must not be alphanumeric or backslash /usr/share/nginx/html/thinkphp/lunhui/Application/Common/Common/function.php 第 75 行.
NOTIC: [2] preg_match(): Delimiter must not be alphanumeric or backslash /usr/share/nginx/html/thinkphp/lunhui/Application/Common/Common/function.php 第 77 行.
NOTIC: [2] preg_match(): Delimiter must not be alphanumeric or backslash /usr/share/nginx/html/thinkphp/lunhui/Application/Common/Common/function.php 第 79 行.
NOTIC: [2] preg_match(): Delimiter must not be alphanumeric or backslash /usr/share/nginx/html/thinkphp/lunhui/Application/Common/Common/function.php 第 81 行.
NOTIC: [2] preg_match(): Delimiter must not be alphanumeric or backslash /usr/share/nginx/html/thinkphp/lunhui/Application/Common/Common/function.php 第 83 行.
NOTIC: [2] preg_match(): Delimiter must not be alphanumeric or backslash /usr/share/nginx/html/thinkphp/lunhui/Application/Common/Common/function.php 第 85 行.
NOTIC: [2] preg_match(): Delimiter must not be alphanumeric or backslash /usr/share/nginx/html/thinkphp/lunhui/Application/Common/Common/function.php 第 87 行.
NOTIC: [2] preg_match(): Delimiter must not be alphanumeric or backslash /usr/share/nginx/html/thinkphp/lunhui/Application/Common/Common/function.php 第 89 行.
NOTIC: [2] preg_match(): Delimiter must not be alphanumeric or backslash /usr/share/nginx/html/thinkphp/lunhui/Application/Common/Common/function.php 第 91 行.
NOTIC: [2] preg_match(): Delimiter must not be alphanumeric or backslash /usr/share/nginx/html/thinkphp/lunhui/Application/Common/Common/function.php 第 93 行.
NOTIC: [2] preg_match(): Delimiter must not be alphanumeric or backslash /usr/share/nginx/html/thinkphp/lunhui/Application/Common/Common/function.php 第 95 行.
NOTIC: [2] preg_match(): Delimiter must not be alphanumeric or backslash /usr/share/nginx/html/thinkphp/lunhui/Application/Common/Common/function.php 第 97 行.
NOTIC: [2] preg_match(): Delimiter must not be alphanumeric or backslash /usr/share/nginx/html/thinkphp/lunhui/Application/Common/Common/function.php 第 99 行.
NOTIC: [2] preg_match(): Delimiter must not be alphanumeric or backslash /usr/share/nginx/html/thinkphp/lunhui/Application/Common/Common/function.php 第 101 行.
NOTIC: [2] preg_match(): Delimiter must not be alphanumeric or backslash /usr/share/nginx/html/thinkphp/lunhui/Application/Common/Common/function.php 第 103 行.
NOTIC: [2] preg_match(): Delimiter must not be alphanumeric or backslash /usr/share/nginx/html/thinkphp/lunhui/Application/Common/Common/function.php 第 105 行.
NOTIC: [2] preg_match(): Delimiter must not be alphanumeric or backslash /usr/share/nginx/html/thinkphp/lunhui/Application/Common/Common/function.php 第 107 行.
NOTIC: [2] preg_match(): Delimiter must not be alphanumeric or backslash /usr/share/nginx/html/thinkphp/lunhui/Application/Common/Common/function.php 第 109 行.
NOTIC: [2] preg_match(): Delimiter must not be alphanumeric or backslash /usr/share/nginx/html/thinkphp/lunhui/Application/Common/Common/function.php 第 111 行.
NOTIC: [2] preg_match(): Delimiter must not be alphanumeric or backslash /usr/share/nginx/html/thinkphp/lunhui/Application/Common/Common/function.php 第 113 行.
NOTIC: [2] preg_match(): Delimiter must not be alphanumeric or backslash /usr/share/nginx/html/thinkphp/lunhui/Application/Common/Common/function.php 第 115 行.
NOTIC: [2] preg_match(): Delimiter must not be alphanumeric or backslash /usr/share/nginx/html/thinkphp/lunhui/Application/Common/Common/function.php 第 117 行.
NOTIC: [2] preg_match(): Delimiter must not be alphanumeric or backslash /usr/share/nginx/html/thinkphp/lunhui/Application/Common/Common/function.php 第 119 行.
NOTIC: [2] preg_match(): Delimiter must not be alphanumeric or backslash /usr/share/nginx/html/thinkphp/lunhui/Application/Common/Common/function.php 第 121 行.
NOTIC: [2] preg_match(): Delimiter must not be alphanumeric or backslash /usr/share/nginx/html/thinkphp/lunhui/Application/Common/Common/function.php 第 123 行.
NOTIC: [2] preg_match(): Delimiter must not be alphanumeric or backslash /usr/share/nginx/html/thinkphp/lunhui/Application/Common/Common/function.php 第 125 行.
NOTIC: [2] preg_match(): Delimiter must not be alphanumeric or backslash /usr/share/nginx/html/thinkphp/lunhui/Application/Common/Common/function.php 第 127 行.
NOTIC: [2] preg_match(): Delimiter must not be alphanumeric or backslash /usr/share/nginx/html/thinkphp/lunhui/Application/Common/Common/function.php 第 129 行.
NOTIC: [2] preg_match(): Delimiter must not be alphanumeric or backslash /usr/share/nginx/html/thinkphp/lunhui/Application/Common/Common/function.php 第 131 行.
NOTIC: [2] preg_match(): Delimiter must not be alphanumeric or backslash /usr/share/nginx/html/thinkphp/lunhui/Application/Common/Common/function.php 第 133 行.
NOTIC: [2] preg_match(): Delimiter must not be alphanumeric or backslash /usr/share/nginx/html/thinkphp/lunhui/Application/Common/Common/function.php 第 135 行.
NOTIC: [2] preg_match(): Delimiter must not be alphanumeric or backslash /usr/share/nginx/html/thinkphp/lunhui/Application/Common/Common/function.php 第 137 行.
ERR: SQLSTATE[28000] [1045] Access denied for user 'root'@'localhost' (using password: YES)

[ 2016-03-27T08:39:23+08:00 ] ::1 /
INFO: [ app_init ] --START--
INFO: Run Behavior\BuildLiteBehavior [ RunTime:0.000025s ]
INFO: [ app_init ] --END-- [ RunTime:0.000177s ]
INFO: [ app_begin ] --START--
INFO: Run Behavior\ReadHtmlCacheBehavior [ RunTime:0.000080s ]
INFO: [ app_begin ] --END-- [ RunTime:0.000155s ]
NOTIC: [2] preg_match(): Delimiter must not be alphanumeric or backslash /usr/share/nginx/html/thinkphp/lunhui/Application/Common/Common/function.php 第 63 行.
NOTIC: [2] preg_match(): Delimiter must not be alphanumeric or backslash /usr/share/nginx/html/thinkphp/lunhui/Application/Common/Common/function.php 第 65 行.
NOTIC: [2] preg_match(): Delimiter must not be alphanumeric or backslash /usr/share/nginx/html/thinkphp/lunhui/Application/Common/Common/function.php 第 67 行.
NOTIC: [2] preg_match(): Delimiter must not be alphanumeric or backslash /usr/share/nginx/html/thinkphp/lunhui/Application/Common/Common/function.php 第 69 行.
NOTIC: [2] preg_match(): Delimiter must not be alphanumeric or backslash /usr/share/nginx/html/thinkphp/lunhui/Application/Common/Common/function.php 第 71 行.
NOTIC: [2] preg_match(): Delimiter must not be alphanumeric or backslash /usr/share/nginx/html/thinkphp/lunhui/Application/Common/Common/function.php 第 73 行.
NOTIC: [2] preg_match(): Delimiter must not be alphanumeric or backslash /usr/share/nginx/html/thinkphp/lunhui/Application/Common/Common/function.php 第 75 行.
NOTIC: [2] preg_match(): Delimiter must not be alphanumeric or backslash /usr/share/nginx/html/thinkphp/lunhui/Application/Common/Common/function.php 第 77 行.
NOTIC: [2] preg_match(): Delimiter must not be alphanumeric or backslash /usr/share/nginx/html/thinkphp/lunhui/Application/Common/Common/function.php 第 79 行.
NOTIC: [2] preg_match(): Delimiter must not be alphanumeric or backslash /usr/share/nginx/html/thinkphp/lunhui/Application/Common/Common/function.php 第 81 行.
NOTIC: [2] preg_match(): Delimiter must not be alphanumeric or backslash /usr/share/nginx/html/thinkphp/lunhui/Application/Common/Common/function.php 第 83 行.
NOTIC: [2] preg_match(): Delimiter must not be alphanumeric or backslash /usr/share/nginx/html/thinkphp/lunhui/Application/Common/Common/function.php 第 85 行.
NOTIC: [2] preg_match(): Delimiter must not be alphanumeric or backslash /usr/share/nginx/html/thinkphp/lunhui/Application/Common/Common/function.php 第 87 行.
NOTIC: [2] preg_match(): Delimiter must not be alphanumeric or backslash /usr/share/nginx/html/thinkphp/lunhui/Application/Common/Common/function.php 第 89 行.
NOTIC: [2] preg_match(): Delimiter must not be alphanumeric or backslash /usr/share/nginx/html/thinkphp/lunhui/Application/Common/Common/function.php 第 91 行.
NOTIC: [2] preg_match(): Delimiter must not be alphanumeric or backslash /usr/share/nginx/html/thinkphp/lunhui/Application/Common/Common/function.php 第 93 行.
NOTIC: [2] preg_match(): Delimiter must not be alphanumeric or backslash /usr/share/nginx/html/thinkphp/lunhui/Application/Common/Common/function.php 第 95 行.
NOTIC: [2] preg_match(): Delimiter must not be alphanumeric or backslash /usr/share/nginx/html/thinkphp/lunhui/Application/Common/Common/function.php 第 97 行.
NOTIC: [2] preg_match(): Delimiter must not be alphanumeric or backslash /usr/share/nginx/html/thinkphp/lunhui/Application/Common/Common/function.php 第 99 行.
NOTIC: [2] preg_match(): Delimiter must not be alphanumeric or backslash /usr/share/nginx/html/thinkphp/lunhui/Application/Common/Common/function.php 第 101 行.
NOTIC: [2] preg_match(): Delimiter must not be alphanumeric or backslash /usr/share/nginx/html/thinkphp/lunhui/Application/Common/Common/function.php 第 103 行.
NOTIC: [2] preg_match(): Delimiter must not be alphanumeric or backslash /usr/share/nginx/html/thinkphp/lunhui/Application/Common/Common/function.php 第 105 行.
NOTIC: [2] preg_match(): Delimiter must not be alphanumeric or backslash /usr/share/nginx/html/thinkphp/lunhui/Application/Common/Common/function.php 第 107 行.
NOTIC: [2] preg_match(): Delimiter must not be alphanumeric or backslash /usr/share/nginx/html/thinkphp/lunhui/Application/Common/Common/function.php 第 109 行.
NOTIC: [2] preg_match(): Delimiter must not be alphanumeric or backslash /usr/share/nginx/html/thinkphp/lunhui/Application/Common/Common/function.php 第 111 行.
NOTIC: [2] preg_match(): Delimiter must not be alphanumeric or backslash /usr/share/nginx/html/thinkphp/lunhui/Application/Common/Common/function.php 第 113 行.
NOTIC: [2] preg_match(): Delimiter must not be alphanumeric or backslash /usr/share/nginx/html/thinkphp/lunhui/Application/Common/Common/function.php 第 115 行.
NOTIC: [2] preg_match(): Delimiter must not be alphanumeric or backslash /usr/share/nginx/html/thinkphp/lunhui/Application/Common/Common/function.php 第 117 行.
NOTIC: [2] preg_match(): Delimiter must not be alphanumeric or backslash /usr/share/nginx/html/thinkphp/lunhui/Application/Common/Common/function.php 第 119 行.
NOTIC: [2] preg_match(): Delimiter must not be alphanumeric or backslash /usr/share/nginx/html/thinkphp/lunhui/Application/Common/Common/function.php 第 121 行.
NOTIC: [2] preg_match(): Delimiter must not be alphanumeric or backslash /usr/share/nginx/html/thinkphp/lunhui/Application/Common/Common/function.php 第 123 行.
NOTIC: [2] preg_match(): Delimiter must not be alphanumeric or backslash /usr/share/nginx/html/thinkphp/lunhui/Application/Common/Common/function.php 第 125 行.
NOTIC: [2] preg_match(): Delimiter must not be alphanumeric or backslash /usr/share/nginx/html/thinkphp/lunhui/Application/Common/Common/function.php 第 127 行.
NOTIC: [2] preg_match(): Delimiter must not be alphanumeric or backslash /usr/share/nginx/html/thinkphp/lunhui/Application/Common/Common/function.php 第 129 行.
NOTIC: [2] preg_match(): Delimiter must not be alphanumeric or backslash /usr/share/nginx/html/thinkphp/lunhui/Application/Common/Common/function.php 第 131 行.
NOTIC: [2] preg_match(): Delimiter must not be alphanumeric or backslash /usr/share/nginx/html/thinkphp/lunhui/Application/Common/Common/function.php 第 133 行.
NOTIC: [2] preg_match(): Delimiter must not be alphanumeric or backslash /usr/share/nginx/html/thinkphp/lunhui/Application/Common/Common/function.php 第 135 行.
NOTIC: [2] preg_match(): Delimiter must not be alphanumeric or backslash /usr/share/nginx/html/thinkphp/lunhui/Application/Common/Common/function.php 第 137 行.
SQL: SHOW COLUMNS FROM `web_article` [ RunTime:0.0008s ]
SQL: SELECT `a_keyword`,`a_id`,`create_time` FROM `web_article` WHERE ( a_keyword != '' and a_views > 0 ) ORDER BY create_time desc LIMIT 50   [ RunTime:0.0142s ]
NOTIC: [8] Use of undefined constant id - assumed 'id' /usr/share/nginx/html/thinkphp/lunhui/Application/Home/Controller/BaseController.class.php 第 63 行.
NOTIC: [8] Use of undefined constant id - assumed 'id' /usr/share/nginx/html/thinkphp/lunhui/Application/Home/Controller/BaseController.class.php 第 63 行.
NOTIC: [8] Use of undefined constant id - assumed 'id' /usr/share/nginx/html/thinkphp/lunhui/Application/Home/Controller/BaseController.class.php 第 63 行.
NOTIC: [8] Use of undefined constant id - assumed 'id' /usr/share/nginx/html/thinkphp/lunhui/Application/Home/Controller/BaseController.class.php 第 63 行.
NOTIC: [8] Use of undefined constant id - assumed 'id' /usr/share/nginx/html/thinkphp/lunhui/Application/Home/Controller/BaseController.class.php 第 63 行.
NOTIC: [8] Use of undefined constant id - assumed 'id' /usr/share/nginx/html/thinkphp/lunhui/Application/Home/Controller/BaseController.class.php 第 63 行.
NOTIC: [8] Use of undefined constant id - assumed 'id' /usr/share/nginx/html/thinkphp/lunhui/Application/Home/Controller/BaseController.class.php 第 63 行.
NOTIC: [8] Use of undefined constant id - assumed 'id' /usr/share/nginx/html/thinkphp/lunhui/Application/Home/Controller/BaseController.class.php 第 63 行.
NOTIC: [8] Use of undefined constant id - assumed 'id' /usr/share/nginx/html/thinkphp/lunhui/Application/Home/Controller/BaseController.class.php 第 63 行.
NOTIC: [8] Use of undefined constant id - assumed 'id' /usr/share/nginx/html/thinkphp/lunhui/Application/Home/Controller/BaseController.class.php 第 63 行.
NOTIC: [8] Use of undefined constant id - assumed 'id' /usr/share/nginx/html/thinkphp/lunhui/Application/Home/Controller/BaseController.class.php 第 63 行.
NOTIC: [8] Use of undefined constant id - assumed 'id' /usr/share/nginx/html/thinkphp/lunhui/Application/Home/Controller/BaseController.class.php 第 63 行.
NOTIC: [8] Use of undefined constant id - assumed 'id' /usr/share/nginx/html/thinkphp/lunhui/Application/Home/Controller/BaseController.class.php 第 63 行.
SQL: SHOW COLUMNS FROM `web_carousel_list` [ RunTime:0.0015s ]
SQL: SELECT * FROM `web_carousel_list` WHERE ( img != '' and state > 0 ) ORDER BY orderby  [ RunTime:0.0066s ]
SQL: SHOW COLUMNS FROM `web_article_cate` [ RunTime:0.0010s ]
SQL: SELECT * FROM `web_article_cate`  [ RunTime:0.0005s ]
SQL: SHOW COLUMNS FROM `web_link` [ RunTime:0.0011s ]
SQL: SELECT * FROM `web_link` WHERE ( state = 1 ) ORDER BY orderby  [ RunTime:0.0002s ]
SQL: SHOW COLUMNS FROM `web_liuyan` [ RunTime:0.0006s ]
SQL: SELECT * FROM `web_liuyan` ORDER BY add_time desc LIMIT 4   [ RunTime:0.0002s ]
SQL: SELECT `a_id` FROM `web_article` WHERE ( a_views > 0 )  [ RunTime:0.0002s ]
SQL: SELECT * FROM `web_article` WHERE `a_id` = 59 LIMIT 1   [ RunTime:0.0002s ]
SQL: SELECT * FROM `web_article` WHERE `a_id` = 64 LIMIT 1   [ RunTime:0.0002s ]
SQL: SELECT * FROM `web_article` WHERE `a_id` = 65 LIMIT 1   [ RunTime:0.0002s ]
SQL: SELECT `a_id`,`photo`,`a_title`,`a_remark`,`a_keyword`,`cate_id`,`create_time`,`last_time`,`a_content`,`a_views`,`a_type`,`a_red`,`a_from`,`a_writer`,`create_ip` FROM `web_article` WHERE ( a_views > 0 ) ORDER BY a_views desc LIMIT 12   [ RunTime:0.0004s ]
SQL: SHOW COLUMNS FROM `web_admin` [ RunTime:0.0016s ]
SQL: SHOW COLUMNS FROM `web_dongtan` [ RunTime:0.0011s ]
SQL: SELECT admin.id AS id,admin.username AS username,dongtan.u_id AS u_id,dongtan.d_id AS d_id,dongtan.d_content AS d_content,dongtan.time AS time FROM web_admin admin  JOIN web_dongtan dongtan ON admin.id = dongtan.u_id ORDER BY dongtan.d_id desc LIMIT 5   [ RunTime:0.0008s ]
SQL: SHOW COLUMNS FROM `web_article` [ RunTime:0.0018s ]
SQL: SHOW COLUMNS FROM `web_article_cate` [ RunTime:0.0019s ]
SQL: SELECT * FROM `web_article_cate`  [ RunTime:0.0001s ]
SQL: SELECT COUNT(*) AS tp_count FROM `web_article` LIMIT 1   [ RunTime:0.0003s ]
SQL: SELECT * FROM `web_article` INNER JOIN web_article_cate ON web_article_cate.cate_id = web_article.cate_id  ORDER BY a_id desc LIMIT 0,3   [ RunTime:0.0007s ]
INFO: [ view_parse ] --START--
INFO: [ template_filter ] --START--
INFO: Run Behavior\ContentReplaceBehavior [ RunTime:0.000181s ]
INFO: [ template_filter ] --END-- [ RunTime:0.000320s ]
NOTIC: [8] Undefined variable: v /usr/share/nginx/html/thinkphp/lunhui/Application/Runtime/Cache/Home/2a94b8bda04ff446dcedd42276fc99ee.php 第 187 行.
NOTIC: [8] Undefined variable: v /usr/share/nginx/html/thinkphp/lunhui/Application/Runtime/Cache/Home/2a94b8bda04ff446dcedd42276fc99ee.php 第 187 行.
NOTIC: [8] Undefined variable: v /usr/share/nginx/html/thinkphp/lunhui/Application/Runtime/Cache/Home/2a94b8bda04ff446dcedd42276fc99ee.php 第 187 行.
INFO: Run Behavior\ParseTemplateBehavior [ RunTime:0.129806s ]
INFO: [ view_parse ] --END-- [ RunTime:0.129862s ]
INFO: [ view_filter ] --START--
INFO: Run Behavior\WriteHtmlCacheBehavior [ RunTime:0.012768s ]
INFO: [ view_filter ] --END-- [ RunTime:0.012834s ]
INFO: [ app_end ] --START--
INFO: Run Behavior\ShowPageTraceBehavior [ RunTime:0.011402s ]
INFO: [ app_end ] --END-- [ RunTime:0.011535s ]

