[ 2016-03-25T16:34:18+08:00 ] ::1 /admin
INFO: [ app_init ] --START--
INFO: Run Behavior\BuildLiteBehavior [ RunTime:0.000017s ]
INFO: [ app_init ] --END-- [ RunTime:0.000128s ]
INFO: [ app_begin ] --START--
INFO: Run Behavior\ReadHtmlCacheBehavior [ RunTime:0.000072s ]
INFO: [ app_begin ] --END-- [ RunTime:0.000144s ]

[ 2016-03-25T16:34:18+08:00 ] ::1 /Admin/login/index.html
INFO: [ app_init ] --START--
INFO: Run Behavior\BuildLiteBehavior [ RunTime:0.000024s ]
INFO: [ app_init ] --END-- [ RunTime:0.000173s ]
INFO: [ app_begin ] --START--
INFO: Run Behavior\ReadHtmlCacheBehavior [ RunTime:0.000074s ]
INFO: [ app_begin ] --END-- [ RunTime:0.000166s ]
INFO: [ view_parse ] --START--
INFO: [ template_filter ] --START--
INFO: Run Behavior\ContentReplaceBehavior [ RunTime:0.000053s ]
INFO: [ template_filter ] --END-- [ RunTime:0.000113s ]
INFO: Run Behavior\ParseTemplateBehavior [ RunTime:0.024847s ]
INFO: [ view_parse ] --END-- [ RunTime:0.024983s ]
INFO: [ view_filter ] --START--
INFO: Run Behavior\WriteHtmlCacheBehavior [ RunTime:0.000059s ]
INFO: [ view_filter ] --END-- [ RunTime:0.000097s ]
INFO: [ app_end ] --START--
INFO: Run Behavior\ShowPageTraceBehavior [ RunTime:0.000045s ]
INFO: [ app_end ] --END-- [ RunTime:0.000085s ]

[ 2016-03-25T16:34:20+08:00 ] ::1 /Admin/Login/dologin
INFO: [ app_init ] --START--
INFO: Run Behavior\BuildLiteBehavior [ RunTime:0.000019s ]
INFO: [ app_init ] --END-- [ RunTime:0.000126s ]
INFO: [ app_begin ] --START--
INFO: Run Behavior\ReadHtmlCacheBehavior [ RunTime:0.000051s ]
INFO: [ app_begin ] --END-- [ RunTime:0.000112s ]
SQL: SHOW COLUMNS FROM `web_admin` [ RunTime:0.0014s ]
SQL: SELECT * FROM `web_admin` WHERE `user` = 'peandloc' AND `state` = 1 LIMIT 1   [ RunTime:0.0072s ]
SQL: UPDATE `web_admin` SET `last_logintime`='1458894860',`last_loginip`='127.0.0.1' WHERE `id` = 108 [ RunTime:0.0380s ]

[ 2016-03-25T16:34:20+08:00 ] ::1 /Admin/Index/index.html
INFO: [ app_init ] --START--
INFO: Run Behavior\BuildLiteBehavior [ RunTime:0.000025s ]
INFO: [ app_init ] --END-- [ RunTime:0.000173s ]
INFO: [ app_begin ] --START--
INFO: Run Behavior\ReadHtmlCacheBehavior [ RunTime:0.000075s ]
INFO: [ app_begin ] --END-- [ RunTime:0.000167s ]
NOTIC: [8] Undefined index: menu_list /usr/share/nginx/html/thinkphp/lunhui/Application/Admin/Controller/BaseController.class.php 第 65 行.
NOTIC: [2] Invalid argument supplied for foreach() /usr/share/nginx/html/thinkphp/lunhui/Application/Admin/Controller/BaseController.class.php 第 65 行.
SQL: SHOW COLUMNS FROM `web_treenode` [ RunTime:0.0011s ]
SQL: SELECT * FROM `web_treenode` WHERE `menuflag` = 1  [ RunTime:0.0007s ]
INFO: [ view_parse ] --START--
INFO: [ template_filter ] --START--
INFO: Run Behavior\ContentReplaceBehavior [ RunTime:0.000234s ]
INFO: [ template_filter ] --END-- [ RunTime:0.000378s ]
NOTIC: [8] Undefined variable: Os /usr/share/nginx/html/thinkphp/lunhui/Application/Runtime/Cache/Admin/b595b808c2ebeeeb0478ffc30bb4e87a.php 第 110 行.
INFO: Run Behavior\ParseTemplateBehavior [ RunTime:0.065320s ]
INFO: [ view_parse ] --END-- [ RunTime:0.065470s ]
INFO: [ view_filter ] --START--
INFO: Run Behavior\WriteHtmlCacheBehavior [ RunTime:0.000109s ]
INFO: [ view_filter ] --END-- [ RunTime:0.000211s ]
INFO: [ app_end ] --START--
INFO: Run Behavior\ShowPageTraceBehavior [ RunTime:0.000100s ]
INFO: [ app_end ] --END-- [ RunTime:0.000207s ]

[ 2016-03-25T16:34:25+08:00 ] ::1 /Admin/article/index.html
INFO: [ app_init ] --START--
INFO: Run Behavior\BuildLiteBehavior [ RunTime:0.000033s ]
INFO: [ app_init ] --END-- [ RunTime:0.000348s ]
INFO: [ app_begin ] --START--
INFO: Run Behavior\ReadHtmlCacheBehavior [ RunTime:0.000057s ]
INFO: [ app_begin ] --END-- [ RunTime:0.000112s ]
NOTIC: [8] Undefined index: menu_list /usr/share/nginx/html/thinkphp/lunhui/Application/Admin/Controller/BaseController.class.php 第 65 行.
NOTIC: [2] Invalid argument supplied for foreach() /usr/share/nginx/html/thinkphp/lunhui/Application/Admin/Controller/BaseController.class.php 第 65 行.
SQL: SHOW COLUMNS FROM `web_treenode` [ RunTime:0.0011s ]
SQL: SELECT * FROM `web_treenode` WHERE `menuflag` = 1  [ RunTime:0.0001s ]
SQL: SHOW COLUMNS FROM `web_article` [ RunTime:0.0021s ]
SQL: SHOW COLUMNS FROM `web_article_cate` [ RunTime:0.0010s ]
SQL: SELECT COUNT(*) AS tp_count FROM `web_article` LIMIT 1   [ RunTime:0.0001s ]
SQL: SELECT * FROM `web_article` ORDER BY a_id desc LIMIT 0,10   [ RunTime:0.0004s ]
SQL: SELECT * FROM `web_article_cate`  [ RunTime:0.0002s ]
INFO: [ view_parse ] --START--
INFO: [ template_filter ] --START--
INFO: Run Behavior\ContentReplaceBehavior [ RunTime:0.000220s ]
INFO: [ template_filter ] --END-- [ RunTime:0.000353s ]
NOTIC: [8] Undefined variable: Os /usr/share/nginx/html/thinkphp/lunhui/Application/Runtime/Cache/Admin/7a4184ffe8f804b12b2e7f8851dd8f7d.php 第 148 行.
INFO: Run Behavior\ParseTemplateBehavior [ RunTime:0.043424s ]
INFO: [ view_parse ] --END-- [ RunTime:0.043536s ]
INFO: [ view_filter ] --START--
INFO: Run Behavior\WriteHtmlCacheBehavior [ RunTime:0.000100s ]
INFO: [ view_filter ] --END-- [ RunTime:0.000162s ]
INFO: [ app_end ] --START--
INFO: Run Behavior\ShowPageTraceBehavior [ RunTime:0.000093s ]
INFO: [ app_end ] --END-- [ RunTime:0.000156s ]

[ 2016-03-25T16:34:26+08:00 ] ::1 /Admin/Article/add.html
INFO: [ app_init ] --START--
INFO: Run Behavior\BuildLiteBehavior [ RunTime:0.000021s ]
INFO: [ app_init ] --END-- [ RunTime:0.000143s ]
INFO: [ app_begin ] --START--
INFO: Run Behavior\ReadHtmlCacheBehavior [ RunTime:0.000060s ]
INFO: [ app_begin ] --END-- [ RunTime:0.000125s ]
NOTIC: [8] Undefined index: menu_list /usr/share/nginx/html/thinkphp/lunhui/Application/Admin/Controller/BaseController.class.php 第 65 行.
NOTIC: [2] Invalid argument supplied for foreach() /usr/share/nginx/html/thinkphp/lunhui/Application/Admin/Controller/BaseController.class.php 第 65 行.
SQL: SHOW COLUMNS FROM `web_treenode` [ RunTime:0.0010s ]
SQL: SELECT * FROM `web_treenode` WHERE `menuflag` = 1  [ RunTime:0.0002s ]
SQL: SHOW COLUMNS FROM `web_article_cate` [ RunTime:0.0012s ]
SQL: SELECT * FROM `web_article_cate`  [ RunTime:0.0001s ]
INFO: [ view_parse ] --START--
INFO: [ template_filter ] --START--
INFO: Run Behavior\ContentReplaceBehavior [ RunTime:0.000098s ]
INFO: [ template_filter ] --END-- [ RunTime:0.000155s ]
NOTIC: [8] Undefined variable: Os /usr/share/nginx/html/thinkphp/lunhui/Application/Runtime/Cache/Admin/e16cf278f1c326e72baf6415dbd5ab87.php 第 150 行.
NOTIC: [8] Undefined variable: detail /usr/share/nginx/html/thinkphp/lunhui/Application/Runtime/Cache/Admin/e16cf278f1c326e72baf6415dbd5ab87.php 第 243 行.
NOTIC: [8] Undefined variable: nowtime /usr/share/nginx/html/thinkphp/lunhui/Application/Runtime/Cache/Admin/e16cf278f1c326e72baf6415dbd5ab87.php 第 352 行.
INFO: Run Behavior\ParseTemplateBehavior [ RunTime:0.022788s ]
INFO: [ view_parse ] --END-- [ RunTime:0.022846s ]
INFO: [ view_filter ] --START--
INFO: Run Behavior\WriteHtmlCacheBehavior [ RunTime:0.000042s ]
INFO: [ view_filter ] --END-- [ RunTime:0.000079s ]
INFO: [ app_end ] --START--
INFO: Run Behavior\ShowPageTraceBehavior [ RunTime:0.000038s ]
INFO: [ app_end ] --END-- [ RunTime:0.000078s ]

[ 2016-03-25T16:41:10+08:00 ] ::1 /Admin/Article/runadd.html
INFO: [ app_init ] --START--
INFO: Run Behavior\BuildLiteBehavior [ RunTime:0.000016s ]
INFO: [ app_init ] --END-- [ RunTime:0.000114s ]
INFO: [ app_begin ] --START--
INFO: Run Behavior\ReadHtmlCacheBehavior [ RunTime:0.000050s ]
INFO: [ app_begin ] --END-- [ RunTime:0.000099s ]
NOTIC: [8] Undefined index: menu_list /usr/share/nginx/html/thinkphp/lunhui/Application/Admin/Controller/BaseController.class.php 第 65 行.
NOTIC: [2] Invalid argument supplied for foreach() /usr/share/nginx/html/thinkphp/lunhui/Application/Admin/Controller/BaseController.class.php 第 65 行.
SQL: SHOW COLUMNS FROM `web_treenode` [ RunTime:0.0015s ]
SQL: SELECT * FROM `web_treenode` WHERE `menuflag` = 1  [ RunTime:0.0003s ]
NOTIC: [2] preg_match(): Delimiter must not be alphanumeric or backslash /usr/share/nginx/html/thinkphp/lunhui/Application/Common/Common/function.php 第 63 行.
NOTIC: [2] preg_match(): Delimiter must not be alphanumeric or backslash /usr/share/nginx/html/thinkphp/lunhui/Application/Common/Common/function.php 第 65 行.
NOTIC: [2] preg_match(): Delimiter must not be alphanumeric or backslash /usr/share/nginx/html/thinkphp/lunhui/Application/Common/Common/function.php 第 67 行.
NOTIC: [2] preg_match(): Delimiter must not be alphanumeric or backslash /usr/share/nginx/html/thinkphp/lunhui/Application/Common/Common/function.php 第 69 行.
NOTIC: [2] preg_match(): Delimiter must not be alphanumeric or backslash /usr/share/nginx/html/thinkphp/lunhui/Application/Common/Common/function.php 第 71 行.
NOTIC: [2] preg_match(): Delimiter must not be alphanumeric or backslash /usr/share/nginx/html/thinkphp/lunhui/Application/Common/Common/function.php 第 73 行.
NOTIC: [2] preg_match(): Delimiter must not be alphanumeric or backslash /usr/share/nginx/html/thinkphp/lunhui/Application/Common/Common/function.php 第 75 行.
NOTIC: [2] preg_match(): Delimiter must not be alphanumeric or backslash /usr/share/nginx/html/thinkphp/lunhui/Application/Common/Common/function.php 第 77 行.
NOTIC: [2] preg_match(): Delimiter must not be alphanumeric or backslash /usr/share/nginx/html/thinkphp/lunhui/Application/Common/Common/function.php 第 79 行.
NOTIC: [2] preg_match(): Delimiter must not be alphanumeric or backslash /usr/share/nginx/html/thinkphp/lunhui/Application/Common/Common/function.php 第 81 行.
NOTIC: [2] preg_match(): Delimiter must not be alphanumeric or backslash /usr/share/nginx/html/thinkphp/lunhui/Application/Common/Common/function.php 第 83 行.
NOTIC: [2] preg_match(): Delimiter must not be alphanumeric or backslash /usr/share/nginx/html/thinkphp/lunhui/Application/Common/Common/function.php 第 85 行.
NOTIC: [2] preg_match(): Delimiter must not be alphanumeric or backslash /usr/share/nginx/html/thinkphp/lunhui/Application/Common/Common/function.php 第 87 行.
NOTIC: [2] preg_match(): Delimiter must not be alphanumeric or backslash /usr/share/nginx/html/thinkphp/lunhui/Application/Common/Common/function.php 第 89 行.
NOTIC: [2] preg_match(): Delimiter must not be alphanumeric or backslash /usr/share/nginx/html/thinkphp/lunhui/Application/Common/Common/function.php 第 91 行.
NOTIC: [2] preg_match(): Delimiter must not be alphanumeric or backslash /usr/share/nginx/html/thinkphp/lunhui/Application/Common/Common/function.php 第 93 行.
NOTIC: [2] preg_match(): Delimiter must not be alphanumeric or backslash /usr/share/nginx/html/thinkphp/lunhui/Application/Common/Common/function.php 第 95 行.
NOTIC: [2] preg_match(): Delimiter must not be alphanumeric or backslash /usr/share/nginx/html/thinkphp/lunhui/Application/Common/Common/function.php 第 97 行.
NOTIC: [2] preg_match(): Delimiter must not be alphanumeric or backslash /usr/share/nginx/html/thinkphp/lunhui/Application/Common/Common/function.php 第 99 行.
NOTIC: [2] preg_match(): Delimiter must not be alphanumeric or backslash /usr/share/nginx/html/thinkphp/lunhui/Application/Common/Common/function.php 第 101 行.
NOTIC: [2] preg_match(): Delimiter must not be alphanumeric or backslash /usr/share/nginx/html/thinkphp/lunhui/Application/Common/Common/function.php 第 103 行.
NOTIC: [2] preg_match(): Delimiter must not be alphanumeric or backslash /usr/share/nginx/html/thinkphp/lunhui/Application/Common/Common/function.php 第 105 行.
NOTIC: [2] preg_match(): Delimiter must not be alphanumeric or backslash /usr/share/nginx/html/thinkphp/lunhui/Application/Common/Common/function.php 第 107 行.
NOTIC: [2] preg_match(): Delimiter must not be alphanumeric or backslash /usr/share/nginx/html/thinkphp/lunhui/Application/Common/Common/function.php 第 109 行.
NOTIC: [2] preg_match(): Delimiter must not be alphanumeric or backslash /usr/share/nginx/html/thinkphp/lunhui/Application/Common/Common/function.php 第 111 行.
NOTIC: [2] preg_match(): Delimiter must not be alphanumeric or backslash /usr/share/nginx/html/thinkphp/lunhui/Application/Common/Common/function.php 第 113 行.
NOTIC: [2] preg_match(): Delimiter must not be alphanumeric or backslash /usr/share/nginx/html/thinkphp/lunhui/Application/Common/Common/function.php 第 115 行.
NOTIC: [2] preg_match(): Delimiter must not be alphanumeric or backslash /usr/share/nginx/html/thinkphp/lunhui/Application/Common/Common/function.php 第 117 行.
NOTIC: [2] preg_match(): Delimiter must not be alphanumeric or backslash /usr/share/nginx/html/thinkphp/lunhui/Application/Common/Common/function.php 第 119 行.
NOTIC: [2] preg_match(): Delimiter must not be alphanumeric or backslash /usr/share/nginx/html/thinkphp/lunhui/Application/Common/Common/function.php 第 121 行.
NOTIC: [2] preg_match(): Delimiter must not be alphanumeric or backslash /usr/share/nginx/html/thinkphp/lunhui/Application/Common/Common/function.php 第 123 行.
NOTIC: [2] preg_match(): Delimiter must not be alphanumeric or backslash /usr/share/nginx/html/thinkphp/lunhui/Application/Common/Common/function.php 第 125 行.
NOTIC: [2] preg_match(): Delimiter must not be alphanumeric or backslash /usr/share/nginx/html/thinkphp/lunhui/Application/Common/Common/function.php 第 127 行.
NOTIC: [2] preg_match(): Delimiter must not be alphanumeric or backslash /usr/share/nginx/html/thinkphp/lunhui/Application/Common/Common/function.php 第 129 行.
NOTIC: [2] preg_match(): Delimiter must not be alphanumeric or backslash /usr/share/nginx/html/thinkphp/lunhui/Application/Common/Common/function.php 第 131 行.
NOTIC: [2] preg_match(): Delimiter must not be alphanumeric or backslash /usr/share/nginx/html/thinkphp/lunhui/Application/Common/Common/function.php 第 133 行.
NOTIC: [2] preg_match(): Delimiter must not be alphanumeric or backslash /usr/share/nginx/html/thinkphp/lunhui/Application/Common/Common/function.php 第 135 行.
NOTIC: [2] preg_match(): Delimiter must not be alphanumeric or backslash /usr/share/nginx/html/thinkphp/lunhui/Application/Common/Common/function.php 第 137 行.
SQL: SHOW COLUMNS FROM `web_article` [ RunTime:0.0015s ]
SQL: INSERT INTO `web_article` (`a_title`,`cate_id`,`photo`,`a_keyword`,`a_remark`,`a_content`,`a_red`,`a_type`,`a_views`,`a_writer`,`create_time`,`create_ip`,`last_time`,`a_from`) VALUES ('今天面试被问了一个mysql的特有语法，看了之后并不知道有什么用','1','','insert into .....on duplicate key update','如果unique约束字段存在重复值则用update后面指定的值更新该记录，如果不存在重复的值则插入一条新记录。','<p style=\"white-space: normal;\">insert into table values() on duplicate key update 列名=值;<br/></p><p style=\"white-space: normal;\">这条语句用来插入一条数据，如果插入的列中有unique约束并和原有的记录有重复的值则执行后面的更新语句，否则插入一条新行，如：<br/></p><p style=\"white-space: normal;\">A表中有个id name phonenum 三个字段，并且phonenum有unique约束，且A表已存在以下记录：(1,chen,15800) (2,xiao,13400); 现在要实现这样一个功能:插入一条数据（3,hah,15800),如果phonenum字段已存在重复的值15800，则更新name = &#39;hah&#39;,如果不存在15800则插入一条新行：insert into A values(3,&#39;haha&#39;,15800) on duplicate key update name = &#39;hah&#39;; //执行结果是第一条记录的name字段被更新为&#39;hah&#39;-------------------注意这是非标准sql语句,慎用</p><p><br/></p>','1','1','1','peandloc','1458895270','0.0.0.0','1458895270','Unknown') [ RunTime:0.0215s ]

[ 2016-03-25T16:41:11+08:00 ] ::1 /Admin/article/index.html
INFO: [ app_init ] --START--
INFO: Run Behavior\BuildLiteBehavior [ RunTime:0.000018s ]
INFO: [ app_init ] --END-- [ RunTime:0.000129s ]
INFO: [ app_begin ] --START--
INFO: Run Behavior\ReadHtmlCacheBehavior [ RunTime:0.000058s ]
INFO: [ app_begin ] --END-- [ RunTime:0.000123s ]
NOTIC: [8] Undefined index: menu_list /usr/share/nginx/html/thinkphp/lunhui/Application/Admin/Controller/BaseController.class.php 第 65 行.
NOTIC: [2] Invalid argument supplied for foreach() /usr/share/nginx/html/thinkphp/lunhui/Application/Admin/Controller/BaseController.class.php 第 65 行.
SQL: SHOW COLUMNS FROM `web_treenode` [ RunTime:0.0008s ]
SQL: SELECT * FROM `web_treenode` WHERE `menuflag` = 1  [ RunTime:0.0001s ]
SQL: SHOW COLUMNS FROM `web_article` [ RunTime:0.0006s ]
SQL: SHOW COLUMNS FROM `web_article_cate` [ RunTime:0.0005s ]
SQL: SELECT COUNT(*) AS tp_count FROM `web_article` LIMIT 1   [ RunTime:0.0003s ]
SQL: SELECT * FROM `web_article` ORDER BY a_id desc LIMIT 0,10   [ RunTime:0.0003s ]
SQL: SELECT * FROM `web_article_cate`  [ RunTime:0.0001s ]
INFO: [ view_parse ] --START--
INFO: [ template_filter ] --START--
INFO: Run Behavior\ContentReplaceBehavior [ RunTime:0.000135s ]
INFO: [ template_filter ] --END-- [ RunTime:0.000225s ]
NOTIC: [8] Undefined variable: Os /usr/share/nginx/html/thinkphp/lunhui/Application/Runtime/Cache/Admin/7a4184ffe8f804b12b2e7f8851dd8f7d.php 第 148 行.
INFO: Run Behavior\ParseTemplateBehavior [ RunTime:0.020922s ]
INFO: [ view_parse ] --END-- [ RunTime:0.021001s ]
INFO: [ view_filter ] --START--
INFO: Run Behavior\WriteHtmlCacheBehavior [ RunTime:0.000077s ]
INFO: [ view_filter ] --END-- [ RunTime:0.000136s ]
INFO: [ app_end ] --START--
INFO: Run Behavior\ShowPageTraceBehavior [ RunTime:0.000132s ]
INFO: [ app_end ] --END-- [ RunTime:0.000223s ]

[ 2016-03-25T16:41:44+08:00 ] ::1 /Admin/Article/edit/a_id/69.html
INFO: [ app_init ] --START--
INFO: Run Behavior\BuildLiteBehavior [ RunTime:0.000018s ]
INFO: [ app_init ] --END-- [ RunTime:0.000147s ]
INFO: [ app_begin ] --START--
INFO: Run Behavior\ReadHtmlCacheBehavior [ RunTime:0.000107s ]
INFO: [ app_begin ] --END-- [ RunTime:0.000219s ]
NOTIC: [8] Undefined index: menu_list /usr/share/nginx/html/thinkphp/lunhui/Application/Admin/Controller/BaseController.class.php 第 65 行.
NOTIC: [2] Invalid argument supplied for foreach() /usr/share/nginx/html/thinkphp/lunhui/Application/Admin/Controller/BaseController.class.php 第 65 行.
SQL: SHOW COLUMNS FROM `web_treenode` [ RunTime:0.0008s ]
SQL: SELECT * FROM `web_treenode` WHERE `menuflag` = 1  [ RunTime:0.0002s ]
SQL: SHOW COLUMNS FROM `web_article_cate` [ RunTime:0.0014s ]
SQL: SELECT * FROM `web_article_cate`  [ RunTime:0.0001s ]
SQL: SHOW COLUMNS FROM `web_article` [ RunTime:0.0010s ]
SQL: SELECT * FROM `web_article` WHERE `a_id` = 69 LIMIT 1   [ RunTime:0.0002s ]
INFO: [ view_parse ] --START--
INFO: [ template_filter ] --START--
INFO: Run Behavior\ContentReplaceBehavior [ RunTime:0.000251s ]
INFO: [ template_filter ] --END-- [ RunTime:0.000398s ]
NOTIC: [8] Undefined variable: Os /usr/share/nginx/html/thinkphp/lunhui/Application/Runtime/Cache/Admin/761055de2f430bef08441163fbb8bda7.php 第 150 行.
NOTIC: [8] Undefined variable: nowtime /usr/share/nginx/html/thinkphp/lunhui/Application/Runtime/Cache/Admin/761055de2f430bef08441163fbb8bda7.php 第 353 行.
INFO: Run Behavior\ParseTemplateBehavior [ RunTime:0.039097s ]
INFO: [ view_parse ] --END-- [ RunTime:0.039168s ]
INFO: [ view_filter ] --START--
INFO: Run Behavior\WriteHtmlCacheBehavior [ RunTime:0.000058s ]
INFO: [ view_filter ] --END-- [ RunTime:0.000096s ]
INFO: [ app_end ] --START--
INFO: Run Behavior\ShowPageTraceBehavior [ RunTime:0.000050s ]
INFO: [ app_end ] --END-- [ RunTime:0.000091s ]

