[ 2016-03-07T21:46:46+08:00 ] ::1 /admin
INFO: [ app_init ] --START--
INFO: Run Behavior\BuildLiteBehavior [ RunTime:0.000015s ]
INFO: [ app_init ] --END-- [ RunTime:0.000176s ]
INFO: [ app_begin ] --START--
INFO: Run Behavior\ReadHtmlCacheBehavior [ RunTime:0.000082s ]
INFO: [ app_begin ] --END-- [ RunTime:0.000145s ]

[ 2016-03-07T21:46:46+08:00 ] ::1 /Admin/login/index.html
INFO: [ app_init ] --START--
INFO: Run Behavior\BuildLiteBehavior [ RunTime:0.000016s ]
INFO: [ app_init ] --END-- [ RunTime:0.000105s ]
INFO: [ app_begin ] --START--
INFO: Run Behavior\ReadHtmlCacheBehavior [ RunTime:0.000048s ]
INFO: [ app_begin ] --END-- [ RunTime:0.000104s ]
INFO: [ view_parse ] --START--
INFO: [ template_filter ] --START--
INFO: Run Behavior\ContentReplaceBehavior [ RunTime:0.000056s ]
INFO: [ template_filter ] --END-- [ RunTime:0.000118s ]
INFO: Run Behavior\ParseTemplateBehavior [ RunTime:0.008563s ]
INFO: [ view_parse ] --END-- [ RunTime:0.008656s ]
INFO: [ view_filter ] --START--
INFO: Run Behavior\WriteHtmlCacheBehavior [ RunTime:0.000049s ]
INFO: [ view_filter ] --END-- [ RunTime:0.000088s ]
INFO: [ app_end ] --START--
INFO: Run Behavior\ShowPageTraceBehavior [ RunTime:0.000041s ]
INFO: [ app_end ] --END-- [ RunTime:0.000079s ]

[ 2016-03-07T21:46:50+08:00 ] ::1 /Admin/Login/dologin
INFO: [ app_init ] --START--
INFO: Run Behavior\BuildLiteBehavior [ RunTime:0.000020s ]
INFO: [ app_init ] --END-- [ RunTime:0.000143s ]
INFO: [ app_begin ] --START--
INFO: Run Behavior\ReadHtmlCacheBehavior [ RunTime:0.000065s ]
INFO: [ app_begin ] --END-- [ RunTime:0.000132s ]
SQL: SHOW COLUMNS FROM `web_admin` [ RunTime:0.0009s ]
SQL: SELECT * FROM `web_admin` WHERE `user` = 'lunhui' AND `state` = 1 LIMIT 1   [ RunTime:0.0133s ]
SQL: UPDATE `web_admin` SET `last_logintime`='1457358410',`last_loginip`='127.0.0.1' WHERE `id` = 1 [ RunTime:0.0170s ]

[ 2016-03-07T21:46:50+08:00 ] ::1 /Admin/Index/index.html
INFO: [ app_init ] --START--
INFO: Run Behavior\BuildLiteBehavior [ RunTime:0.000032s ]
INFO: [ app_init ] --END-- [ RunTime:0.000193s ]
INFO: [ app_begin ] --START--
INFO: Run Behavior\ReadHtmlCacheBehavior [ RunTime:0.000055s ]
INFO: [ app_begin ] --END-- [ RunTime:0.000119s ]
NOTIC: [8] Undefined index: menu_list /usr/share/nginx/html/thinkphp/lunhui/Application/Admin/Controller/BaseController.class.php 第 65 行.
NOTIC: [2] Invalid argument supplied for foreach() /usr/share/nginx/html/thinkphp/lunhui/Application/Admin/Controller/BaseController.class.php 第 65 行.
SQL: SHOW COLUMNS FROM `web_treenode` [ RunTime:0.0009s ]
SQL: SELECT * FROM `web_treenode` WHERE `menuflag` = 1  [ RunTime:0.0007s ]
INFO: [ view_parse ] --START--
INFO: [ template_filter ] --START--
INFO: Run Behavior\ContentReplaceBehavior [ RunTime:0.000114s ]
INFO: [ template_filter ] --END-- [ RunTime:0.000176s ]
NOTIC: [8] Undefined variable: Os /usr/share/nginx/html/thinkphp/lunhui/Application/Runtime/Cache/Admin/b595b808c2ebeeeb0478ffc30bb4e87a.php 第 110 行.
INFO: Run Behavior\ParseTemplateBehavior [ RunTime:0.071380s ]
INFO: [ view_parse ] --END-- [ RunTime:0.071536s ]
INFO: [ view_filter ] --START--
INFO: Run Behavior\WriteHtmlCacheBehavior [ RunTime:0.000080s ]
INFO: [ view_filter ] --END-- [ RunTime:0.000137s ]
INFO: [ app_end ] --START--
INFO: Run Behavior\ShowPageTraceBehavior [ RunTime:0.000081s ]
INFO: [ app_end ] --END-- [ RunTime:0.000144s ]

[ 2016-03-07T21:47:02+08:00 ] ::1 /Admin/article/index.html
INFO: [ app_init ] --START--
INFO: Run Behavior\BuildLiteBehavior [ RunTime:0.000018s ]
INFO: [ app_init ] --END-- [ RunTime:0.000135s ]
INFO: [ app_begin ] --START--
INFO: Run Behavior\ReadHtmlCacheBehavior [ RunTime:0.000052s ]
INFO: [ app_begin ] --END-- [ RunTime:0.000106s ]
NOTIC: [8] Undefined index: menu_list /usr/share/nginx/html/thinkphp/lunhui/Application/Admin/Controller/BaseController.class.php 第 65 行.
NOTIC: [2] Invalid argument supplied for foreach() /usr/share/nginx/html/thinkphp/lunhui/Application/Admin/Controller/BaseController.class.php 第 65 行.
SQL: SHOW COLUMNS FROM `web_treenode` [ RunTime:0.0010s ]
SQL: SELECT * FROM `web_treenode` WHERE `menuflag` = 1  [ RunTime:0.0001s ]
SQL: SHOW COLUMNS FROM `web_article` [ RunTime:0.0015s ]
SQL: SHOW COLUMNS FROM `web_article_cate` [ RunTime:0.0011s ]
SQL: SELECT COUNT(*) AS tp_count FROM `web_article` LIMIT 1   [ RunTime:0.0001s ]
SQL: SELECT * FROM `web_article` ORDER BY a_id desc LIMIT 0,10   [ RunTime:0.0010s ]
SQL: SELECT * FROM `web_article_cate`  [ RunTime:0.0002s ]
INFO: [ view_parse ] --START--
INFO: [ template_filter ] --START--
INFO: Run Behavior\ContentReplaceBehavior [ RunTime:0.000281s ]
INFO: [ template_filter ] --END-- [ RunTime:0.000442s ]
NOTIC: [8] Undefined variable: Os /usr/share/nginx/html/thinkphp/lunhui/Application/Runtime/Cache/Admin/7a4184ffe8f804b12b2e7f8851dd8f7d.php 第 148 行.
INFO: Run Behavior\ParseTemplateBehavior [ RunTime:0.035783s ]
INFO: [ view_parse ] --END-- [ RunTime:0.035895s ]
INFO: [ view_filter ] --START--
INFO: Run Behavior\WriteHtmlCacheBehavior [ RunTime:0.000056s ]
INFO: [ view_filter ] --END-- [ RunTime:0.000095s ]
INFO: [ app_end ] --START--
INFO: Run Behavior\ShowPageTraceBehavior [ RunTime:0.000058s ]
INFO: [ app_end ] --END-- [ RunTime:0.000098s ]

[ 2016-03-07T21:47:04+08:00 ] ::1 /Admin/Article/add.html
INFO: [ app_init ] --START--
INFO: Run Behavior\BuildLiteBehavior [ RunTime:0.000015s ]
INFO: [ app_init ] --END-- [ RunTime:0.000142s ]
INFO: [ app_begin ] --START--
INFO: Run Behavior\ReadHtmlCacheBehavior [ RunTime:0.000095s ]
INFO: [ app_begin ] --END-- [ RunTime:0.000206s ]
NOTIC: [8] Undefined index: menu_list /usr/share/nginx/html/thinkphp/lunhui/Application/Admin/Controller/BaseController.class.php 第 65 行.
NOTIC: [2] Invalid argument supplied for foreach() /usr/share/nginx/html/thinkphp/lunhui/Application/Admin/Controller/BaseController.class.php 第 65 行.
SQL: SHOW COLUMNS FROM `web_treenode` [ RunTime:0.0013s ]
SQL: SELECT * FROM `web_treenode` WHERE `menuflag` = 1  [ RunTime:0.0003s ]
SQL: SHOW COLUMNS FROM `web_article_cate` [ RunTime:0.0008s ]
SQL: SELECT * FROM `web_article_cate`  [ RunTime:0.0002s ]
INFO: [ view_parse ] --START--
INFO: [ template_filter ] --START--
INFO: Run Behavior\ContentReplaceBehavior [ RunTime:0.000145s ]
INFO: [ template_filter ] --END-- [ RunTime:0.000221s ]
NOTIC: [8] Undefined variable: Os /usr/share/nginx/html/thinkphp/lunhui/Application/Runtime/Cache/Admin/e16cf278f1c326e72baf6415dbd5ab87.php 第 150 行.
NOTIC: [8] Undefined variable: detail /usr/share/nginx/html/thinkphp/lunhui/Application/Runtime/Cache/Admin/e16cf278f1c326e72baf6415dbd5ab87.php 第 243 行.
NOTIC: [8] Undefined variable: nowtime /usr/share/nginx/html/thinkphp/lunhui/Application/Runtime/Cache/Admin/e16cf278f1c326e72baf6415dbd5ab87.php 第 352 行.
INFO: Run Behavior\ParseTemplateBehavior [ RunTime:0.040756s ]
INFO: [ view_parse ] --END-- [ RunTime:0.040886s ]
INFO: [ view_filter ] --START--
INFO: Run Behavior\WriteHtmlCacheBehavior [ RunTime:0.000140s ]
INFO: [ view_filter ] --END-- [ RunTime:0.000200s ]
INFO: [ app_end ] --START--
INFO: Run Behavior\ShowPageTraceBehavior [ RunTime:0.000093s ]
INFO: [ app_end ] --END-- [ RunTime:0.000152s ]

[ 2016-03-07T21:47:09+08:00 ] ::1 /Admin/article/index.html
INFO: [ app_init ] --START--
INFO: Run Behavior\BuildLiteBehavior [ RunTime:0.000026s ]
INFO: [ app_init ] --END-- [ RunTime:0.000185s ]
INFO: [ app_begin ] --START--
INFO: Run Behavior\ReadHtmlCacheBehavior [ RunTime:0.000086s ]
INFO: [ app_begin ] --END-- [ RunTime:0.000177s ]
NOTIC: [8] Undefined index: menu_list /usr/share/nginx/html/thinkphp/lunhui/Application/Admin/Controller/BaseController.class.php 第 65 行.
NOTIC: [2] Invalid argument supplied for foreach() /usr/share/nginx/html/thinkphp/lunhui/Application/Admin/Controller/BaseController.class.php 第 65 行.
SQL: SHOW COLUMNS FROM `web_treenode` [ RunTime:0.0008s ]
SQL: SELECT * FROM `web_treenode` WHERE `menuflag` = 1  [ RunTime:0.0001s ]
SQL: SHOW COLUMNS FROM `web_article` [ RunTime:0.0006s ]
SQL: SHOW COLUMNS FROM `web_article_cate` [ RunTime:0.0005s ]
SQL: SELECT COUNT(*) AS tp_count FROM `web_article` LIMIT 1   [ RunTime:0.0001s ]
SQL: SELECT * FROM `web_article` ORDER BY a_id desc LIMIT 0,10   [ RunTime:0.0001s ]
SQL: SELECT * FROM `web_article_cate`  [ RunTime:0.0001s ]
INFO: [ view_parse ] --START--
INFO: [ template_filter ] --START--
INFO: Run Behavior\ContentReplaceBehavior [ RunTime:0.000103s ]
INFO: [ template_filter ] --END-- [ RunTime:0.000165s ]
NOTIC: [8] Undefined variable: Os /usr/share/nginx/html/thinkphp/lunhui/Application/Runtime/Cache/Admin/7a4184ffe8f804b12b2e7f8851dd8f7d.php 第 148 行.
INFO: Run Behavior\ParseTemplateBehavior [ RunTime:0.020056s ]
INFO: [ view_parse ] --END-- [ RunTime:0.020107s ]
INFO: [ view_filter ] --START--
INFO: Run Behavior\WriteHtmlCacheBehavior [ RunTime:0.000051s ]
INFO: [ view_filter ] --END-- [ RunTime:0.000089s ]
INFO: [ app_end ] --START--
INFO: Run Behavior\ShowPageTraceBehavior [ RunTime:0.000045s ]
INFO: [ app_end ] --END-- [ RunTime:0.000084s ]

[ 2016-03-07T21:47:14+08:00 ] ::1 /Admin/Article/add.html
INFO: [ app_init ] --START--
INFO: Run Behavior\BuildLiteBehavior [ RunTime:0.000026s ]
INFO: [ app_init ] --END-- [ RunTime:0.000190s ]
INFO: [ app_begin ] --START--
INFO: Run Behavior\ReadHtmlCacheBehavior [ RunTime:0.000092s ]
INFO: [ app_begin ] --END-- [ RunTime:0.000213s ]
NOTIC: [8] Undefined index: menu_list /usr/share/nginx/html/thinkphp/lunhui/Application/Admin/Controller/BaseController.class.php 第 65 行.
NOTIC: [2] Invalid argument supplied for foreach() /usr/share/nginx/html/thinkphp/lunhui/Application/Admin/Controller/BaseController.class.php 第 65 行.
SQL: SHOW COLUMNS FROM `web_treenode` [ RunTime:0.0013s ]
SQL: SELECT * FROM `web_treenode` WHERE `menuflag` = 1  [ RunTime:0.0003s ]
SQL: SHOW COLUMNS FROM `web_article_cate` [ RunTime:0.0010s ]
SQL: SELECT * FROM `web_article_cate`  [ RunTime:0.0001s ]
INFO: [ view_parse ] --START--
INFO: [ template_filter ] --START--
INFO: Run Behavior\ContentReplaceBehavior [ RunTime:0.000100s ]
INFO: [ template_filter ] --END-- [ RunTime:0.000160s ]
NOTIC: [8] Undefined variable: Os /usr/share/nginx/html/thinkphp/lunhui/Application/Runtime/Cache/Admin/e16cf278f1c326e72baf6415dbd5ab87.php 第 150 行.
NOTIC: [8] Undefined variable: detail /usr/share/nginx/html/thinkphp/lunhui/Application/Runtime/Cache/Admin/e16cf278f1c326e72baf6415dbd5ab87.php 第 243 行.
NOTIC: [8] Undefined variable: nowtime /usr/share/nginx/html/thinkphp/lunhui/Application/Runtime/Cache/Admin/e16cf278f1c326e72baf6415dbd5ab87.php 第 352 行.
INFO: Run Behavior\ParseTemplateBehavior [ RunTime:0.018514s ]
INFO: [ view_parse ] --END-- [ RunTime:0.018583s ]
INFO: [ view_filter ] --START--
INFO: Run Behavior\WriteHtmlCacheBehavior [ RunTime:0.000058s ]
INFO: [ view_filter ] --END-- [ RunTime:0.000095s ]
INFO: [ app_end ] --START--
INFO: Run Behavior\ShowPageTraceBehavior [ RunTime:0.000064s ]
INFO: [ app_end ] --END-- [ RunTime:0.000124s ]

[ 2016-03-07T22:18:26+08:00 ] ::1 /admin
INFO: [ app_init ] --START--
INFO: Run Behavior\BuildLiteBehavior [ RunTime:0.000013s ]
INFO: [ app_init ] --END-- [ RunTime:0.000102s ]
INFO: [ app_begin ] --START--
INFO: Run Behavior\ReadHtmlCacheBehavior [ RunTime:0.000044s ]
INFO: [ app_begin ] --END-- [ RunTime:0.000086s ]
NOTIC: [8] Undefined index: menu_list /usr/share/nginx/html/thinkphp/lunhui/Application/Admin/Controller/BaseController.class.php 第 65 行.
NOTIC: [2] Invalid argument supplied for foreach() /usr/share/nginx/html/thinkphp/lunhui/Application/Admin/Controller/BaseController.class.php 第 65 行.
SQL: SHOW COLUMNS FROM `web_treenode` [ RunTime:0.0009s ]
SQL: SELECT * FROM `web_treenode` WHERE `menuflag` = 1  [ RunTime:0.0002s ]
INFO: [ view_parse ] --START--
INFO: [ template_filter ] --START--
INFO: Run Behavior\ContentReplaceBehavior [ RunTime:0.000090s ]
INFO: [ template_filter ] --END-- [ RunTime:0.000146s ]
NOTIC: [8] Undefined variable: Os /usr/share/nginx/html/thinkphp/lunhui/Application/Runtime/Cache/Admin/b595b808c2ebeeeb0478ffc30bb4e87a.php 第 110 行.
INFO: Run Behavior\ParseTemplateBehavior [ RunTime:0.049830s ]
INFO: [ view_parse ] --END-- [ RunTime:0.049928s ]
INFO: [ view_filter ] --START--
INFO: Run Behavior\WriteHtmlCacheBehavior [ RunTime:0.000057s ]
INFO: [ view_filter ] --END-- [ RunTime:0.000096s ]
INFO: [ app_end ] --START--
INFO: Run Behavior\ShowPageTraceBehavior [ RunTime:0.000075s ]
INFO: [ app_end ] --END-- [ RunTime:0.000135s ]

[ 2016-03-07T22:19:59+08:00 ] ::1 /Admin/Article/add.html
INFO: [ app_init ] --START--
INFO: Run Behavior\BuildLiteBehavior [ RunTime:0.000015s ]
INFO: [ app_init ] --END-- [ RunTime:0.000116s ]
INFO: [ app_begin ] --START--
INFO: Run Behavior\ReadHtmlCacheBehavior [ RunTime:0.000091s ]
INFO: [ app_begin ] --END-- [ RunTime:0.000185s ]
NOTIC: [8] Undefined index: menu_list /usr/share/nginx/html/thinkphp/lunhui/Application/Admin/Controller/BaseController.class.php 第 65 行.
NOTIC: [2] Invalid argument supplied for foreach() /usr/share/nginx/html/thinkphp/lunhui/Application/Admin/Controller/BaseController.class.php 第 65 行.
SQL: SHOW COLUMNS FROM `web_treenode` [ RunTime:0.0009s ]
SQL: SELECT * FROM `web_treenode` WHERE `menuflag` = 1  [ RunTime:0.0001s ]
SQL: SHOW COLUMNS FROM `web_article_cate` [ RunTime:0.0006s ]
SQL: SELECT * FROM `web_article_cate`  [ RunTime:0.0002s ]
INFO: [ view_parse ] --START--
INFO: [ template_filter ] --START--
INFO: Run Behavior\ContentReplaceBehavior [ RunTime:0.000139s ]
INFO: [ template_filter ] --END-- [ RunTime:0.000260s ]
NOTIC: [8] Undefined variable: Os /usr/share/nginx/html/thinkphp/lunhui/Application/Runtime/Cache/Admin/e16cf278f1c326e72baf6415dbd5ab87.php 第 150 行.
NOTIC: [8] Undefined variable: detail /usr/share/nginx/html/thinkphp/lunhui/Application/Runtime/Cache/Admin/e16cf278f1c326e72baf6415dbd5ab87.php 第 243 行.
NOTIC: [8] Undefined variable: nowtime /usr/share/nginx/html/thinkphp/lunhui/Application/Runtime/Cache/Admin/e16cf278f1c326e72baf6415dbd5ab87.php 第 352 行.
INFO: Run Behavior\ParseTemplateBehavior [ RunTime:0.016945s ]
INFO: [ view_parse ] --END-- [ RunTime:0.017039s ]
INFO: [ view_filter ] --START--
INFO: Run Behavior\WriteHtmlCacheBehavior [ RunTime:0.000192s ]
INFO: [ view_filter ] --END-- [ RunTime:0.000267s ]
INFO: [ app_end ] --START--
INFO: Run Behavior\ShowPageTraceBehavior [ RunTime:0.000184s ]
INFO: [ app_end ] --END-- [ RunTime:0.000268s ]

[ 2016-03-07T22:20:49+08:00 ] ::1 /Admin/Article/add.html
INFO: [ app_init ] --START--
INFO: Run Behavior\BuildLiteBehavior [ RunTime:0.000020s ]
INFO: [ app_init ] --END-- [ RunTime:0.000154s ]
INFO: [ app_begin ] --START--
INFO: Run Behavior\ReadHtmlCacheBehavior [ RunTime:0.000076s ]
INFO: [ app_begin ] --END-- [ RunTime:0.000138s ]
NOTIC: [8] Undefined index: menu_list /usr/share/nginx/html/thinkphp/lunhui/Application/Admin/Controller/BaseController.class.php 第 65 行.
NOTIC: [2] Invalid argument supplied for foreach() /usr/share/nginx/html/thinkphp/lunhui/Application/Admin/Controller/BaseController.class.php 第 65 行.
SQL: SHOW COLUMNS FROM `web_treenode` [ RunTime:0.0007s ]
SQL: SELECT * FROM `web_treenode` WHERE `menuflag` = 1  [ RunTime:0.0001s ]
SQL: SHOW COLUMNS FROM `web_article_cate` [ RunTime:0.0005s ]
SQL: SELECT * FROM `web_article_cate`  [ RunTime:0.0002s ]
INFO: [ view_parse ] --START--
INFO: [ template_filter ] --START--
INFO: Run Behavior\ContentReplaceBehavior [ RunTime:0.000157s ]
INFO: [ template_filter ] --END-- [ RunTime:0.000292s ]
NOTIC: [8] Undefined variable: Os /usr/share/nginx/html/thinkphp/lunhui/Application/Runtime/Cache/Admin/e16cf278f1c326e72baf6415dbd5ab87.php 第 150 行.
NOTIC: [8] Undefined variable: detail /usr/share/nginx/html/thinkphp/lunhui/Application/Runtime/Cache/Admin/e16cf278f1c326e72baf6415dbd5ab87.php 第 243 行.
NOTIC: [8] Undefined variable: nowtime /usr/share/nginx/html/thinkphp/lunhui/Application/Runtime/Cache/Admin/e16cf278f1c326e72baf6415dbd5ab87.php 第 352 行.
INFO: Run Behavior\ParseTemplateBehavior [ RunTime:0.017551s ]
INFO: [ view_parse ] --END-- [ RunTime:0.017600s ]
INFO: [ view_filter ] --START--
INFO: Run Behavior\WriteHtmlCacheBehavior [ RunTime:0.000054s ]
INFO: [ view_filter ] --END-- [ RunTime:0.000092s ]
INFO: [ app_end ] --START--
INFO: Run Behavior\ShowPageTraceBehavior [ RunTime:0.000045s ]
INFO: [ app_end ] --END-- [ RunTime:0.000085s ]

[ 2016-03-07T22:40:18+08:00 ] ::1 /Admin/Article/runadd.html
INFO: [ app_init ] --START--
INFO: Run Behavior\BuildLiteBehavior [ RunTime:0.000013s ]
INFO: [ app_init ] --END-- [ RunTime:0.000106s ]
INFO: [ app_begin ] --START--
INFO: Run Behavior\ReadHtmlCacheBehavior [ RunTime:0.000147s ]
INFO: [ app_begin ] --END-- [ RunTime:0.000282s ]
NOTIC: [8] Undefined index: menu_list /usr/share/nginx/html/thinkphp/lunhui/Application/Admin/Controller/BaseController.class.php 第 65 行.
NOTIC: [2] Invalid argument supplied for foreach() /usr/share/nginx/html/thinkphp/lunhui/Application/Admin/Controller/BaseController.class.php 第 65 行.
SQL: SHOW COLUMNS FROM `web_treenode` [ RunTime:0.0007s ]
SQL: SELECT * FROM `web_treenode` WHERE `menuflag` = 1  [ RunTime:0.0004s ]
NOTIC: [8192] Function eregi() is deprecated /usr/share/nginx/html/thinkphp/lunhui/Application/Common/Common/function.php 第 63 行.
NOTIC: [8192] Function eregi() is deprecated /usr/share/nginx/html/thinkphp/lunhui/Application/Common/Common/function.php 第 65 行.
NOTIC: [8192] Function eregi() is deprecated /usr/share/nginx/html/thinkphp/lunhui/Application/Common/Common/function.php 第 67 行.
NOTIC: [8192] Function eregi() is deprecated /usr/share/nginx/html/thinkphp/lunhui/Application/Common/Common/function.php 第 69 行.
NOTIC: [8192] Function eregi() is deprecated /usr/share/nginx/html/thinkphp/lunhui/Application/Common/Common/function.php 第 71 行.
NOTIC: [8192] Function eregi() is deprecated /usr/share/nginx/html/thinkphp/lunhui/Application/Common/Common/function.php 第 73 行.
NOTIC: [8192] Function eregi() is deprecated /usr/share/nginx/html/thinkphp/lunhui/Application/Common/Common/function.php 第 75 行.
NOTIC: [8192] Function eregi() is deprecated /usr/share/nginx/html/thinkphp/lunhui/Application/Common/Common/function.php 第 77 行.
NOTIC: [8192] Function eregi() is deprecated /usr/share/nginx/html/thinkphp/lunhui/Application/Common/Common/function.php 第 79 行.
NOTIC: [8192] Function eregi() is deprecated /usr/share/nginx/html/thinkphp/lunhui/Application/Common/Common/function.php 第 81 行.
NOTIC: [8192] Function eregi() is deprecated /usr/share/nginx/html/thinkphp/lunhui/Application/Common/Common/function.php 第 83 行.
NOTIC: [8192] Function eregi() is deprecated /usr/share/nginx/html/thinkphp/lunhui/Application/Common/Common/function.php 第 85 行.
NOTIC: [8192] Function ereg() is deprecated /usr/share/nginx/html/thinkphp/lunhui/Application/Common/Common/function.php 第 87 行.
NOTIC: [8192] Function eregi() is deprecated /usr/share/nginx/html/thinkphp/lunhui/Application/Common/Common/function.php 第 89 行.
NOTIC: [8192] Function eregi() is deprecated /usr/share/nginx/html/thinkphp/lunhui/Application/Common/Common/function.php 第 91 行.
NOTIC: [8192] Function eregi() is deprecated /usr/share/nginx/html/thinkphp/lunhui/Application/Common/Common/function.php 第 93 行.
NOTIC: [8192] Function eregi() is deprecated /usr/share/nginx/html/thinkphp/lunhui/Application/Common/Common/function.php 第 95 行.
NOTIC: [8192] Function eregi() is deprecated /usr/share/nginx/html/thinkphp/lunhui/Application/Common/Common/function.php 第 97 行.
NOTIC: [8192] Function eregi() is deprecated /usr/share/nginx/html/thinkphp/lunhui/Application/Common/Common/function.php 第 99 行.
NOTIC: [8192] Function eregi() is deprecated /usr/share/nginx/html/thinkphp/lunhui/Application/Common/Common/function.php 第 101 行.
NOTIC: [8192] Function eregi() is deprecated /usr/share/nginx/html/thinkphp/lunhui/Application/Common/Common/function.php 第 103 行.
NOTIC: [8192] Function eregi() is deprecated /usr/share/nginx/html/thinkphp/lunhui/Application/Common/Common/function.php 第 105 行.
NOTIC: [8192] Function eregi() is deprecated /usr/share/nginx/html/thinkphp/lunhui/Application/Common/Common/function.php 第 107 行.
NOTIC: [8192] Function eregi() is deprecated /usr/share/nginx/html/thinkphp/lunhui/Application/Common/Common/function.php 第 109 行.
NOTIC: [8192] Function eregi() is deprecated /usr/share/nginx/html/thinkphp/lunhui/Application/Common/Common/function.php 第 111 行.
SQL: SHOW COLUMNS FROM `web_article` [ RunTime:0.0008s ]
SQL: INSERT INTO `web_article` (`a_title`,`cate_id`,`photo`,`a_keyword`,`a_remark`,`a_content`,`a_red`,`a_type`,`a_views`,`a_writer`,`create_time`,`create_ip`,`last_time`,`a_from`) VALUES ('absolute、relative的区别','9','','absolute、relative','1.absolute 脱离了正常的文档流,所以在正常的文档流中不占据位置，可以层叠在其它元素上面(it is absolute a elfin);而relative在正常的文档流中，所以元素在偏移后仍然会占据文档原来的空间(空白)
2.absolute只有在一种情况下会以浏览器左上角作为定位原点:父级元素没有定义position属性并且被定位元素定义了TRBL(top,right,bottom,left);其它情况都是以爸爸的左上角为定位原点
3.relative是以爸爸的内容区左上角作为定位原点，也有TRBL;
3.关于z-index,儿子永远在爸爸上面，其它的情况，值越大越在上面','<p>1.absolute 脱离了正常的文档流,所以在正常的文档流中不占据位置，可以层叠在其它元素上面(it is absolute a elfin);而relative在正常的文档流中，所以元素在偏移后仍然会占据文档原来的空间(空白)</p><p>2.absolute只有在一种情况下会以浏览器左上角作为定位原点:父级元素没有定义position属性并且被定位元素定义了TRBL(top,right,bottom,left);其它情况都是以爸爸的左上角为定位原点</p><p>3.relative是以爸爸的内容区左上角作为定位原点，也有TRBL;</p><p>3.关于z-index,儿子永远在爸爸上面，其它的情况，值越大越在上面</p><p><br/></p>','1','1','1','晓晓','1457361618','0.0.0.0','1457361618','Linux') [ RunTime:0.0373s ]

[ 2016-03-07T22:40:19+08:00 ] ::1 /Admin/article/index.html
INFO: [ app_init ] --START--
INFO: Run Behavior\BuildLiteBehavior [ RunTime:0.000013s ]
INFO: [ app_init ] --END-- [ RunTime:0.000095s ]
INFO: [ app_begin ] --START--
INFO: Run Behavior\ReadHtmlCacheBehavior [ RunTime:0.000065s ]
INFO: [ app_begin ] --END-- [ RunTime:0.000139s ]
NOTIC: [8] Undefined index: menu_list /usr/share/nginx/html/thinkphp/lunhui/Application/Admin/Controller/BaseController.class.php 第 65 行.
NOTIC: [2] Invalid argument supplied for foreach() /usr/share/nginx/html/thinkphp/lunhui/Application/Admin/Controller/BaseController.class.php 第 65 行.
SQL: SHOW COLUMNS FROM `web_treenode` [ RunTime:0.0007s ]
SQL: SELECT * FROM `web_treenode` WHERE `menuflag` = 1  [ RunTime:0.0001s ]
SQL: SHOW COLUMNS FROM `web_article` [ RunTime:0.0007s ]
SQL: SHOW COLUMNS FROM `web_article_cate` [ RunTime:0.0005s ]
SQL: SELECT COUNT(*) AS tp_count FROM `web_article` LIMIT 1   [ RunTime:0.0002s ]
SQL: SELECT * FROM `web_article` ORDER BY a_id desc LIMIT 0,10   [ RunTime:0.0003s ]
SQL: SELECT * FROM `web_article_cate`  [ RunTime:0.0001s ]
INFO: [ view_parse ] --START--
INFO: [ template_filter ] --START--
INFO: Run Behavior\ContentReplaceBehavior [ RunTime:0.000106s ]
INFO: [ template_filter ] --END-- [ RunTime:0.000200s ]
NOTIC: [8] Undefined variable: Os /usr/share/nginx/html/thinkphp/lunhui/Application/Runtime/Cache/Admin/7a4184ffe8f804b12b2e7f8851dd8f7d.php 第 148 行.
INFO: Run Behavior\ParseTemplateBehavior [ RunTime:0.021955s ]
INFO: [ view_parse ] --END-- [ RunTime:0.022021s ]
INFO: [ view_filter ] --START--
INFO: Run Behavior\WriteHtmlCacheBehavior [ RunTime:0.000056s ]
INFO: [ view_filter ] --END-- [ RunTime:0.000094s ]
INFO: [ app_end ] --START--
INFO: Run Behavior\ShowPageTraceBehavior [ RunTime:0.000048s ]
INFO: [ app_end ] --END-- [ RunTime:0.000088s ]

[ 2016-03-07T22:50:53+08:00 ] ::1 /Admin/Article/edit/a_id/66.html
INFO: [ app_init ] --START--
INFO: Run Behavior\BuildLiteBehavior [ RunTime:0.000024s ]
INFO: [ app_init ] --END-- [ RunTime:0.000192s ]
INFO: [ app_begin ] --START--
INFO: Run Behavior\ReadHtmlCacheBehavior [ RunTime:0.000120s ]
INFO: [ app_begin ] --END-- [ RunTime:0.000227s ]
NOTIC: [8] Undefined index: menu_list /usr/share/nginx/html/thinkphp/lunhui/Application/Admin/Controller/BaseController.class.php 第 65 行.
NOTIC: [2] Invalid argument supplied for foreach() /usr/share/nginx/html/thinkphp/lunhui/Application/Admin/Controller/BaseController.class.php 第 65 行.
SQL: SHOW COLUMNS FROM `web_treenode` [ RunTime:0.0011s ]
SQL: SELECT * FROM `web_treenode` WHERE `menuflag` = 1  [ RunTime:0.0002s ]
SQL: SHOW COLUMNS FROM `web_article_cate` [ RunTime:0.0009s ]
SQL: SELECT * FROM `web_article_cate`  [ RunTime:0.0001s ]
SQL: SHOW COLUMNS FROM `web_article` [ RunTime:0.0008s ]
SQL: SELECT * FROM `web_article` WHERE `a_id` = 66 LIMIT 1   [ RunTime:0.0003s ]
INFO: [ view_parse ] --START--
INFO: [ template_filter ] --START--
INFO: Run Behavior\ContentReplaceBehavior [ RunTime:0.000146s ]
INFO: [ template_filter ] --END-- [ RunTime:0.000242s ]
NOTIC: [8] Undefined variable: Os /usr/share/nginx/html/thinkphp/lunhui/Application/Runtime/Cache/Admin/761055de2f430bef08441163fbb8bda7.php 第 150 行.
NOTIC: [8] Undefined variable: nowtime /usr/share/nginx/html/thinkphp/lunhui/Application/Runtime/Cache/Admin/761055de2f430bef08441163fbb8bda7.php 第 353 行.
INFO: Run Behavior\ParseTemplateBehavior [ RunTime:0.040054s ]
INFO: [ view_parse ] --END-- [ RunTime:0.040113s ]
INFO: [ view_filter ] --START--
INFO: Run Behavior\WriteHtmlCacheBehavior [ RunTime:0.000055s ]
INFO: [ view_filter ] --END-- [ RunTime:0.000092s ]
INFO: [ app_end ] --START--
INFO: Run Behavior\ShowPageTraceBehavior [ RunTime:0.000047s ]
INFO: [ app_end ] --END-- [ RunTime:0.000085s ]

[ 2016-03-07T22:52:21+08:00 ] ::1 /Admin/Article/runedit.html
INFO: [ app_init ] --START--
INFO: Run Behavior\BuildLiteBehavior [ RunTime:0.000017s ]
INFO: [ app_init ] --END-- [ RunTime:0.000132s ]
INFO: [ app_begin ] --START--
INFO: Run Behavior\ReadHtmlCacheBehavior [ RunTime:0.000062s ]
INFO: [ app_begin ] --END-- [ RunTime:0.000126s ]
NOTIC: [8] Undefined index: menu_list /usr/share/nginx/html/thinkphp/lunhui/Application/Admin/Controller/BaseController.class.php 第 65 行.
NOTIC: [2] Invalid argument supplied for foreach() /usr/share/nginx/html/thinkphp/lunhui/Application/Admin/Controller/BaseController.class.php 第 65 行.
SQL: SHOW COLUMNS FROM `web_treenode` [ RunTime:0.0007s ]
SQL: SELECT * FROM `web_treenode` WHERE `menuflag` = 1  [ RunTime:0.0001s ]
NOTIC: [8] Use of undefined constant htmlspecialchars - assumed 'htmlspecialchars' /usr/share/nginx/html/thinkphp/lunhui/Application/Admin/Controller/ArticleController.class.php 第 94 行.
NOTIC: [8192] Function eregi() is deprecated /usr/share/nginx/html/thinkphp/lunhui/Application/Common/Common/function.php 第 63 行.
NOTIC: [8192] Function eregi() is deprecated /usr/share/nginx/html/thinkphp/lunhui/Application/Common/Common/function.php 第 65 行.
NOTIC: [8192] Function eregi() is deprecated /usr/share/nginx/html/thinkphp/lunhui/Application/Common/Common/function.php 第 67 行.
NOTIC: [8192] Function eregi() is deprecated /usr/share/nginx/html/thinkphp/lunhui/Application/Common/Common/function.php 第 69 行.
NOTIC: [8192] Function eregi() is deprecated /usr/share/nginx/html/thinkphp/lunhui/Application/Common/Common/function.php 第 71 行.
NOTIC: [8192] Function eregi() is deprecated /usr/share/nginx/html/thinkphp/lunhui/Application/Common/Common/function.php 第 73 行.
NOTIC: [8192] Function eregi() is deprecated /usr/share/nginx/html/thinkphp/lunhui/Application/Common/Common/function.php 第 75 行.
NOTIC: [8192] Function eregi() is deprecated /usr/share/nginx/html/thinkphp/lunhui/Application/Common/Common/function.php 第 77 行.
NOTIC: [8192] Function eregi() is deprecated /usr/share/nginx/html/thinkphp/lunhui/Application/Common/Common/function.php 第 79 行.
NOTIC: [8192] Function eregi() is deprecated /usr/share/nginx/html/thinkphp/lunhui/Application/Common/Common/function.php 第 81 行.
NOTIC: [8192] Function eregi() is deprecated /usr/share/nginx/html/thinkphp/lunhui/Application/Common/Common/function.php 第 83 行.
NOTIC: [8192] Function eregi() is deprecated /usr/share/nginx/html/thinkphp/lunhui/Application/Common/Common/function.php 第 85 行.
NOTIC: [8192] Function ereg() is deprecated /usr/share/nginx/html/thinkphp/lunhui/Application/Common/Common/function.php 第 87 行.
NOTIC: [8192] Function eregi() is deprecated /usr/share/nginx/html/thinkphp/lunhui/Application/Common/Common/function.php 第 89 行.
NOTIC: [8192] Function eregi() is deprecated /usr/share/nginx/html/thinkphp/lunhui/Application/Common/Common/function.php 第 91 行.
NOTIC: [8192] Function eregi() is deprecated /usr/share/nginx/html/thinkphp/lunhui/Application/Common/Common/function.php 第 93 行.
NOTIC: [8192] Function eregi() is deprecated /usr/share/nginx/html/thinkphp/lunhui/Application/Common/Common/function.php 第 95 行.
NOTIC: [8192] Function eregi() is deprecated /usr/share/nginx/html/thinkphp/lunhui/Application/Common/Common/function.php 第 97 行.
NOTIC: [8192] Function eregi() is deprecated /usr/share/nginx/html/thinkphp/lunhui/Application/Common/Common/function.php 第 99 行.
NOTIC: [8192] Function eregi() is deprecated /usr/share/nginx/html/thinkphp/lunhui/Application/Common/Common/function.php 第 101 行.
NOTIC: [8192] Function eregi() is deprecated /usr/share/nginx/html/thinkphp/lunhui/Application/Common/Common/function.php 第 103 行.
NOTIC: [8192] Function eregi() is deprecated /usr/share/nginx/html/thinkphp/lunhui/Application/Common/Common/function.php 第 105 行.
NOTIC: [8192] Function eregi() is deprecated /usr/share/nginx/html/thinkphp/lunhui/Application/Common/Common/function.php 第 107 行.
NOTIC: [8192] Function eregi() is deprecated /usr/share/nginx/html/thinkphp/lunhui/Application/Common/Common/function.php 第 109 行.
NOTIC: [8192] Function eregi() is deprecated /usr/share/nginx/html/thinkphp/lunhui/Application/Common/Common/function.php 第 111 行.
SQL: SHOW COLUMNS FROM `web_article` [ RunTime:0.0014s ]
SQL: UPDATE `web_article` SET `a_title`='absolute、relative的区别',`cate_id`='9',`photo`='',`a_keyword`='absolute、relative',`a_remark`='1.absolute 脱离了正常的文档流,所以在正常的文档流中不占据位置，可以层叠在其它元素上面(it is absolute a elfin);而relative在正常的文档流中，所以元素在偏移后仍然会占据文档原来的空间(空白)
2.absolute只有在一种情况下会以浏览器左上角作为定位原点:父级元素没有定义position属性并且被定位元素定义了TRBL(top,right,bottom,left);其它情况都是以爸爸的左上角为定位原点
3.relative是以自身正常位置下的左上角为原来进行偏移，也有TR',`a_content`='<p>1.absolute 脱离了正常的文档流,所以在正常的文档流中不占据位置，可以层叠在其它元素上面(it is absolute a elfin);而relative在正常的文档流中，所以元素在偏移后仍然会占据文档原来的空间(空白)</p><p>2.absolute只有在一种情况下会以浏览器左上角作为定位原点:父级元素没有定义position属性并且被定位元素定义了TRBL(top,right,bottom,left);其它情况都是以爸爸的左上角为定位原点</p><p>3.relative是以自身正常位置下的左上角为原来进行偏移，也有TRBL;</p><p>3.关于z-index,儿子永远在爸爸上面，其它的情况，值越大越在上面</p><p><br/></p>',`a_red`='1',`a_type`='1',`a_views`='2',`a_writer`='晓晓',`create_ip`='0.0.0.0',`last_time`='1457362341',`a_from`='Linux' WHERE ( a_id=66 ) [ RunTime:0.0004s ]

[ 2016-03-07T22:52:22+08:00 ] ::1 /Admin/Article/index.html
INFO: [ app_init ] --START--
INFO: Run Behavior\BuildLiteBehavior [ RunTime:0.000019s ]
INFO: [ app_init ] --END-- [ RunTime:0.000132s ]
INFO: [ app_begin ] --START--
INFO: Run Behavior\ReadHtmlCacheBehavior [ RunTime:0.000066s ]
INFO: [ app_begin ] --END-- [ RunTime:0.000141s ]
NOTIC: [8] Undefined index: menu_list /usr/share/nginx/html/thinkphp/lunhui/Application/Admin/Controller/BaseController.class.php 第 65 行.
NOTIC: [2] Invalid argument supplied for foreach() /usr/share/nginx/html/thinkphp/lunhui/Application/Admin/Controller/BaseController.class.php 第 65 行.
SQL: SHOW COLUMNS FROM `web_treenode` [ RunTime:0.0008s ]
SQL: SELECT * FROM `web_treenode` WHERE `menuflag` = 1  [ RunTime:0.0002s ]
SQL: SHOW COLUMNS FROM `web_article` [ RunTime:0.0010s ]
SQL: SHOW COLUMNS FROM `web_article_cate` [ RunTime:0.0013s ]
SQL: SELECT COUNT(*) AS tp_count FROM `web_article` LIMIT 1   [ RunTime:0.0002s ]
SQL: SELECT * FROM `web_article` ORDER BY a_id desc LIMIT 0,10   [ RunTime:0.0004s ]
SQL: SELECT * FROM `web_article_cate`  [ RunTime:0.0001s ]
INFO: [ view_parse ] --START--
INFO: [ template_filter ] --START--
INFO: Run Behavior\ContentReplaceBehavior [ RunTime:0.000091s ]
INFO: [ template_filter ] --END-- [ RunTime:0.000152s ]
NOTIC: [8] Undefined variable: Os /usr/share/nginx/html/thinkphp/lunhui/Application/Runtime/Cache/Admin/7a4184ffe8f804b12b2e7f8851dd8f7d.php 第 148 行.
INFO: Run Behavior\ParseTemplateBehavior [ RunTime:0.028232s ]
INFO: [ view_parse ] --END-- [ RunTime:0.028339s ]
INFO: [ view_filter ] --START--
INFO: Run Behavior\WriteHtmlCacheBehavior [ RunTime:0.000154s ]
INFO: [ view_filter ] --END-- [ RunTime:0.000211s ]
INFO: [ app_end ] --START--
INFO: Run Behavior\ShowPageTraceBehavior [ RunTime:0.000171s ]
INFO: [ app_end ] --END-- [ RunTime:0.000268s ]

[ 2016-03-07T22:52:48+08:00 ] ::1 /Admin/Article/edit/a_id/66.html
INFO: [ app_init ] --START--
INFO: Run Behavior\BuildLiteBehavior [ RunTime:0.000032s ]
INFO: [ app_init ] --END-- [ RunTime:0.000231s ]
INFO: [ app_begin ] --START--
INFO: Run Behavior\ReadHtmlCacheBehavior [ RunTime:0.000043s ]
INFO: [ app_begin ] --END-- [ RunTime:0.000086s ]
NOTIC: [8] Undefined index: menu_list /usr/share/nginx/html/thinkphp/lunhui/Application/Admin/Controller/BaseController.class.php 第 65 行.
NOTIC: [2] Invalid argument supplied for foreach() /usr/share/nginx/html/thinkphp/lunhui/Application/Admin/Controller/BaseController.class.php 第 65 行.
SQL: SHOW COLUMNS FROM `web_treenode` [ RunTime:0.0006s ]
SQL: SELECT * FROM `web_treenode` WHERE `menuflag` = 1  [ RunTime:0.0001s ]
SQL: SHOW COLUMNS FROM `web_article_cate` [ RunTime:0.0004s ]
SQL: SELECT * FROM `web_article_cate`  [ RunTime:0.0001s ]
SQL: SHOW COLUMNS FROM `web_article` [ RunTime:0.0008s ]
SQL: SELECT * FROM `web_article` WHERE `a_id` = 66 LIMIT 1   [ RunTime:0.0001s ]
INFO: [ view_parse ] --START--
INFO: [ template_filter ] --START--
INFO: Run Behavior\ContentReplaceBehavior [ RunTime:0.000112s ]
INFO: [ template_filter ] --END-- [ RunTime:0.000177s ]
NOTIC: [8] Undefined variable: Os /usr/share/nginx/html/thinkphp/lunhui/Application/Runtime/Cache/Admin/761055de2f430bef08441163fbb8bda7.php 第 150 行.
NOTIC: [8] Undefined variable: nowtime /usr/share/nginx/html/thinkphp/lunhui/Application/Runtime/Cache/Admin/761055de2f430bef08441163fbb8bda7.php 第 353 行.
INFO: Run Behavior\ParseTemplateBehavior [ RunTime:0.019974s ]
INFO: [ view_parse ] --END-- [ RunTime:0.020028s ]
INFO: [ view_filter ] --START--
INFO: Run Behavior\WriteHtmlCacheBehavior [ RunTime:0.000065s ]
INFO: [ view_filter ] --END-- [ RunTime:0.000103s ]
INFO: [ app_end ] --START--
INFO: Run Behavior\ShowPageTraceBehavior [ RunTime:0.000046s ]
INFO: [ app_end ] --END-- [ RunTime:0.000086s ]

[ 2016-03-07T22:53:04+08:00 ] ::1 /Admin/Article/runedit.html
INFO: [ app_init ] --START--
INFO: Run Behavior\BuildLiteBehavior [ RunTime:0.000012s ]
INFO: [ app_init ] --END-- [ RunTime:0.000089s ]
INFO: [ app_begin ] --START--
INFO: Run Behavior\ReadHtmlCacheBehavior [ RunTime:0.000038s ]
INFO: [ app_begin ] --END-- [ RunTime:0.000077s ]
NOTIC: [8] Undefined index: menu_list /usr/share/nginx/html/thinkphp/lunhui/Application/Admin/Controller/BaseController.class.php 第 65 行.
NOTIC: [2] Invalid argument supplied for foreach() /usr/share/nginx/html/thinkphp/lunhui/Application/Admin/Controller/BaseController.class.php 第 65 行.
SQL: SHOW COLUMNS FROM `web_treenode` [ RunTime:0.0007s ]
SQL: SELECT * FROM `web_treenode` WHERE `menuflag` = 1  [ RunTime:0.0002s ]
NOTIC: [8] Use of undefined constant htmlspecialchars - assumed 'htmlspecialchars' /usr/share/nginx/html/thinkphp/lunhui/Application/Admin/Controller/ArticleController.class.php 第 94 行.
NOTIC: [8192] Function eregi() is deprecated /usr/share/nginx/html/thinkphp/lunhui/Application/Common/Common/function.php 第 63 行.
NOTIC: [8192] Function eregi() is deprecated /usr/share/nginx/html/thinkphp/lunhui/Application/Common/Common/function.php 第 65 行.
NOTIC: [8192] Function eregi() is deprecated /usr/share/nginx/html/thinkphp/lunhui/Application/Common/Common/function.php 第 67 行.
NOTIC: [8192] Function eregi() is deprecated /usr/share/nginx/html/thinkphp/lunhui/Application/Common/Common/function.php 第 69 行.
NOTIC: [8192] Function eregi() is deprecated /usr/share/nginx/html/thinkphp/lunhui/Application/Common/Common/function.php 第 71 行.
NOTIC: [8192] Function eregi() is deprecated /usr/share/nginx/html/thinkphp/lunhui/Application/Common/Common/function.php 第 73 行.
NOTIC: [8192] Function eregi() is deprecated /usr/share/nginx/html/thinkphp/lunhui/Application/Common/Common/function.php 第 75 行.
NOTIC: [8192] Function eregi() is deprecated /usr/share/nginx/html/thinkphp/lunhui/Application/Common/Common/function.php 第 77 行.
NOTIC: [8192] Function eregi() is deprecated /usr/share/nginx/html/thinkphp/lunhui/Application/Common/Common/function.php 第 79 行.
NOTIC: [8192] Function eregi() is deprecated /usr/share/nginx/html/thinkphp/lunhui/Application/Common/Common/function.php 第 81 行.
NOTIC: [8192] Function eregi() is deprecated /usr/share/nginx/html/thinkphp/lunhui/Application/Common/Common/function.php 第 83 行.
NOTIC: [8192] Function eregi() is deprecated /usr/share/nginx/html/thinkphp/lunhui/Application/Common/Common/function.php 第 85 行.
NOTIC: [8192] Function ereg() is deprecated /usr/share/nginx/html/thinkphp/lunhui/Application/Common/Common/function.php 第 87 行.
NOTIC: [8192] Function eregi() is deprecated /usr/share/nginx/html/thinkphp/lunhui/Application/Common/Common/function.php 第 89 行.
NOTIC: [8192] Function eregi() is deprecated /usr/share/nginx/html/thinkphp/lunhui/Application/Common/Common/function.php 第 91 行.
NOTIC: [8192] Function eregi() is deprecated /usr/share/nginx/html/thinkphp/lunhui/Application/Common/Common/function.php 第 93 行.
NOTIC: [8192] Function eregi() is deprecated /usr/share/nginx/html/thinkphp/lunhui/Application/Common/Common/function.php 第 95 行.
NOTIC: [8192] Function eregi() is deprecated /usr/share/nginx/html/thinkphp/lunhui/Application/Common/Common/function.php 第 97 行.
NOTIC: [8192] Function eregi() is deprecated /usr/share/nginx/html/thinkphp/lunhui/Application/Common/Common/function.php 第 99 行.
NOTIC: [8192] Function eregi() is deprecated /usr/share/nginx/html/thinkphp/lunhui/Application/Common/Common/function.php 第 101 行.
NOTIC: [8192] Function eregi() is deprecated /usr/share/nginx/html/thinkphp/lunhui/Application/Common/Common/function.php 第 103 行.
NOTIC: [8192] Function eregi() is deprecated /usr/share/nginx/html/thinkphp/lunhui/Application/Common/Common/function.php 第 105 行.
NOTIC: [8192] Function eregi() is deprecated /usr/share/nginx/html/thinkphp/lunhui/Application/Common/Common/function.php 第 107 行.
NOTIC: [8192] Function eregi() is deprecated /usr/share/nginx/html/thinkphp/lunhui/Application/Common/Common/function.php 第 109 行.
NOTIC: [8192] Function eregi() is deprecated /usr/share/nginx/html/thinkphp/lunhui/Application/Common/Common/function.php 第 111 行.
SQL: SHOW COLUMNS FROM `web_article` [ RunTime:0.0013s ]
SQL: UPDATE `web_article` SET `a_title`='absolute、relative的区别',`cate_id`='9',`photo`='',`a_keyword`='absolute、relative',`a_remark`='1.absolute 脱离了正常的文档流,所以在正常的文档流中不占据位置，可以层叠在其它元素上面(it is absolute a elfin);而relative在正常的文档流中，所以元素在偏移后仍然会占据文档原来的空间(空白)
2.absolute只有在一种情况下会以浏览器左上角作为定位原点:父级元素没有定义position属性并且被定位元素定义了TRBL(top,right,bottom,left);其它情况都是以爸爸的左上角为定位原点
3.relative是以自身正常位置下的左上角为原点进行偏移，也',`a_content`='<p>1.absolute 脱离了正常的文档流,所以在正常的文档流中不占据位置，可以层叠在其它元素上面(it is absolute a elfin);而relative在正常的文档流中，所以元素在偏移后仍然会占据文档原来的空间(空白)</p><p>2.absolute只有在一种情况下会以浏览器左上角作为定位原点:父级元素没有定义position属性并且被定位元素定义了TRBL(top,right,bottom,left);其它情况都是以爸爸的左上角为定位原点</p><p>3.relative是以自身正常位置下的左上角为原来进行偏移，也有TRBL;</p><p>3.关于z-index,儿子永远在爸爸上面，其它的情况，值越大越在上面</p><p><br/></p>',`a_red`='1',`a_type`='1',`a_views`='2',`a_writer`='晓晓',`create_ip`='0.0.0.0',`last_time`='1457362384',`a_from`='Linux' WHERE ( a_id=66 ) [ RunTime:0.0006s ]

[ 2016-03-07T22:53:06+08:00 ] ::1 /Admin/Article/index.html
INFO: [ app_init ] --START--
INFO: Run Behavior\BuildLiteBehavior [ RunTime:0.000026s ]
INFO: [ app_init ] --END-- [ RunTime:0.000170s ]
INFO: [ app_begin ] --START--
INFO: Run Behavior\ReadHtmlCacheBehavior [ RunTime:0.000081s ]
INFO: [ app_begin ] --END-- [ RunTime:0.000176s ]
NOTIC: [8] Undefined index: menu_list /usr/share/nginx/html/thinkphp/lunhui/Application/Admin/Controller/BaseController.class.php 第 65 行.
NOTIC: [2] Invalid argument supplied for foreach() /usr/share/nginx/html/thinkphp/lunhui/Application/Admin/Controller/BaseController.class.php 第 65 行.
SQL: SHOW COLUMNS FROM `web_treenode` [ RunTime:0.0010s ]
SQL: SELECT * FROM `web_treenode` WHERE `menuflag` = 1  [ RunTime:0.0002s ]
SQL: SHOW COLUMNS FROM `web_article` [ RunTime:0.0011s ]
SQL: SHOW COLUMNS FROM `web_article_cate` [ RunTime:0.0007s ]
SQL: SELECT COUNT(*) AS tp_count FROM `web_article` LIMIT 1   [ RunTime:0.0002s ]
SQL: SELECT * FROM `web_article` ORDER BY a_id desc LIMIT 0,10   [ RunTime:0.0003s ]
SQL: SELECT * FROM `web_article_cate`  [ RunTime:0.0001s ]
INFO: [ view_parse ] --START--
INFO: [ template_filter ] --START--
INFO: Run Behavior\ContentReplaceBehavior [ RunTime:0.000157s ]
INFO: [ template_filter ] --END-- [ RunTime:0.000322s ]
NOTIC: [8] Undefined variable: Os /usr/share/nginx/html/thinkphp/lunhui/Application/Runtime/Cache/Admin/7a4184ffe8f804b12b2e7f8851dd8f7d.php 第 148 行.
INFO: Run Behavior\ParseTemplateBehavior [ RunTime:0.020003s ]
INFO: [ view_parse ] --END-- [ RunTime:0.020113s ]
INFO: [ view_filter ] --START--
INFO: Run Behavior\WriteHtmlCacheBehavior [ RunTime:0.000163s ]
INFO: [ view_filter ] --END-- [ RunTime:0.000228s ]
INFO: [ app_end ] --START--
INFO: Run Behavior\ShowPageTraceBehavior [ RunTime:0.000060s ]
INFO: [ app_end ] --END-- [ RunTime:0.000109s ]

[ 2016-03-07T22:57:04+08:00 ] ::1 /Admin/Article/edit/a_id/66.html
INFO: [ app_init ] --START--
INFO: Run Behavior\BuildLiteBehavior [ RunTime:0.000014s ]
INFO: [ app_init ] --END-- [ RunTime:0.000098s ]
INFO: [ app_begin ] --START--
INFO: Run Behavior\ReadHtmlCacheBehavior [ RunTime:0.000060s ]
INFO: [ app_begin ] --END-- [ RunTime:0.000105s ]
NOTIC: [8] Undefined index: menu_list /usr/share/nginx/html/thinkphp/lunhui/Application/Admin/Controller/BaseController.class.php 第 65 行.
NOTIC: [2] Invalid argument supplied for foreach() /usr/share/nginx/html/thinkphp/lunhui/Application/Admin/Controller/BaseController.class.php 第 65 行.
SQL: SHOW COLUMNS FROM `web_treenode` [ RunTime:0.0008s ]
SQL: SELECT * FROM `web_treenode` WHERE `menuflag` = 1  [ RunTime:0.0001s ]
SQL: SHOW COLUMNS FROM `web_article_cate` [ RunTime:0.0005s ]
SQL: SELECT * FROM `web_article_cate`  [ RunTime:0.0001s ]
SQL: SHOW COLUMNS FROM `web_article` [ RunTime:0.0006s ]
SQL: SELECT * FROM `web_article` WHERE `a_id` = 66 LIMIT 1   [ RunTime:0.0001s ]
INFO: [ view_parse ] --START--
INFO: [ template_filter ] --START--
INFO: Run Behavior\ContentReplaceBehavior [ RunTime:0.000103s ]
INFO: [ template_filter ] --END-- [ RunTime:0.000164s ]
NOTIC: [8] Undefined variable: Os /usr/share/nginx/html/thinkphp/lunhui/Application/Runtime/Cache/Admin/761055de2f430bef08441163fbb8bda7.php 第 150 行.
NOTIC: [8] Undefined variable: nowtime /usr/share/nginx/html/thinkphp/lunhui/Application/Runtime/Cache/Admin/761055de2f430bef08441163fbb8bda7.php 第 353 行.
INFO: Run Behavior\ParseTemplateBehavior [ RunTime:0.022304s ]
INFO: [ view_parse ] --END-- [ RunTime:0.022400s ]
INFO: [ view_filter ] --START--
INFO: Run Behavior\WriteHtmlCacheBehavior [ RunTime:0.000142s ]
INFO: [ view_filter ] --END-- [ RunTime:0.000192s ]
INFO: [ app_end ] --START--
INFO: Run Behavior\ShowPageTraceBehavior [ RunTime:0.000048s ]
INFO: [ app_end ] --END-- [ RunTime:0.000089s ]

[ 2016-03-07T22:57:42+08:00 ] ::1 /Admin/Article/runedit.html
INFO: [ app_init ] --START--
INFO: Run Behavior\BuildLiteBehavior [ RunTime:0.000019s ]
INFO: [ app_init ] --END-- [ RunTime:0.000142s ]
INFO: [ app_begin ] --START--
INFO: Run Behavior\ReadHtmlCacheBehavior [ RunTime:0.000042s ]
INFO: [ app_begin ] --END-- [ RunTime:0.000084s ]
NOTIC: [8] Undefined index: menu_list /usr/share/nginx/html/thinkphp/lunhui/Application/Admin/Controller/BaseController.class.php 第 65 行.
NOTIC: [2] Invalid argument supplied for foreach() /usr/share/nginx/html/thinkphp/lunhui/Application/Admin/Controller/BaseController.class.php 第 65 行.
SQL: SHOW COLUMNS FROM `web_treenode` [ RunTime:0.0011s ]
SQL: SELECT * FROM `web_treenode` WHERE `menuflag` = 1  [ RunTime:0.0001s ]
NOTIC: [8] Use of undefined constant htmlspecialchars - assumed 'htmlspecialchars' /usr/share/nginx/html/thinkphp/lunhui/Application/Admin/Controller/ArticleController.class.php 第 94 行.
NOTIC: [8192] Function eregi() is deprecated /usr/share/nginx/html/thinkphp/lunhui/Application/Common/Common/function.php 第 63 行.
NOTIC: [8192] Function eregi() is deprecated /usr/share/nginx/html/thinkphp/lunhui/Application/Common/Common/function.php 第 65 行.
NOTIC: [8192] Function eregi() is deprecated /usr/share/nginx/html/thinkphp/lunhui/Application/Common/Common/function.php 第 67 行.
NOTIC: [8192] Function eregi() is deprecated /usr/share/nginx/html/thinkphp/lunhui/Application/Common/Common/function.php 第 69 行.
NOTIC: [8192] Function eregi() is deprecated /usr/share/nginx/html/thinkphp/lunhui/Application/Common/Common/function.php 第 71 行.
NOTIC: [8192] Function eregi() is deprecated /usr/share/nginx/html/thinkphp/lunhui/Application/Common/Common/function.php 第 73 行.
NOTIC: [8192] Function eregi() is deprecated /usr/share/nginx/html/thinkphp/lunhui/Application/Common/Common/function.php 第 75 行.
NOTIC: [8192] Function eregi() is deprecated /usr/share/nginx/html/thinkphp/lunhui/Application/Common/Common/function.php 第 77 行.
NOTIC: [8192] Function eregi() is deprecated /usr/share/nginx/html/thinkphp/lunhui/Application/Common/Common/function.php 第 79 行.
NOTIC: [8192] Function eregi() is deprecated /usr/share/nginx/html/thinkphp/lunhui/Application/Common/Common/function.php 第 81 行.
NOTIC: [8192] Function eregi() is deprecated /usr/share/nginx/html/thinkphp/lunhui/Application/Common/Common/function.php 第 83 行.
NOTIC: [8192] Function eregi() is deprecated /usr/share/nginx/html/thinkphp/lunhui/Application/Common/Common/function.php 第 85 行.
NOTIC: [8192] Function ereg() is deprecated /usr/share/nginx/html/thinkphp/lunhui/Application/Common/Common/function.php 第 87 行.
NOTIC: [8192] Function eregi() is deprecated /usr/share/nginx/html/thinkphp/lunhui/Application/Common/Common/function.php 第 89 行.
NOTIC: [8192] Function eregi() is deprecated /usr/share/nginx/html/thinkphp/lunhui/Application/Common/Common/function.php 第 91 行.
NOTIC: [8192] Function eregi() is deprecated /usr/share/nginx/html/thinkphp/lunhui/Application/Common/Common/function.php 第 93 行.
NOTIC: [8192] Function eregi() is deprecated /usr/share/nginx/html/thinkphp/lunhui/Application/Common/Common/function.php 第 95 行.
NOTIC: [8192] Function eregi() is deprecated /usr/share/nginx/html/thinkphp/lunhui/Application/Common/Common/function.php 第 97 行.
NOTIC: [8192] Function eregi() is deprecated /usr/share/nginx/html/thinkphp/lunhui/Application/Common/Common/function.php 第 99 行.
NOTIC: [8192] Function eregi() is deprecated /usr/share/nginx/html/thinkphp/lunhui/Application/Common/Common/function.php 第 101 行.
NOTIC: [8192] Function eregi() is deprecated /usr/share/nginx/html/thinkphp/lunhui/Application/Common/Common/function.php 第 103 行.
NOTIC: [8192] Function eregi() is deprecated /usr/share/nginx/html/thinkphp/lunhui/Application/Common/Common/function.php 第 105 行.
NOTIC: [8192] Function eregi() is deprecated /usr/share/nginx/html/thinkphp/lunhui/Application/Common/Common/function.php 第 107 行.
NOTIC: [8192] Function eregi() is deprecated /usr/share/nginx/html/thinkphp/lunhui/Application/Common/Common/function.php 第 109 行.
NOTIC: [8192] Function eregi() is deprecated /usr/share/nginx/html/thinkphp/lunhui/Application/Common/Common/function.php 第 111 行.
SQL: SHOW COLUMNS FROM `web_article` [ RunTime:0.0018s ]
SQL: UPDATE `web_article` SET `a_title`='absolute、relative的区别',`cate_id`='9',`photo`='',`a_keyword`='absolute、relative',`a_remark`='1.absolute 脱离了正常的文档流,所以在正常的文档流中不占据位置，可以层叠在其它元素上面(it is absolute a elfin);而relative在正常的文档流中，所以元素在偏移后仍然会占据文档原来的空间(空白)&lt;br/&gt;
2.absolute只有在一种情况下会以浏览器左上角作为定位原点:父级元素没有定义position属性并且被定位元素定义了TRBL(top,right,bottom,left);其它情况都是以爸爸的左上角为定位原点&lt;/br&gt;
3.relative是以自身正常位置下的左上角为原点进行偏移，也',`a_content`='<p>1.absolute 脱离了正常的文档流,所以在正常的文档流中不占据位置，可以层叠在其它元素上面(it is absolute a elfin);而relative在正常的文档流中，所以元素在偏移后仍然会占据文档原来的空间(空白)</p><p>2.absolute只有在一种情况下会以浏览器左上角作为定位原点:父级元素没有定义position属性并且被定位元素定义了TRBL(top,right,bottom,left);其它情况都是以爸爸的左上角为定位原点</p><p>3.relative是以自身正常位置下的左上角为原来进行偏移，也有TRBL;</p><p>3.关于z-index,儿子永远在爸爸上面，其它的情况，值越大越在上面</p><p><br/></p>',`a_red`='1',`a_type`='1',`a_views`='2',`a_writer`='晓晓',`create_ip`='0.0.0.0',`last_time`='1457362662',`a_from`='Linux' WHERE ( a_id=66 ) [ RunTime:0.0006s ]

[ 2016-03-07T22:57:43+08:00 ] ::1 /Admin/Article/index.html
INFO: [ app_init ] --START--
INFO: Run Behavior\BuildLiteBehavior [ RunTime:0.000027s ]
INFO: [ app_init ] --END-- [ RunTime:0.000164s ]
INFO: [ app_begin ] --START--
INFO: Run Behavior\ReadHtmlCacheBehavior [ RunTime:0.000054s ]
INFO: [ app_begin ] --END-- [ RunTime:0.000113s ]
NOTIC: [8] Undefined index: menu_list /usr/share/nginx/html/thinkphp/lunhui/Application/Admin/Controller/BaseController.class.php 第 65 行.
NOTIC: [2] Invalid argument supplied for foreach() /usr/share/nginx/html/thinkphp/lunhui/Application/Admin/Controller/BaseController.class.php 第 65 行.
SQL: SHOW COLUMNS FROM `web_treenode` [ RunTime:0.0007s ]
SQL: SELECT * FROM `web_treenode` WHERE `menuflag` = 1  [ RunTime:0.0001s ]
SQL: SHOW COLUMNS FROM `web_article` [ RunTime:0.0006s ]
SQL: SHOW COLUMNS FROM `web_article_cate` [ RunTime:0.0005s ]
SQL: SELECT COUNT(*) AS tp_count FROM `web_article` LIMIT 1   [ RunTime:0.0001s ]
SQL: SELECT * FROM `web_article` ORDER BY a_id desc LIMIT 0,10   [ RunTime:0.0003s ]
SQL: SELECT * FROM `web_article_cate`  [ RunTime:0.0001s ]
INFO: [ view_parse ] --START--
INFO: [ template_filter ] --START--
INFO: Run Behavior\ContentReplaceBehavior [ RunTime:0.000117s ]
INFO: [ template_filter ] --END-- [ RunTime:0.000198s ]
NOTIC: [8] Undefined variable: Os /usr/share/nginx/html/thinkphp/lunhui/Application/Runtime/Cache/Admin/7a4184ffe8f804b12b2e7f8851dd8f7d.php 第 148 行.
INFO: Run Behavior\ParseTemplateBehavior [ RunTime:0.022928s ]
INFO: [ view_parse ] --END-- [ RunTime:0.023011s ]
INFO: [ view_filter ] --START--
INFO: Run Behavior\WriteHtmlCacheBehavior [ RunTime:0.000080s ]
INFO: [ view_filter ] --END-- [ RunTime:0.000128s ]
INFO: [ app_end ] --START--
INFO: Run Behavior\ShowPageTraceBehavior [ RunTime:0.000068s ]
INFO: [ app_end ] --END-- [ RunTime:0.000125s ]

[ 2016-03-07T22:58:15+08:00 ] ::1 /Admin/Article/edit/a_id/66.html
INFO: [ app_init ] --START--
INFO: Run Behavior\BuildLiteBehavior [ RunTime:0.000013s ]
INFO: [ app_init ] --END-- [ RunTime:0.000109s ]
INFO: [ app_begin ] --START--
INFO: Run Behavior\ReadHtmlCacheBehavior [ RunTime:0.000042s ]
INFO: [ app_begin ] --END-- [ RunTime:0.000085s ]
NOTIC: [8] Undefined index: menu_list /usr/share/nginx/html/thinkphp/lunhui/Application/Admin/Controller/BaseController.class.php 第 65 行.
NOTIC: [2] Invalid argument supplied for foreach() /usr/share/nginx/html/thinkphp/lunhui/Application/Admin/Controller/BaseController.class.php 第 65 行.
SQL: SHOW COLUMNS FROM `web_treenode` [ RunTime:0.0006s ]
SQL: SELECT * FROM `web_treenode` WHERE `menuflag` = 1  [ RunTime:0.0001s ]
SQL: SHOW COLUMNS FROM `web_article_cate` [ RunTime:0.0006s ]
SQL: SELECT * FROM `web_article_cate`  [ RunTime:0.0001s ]
SQL: SHOW COLUMNS FROM `web_article` [ RunTime:0.0005s ]
SQL: SELECT * FROM `web_article` WHERE `a_id` = 66 LIMIT 1   [ RunTime:0.0001s ]
INFO: [ view_parse ] --START--
INFO: [ template_filter ] --START--
INFO: Run Behavior\ContentReplaceBehavior [ RunTime:0.000101s ]
INFO: [ template_filter ] --END-- [ RunTime:0.000161s ]
NOTIC: [8] Undefined variable: Os /usr/share/nginx/html/thinkphp/lunhui/Application/Runtime/Cache/Admin/761055de2f430bef08441163fbb8bda7.php 第 150 行.
NOTIC: [8] Undefined variable: nowtime /usr/share/nginx/html/thinkphp/lunhui/Application/Runtime/Cache/Admin/761055de2f430bef08441163fbb8bda7.php 第 353 行.
INFO: Run Behavior\ParseTemplateBehavior [ RunTime:0.017789s ]
INFO: [ view_parse ] --END-- [ RunTime:0.017840s ]
INFO: [ view_filter ] --START--
INFO: Run Behavior\WriteHtmlCacheBehavior [ RunTime:0.000051s ]
INFO: [ view_filter ] --END-- [ RunTime:0.000088s ]
INFO: [ app_end ] --START--
INFO: Run Behavior\ShowPageTraceBehavior [ RunTime:0.000063s ]
INFO: [ app_end ] --END-- [ RunTime:0.000123s ]

[ 2016-03-07T22:58:26+08:00 ] ::1 /Admin/Article/runedit.html
INFO: [ app_init ] --START--
INFO: Run Behavior\BuildLiteBehavior [ RunTime:0.000013s ]
INFO: [ app_init ] --END-- [ RunTime:0.000091s ]
INFO: [ app_begin ] --START--
INFO: Run Behavior\ReadHtmlCacheBehavior [ RunTime:0.000041s ]
INFO: [ app_begin ] --END-- [ RunTime:0.000081s ]
NOTIC: [8] Undefined index: menu_list /usr/share/nginx/html/thinkphp/lunhui/Application/Admin/Controller/BaseController.class.php 第 65 行.
NOTIC: [2] Invalid argument supplied for foreach() /usr/share/nginx/html/thinkphp/lunhui/Application/Admin/Controller/BaseController.class.php 第 65 行.
SQL: SHOW COLUMNS FROM `web_treenode` [ RunTime:0.0009s ]
SQL: SELECT * FROM `web_treenode` WHERE `menuflag` = 1  [ RunTime:0.0001s ]
NOTIC: [8] Use of undefined constant htmlspecialchars - assumed 'htmlspecialchars' /usr/share/nginx/html/thinkphp/lunhui/Application/Admin/Controller/ArticleController.class.php 第 94 行.
NOTIC: [8192] Function eregi() is deprecated /usr/share/nginx/html/thinkphp/lunhui/Application/Common/Common/function.php 第 63 行.
NOTIC: [8192] Function eregi() is deprecated /usr/share/nginx/html/thinkphp/lunhui/Application/Common/Common/function.php 第 65 行.
NOTIC: [8192] Function eregi() is deprecated /usr/share/nginx/html/thinkphp/lunhui/Application/Common/Common/function.php 第 67 行.
NOTIC: [8192] Function eregi() is deprecated /usr/share/nginx/html/thinkphp/lunhui/Application/Common/Common/function.php 第 69 行.
NOTIC: [8192] Function eregi() is deprecated /usr/share/nginx/html/thinkphp/lunhui/Application/Common/Common/function.php 第 71 行.
NOTIC: [8192] Function eregi() is deprecated /usr/share/nginx/html/thinkphp/lunhui/Application/Common/Common/function.php 第 73 行.
NOTIC: [8192] Function eregi() is deprecated /usr/share/nginx/html/thinkphp/lunhui/Application/Common/Common/function.php 第 75 行.
NOTIC: [8192] Function eregi() is deprecated /usr/share/nginx/html/thinkphp/lunhui/Application/Common/Common/function.php 第 77 行.
NOTIC: [8192] Function eregi() is deprecated /usr/share/nginx/html/thinkphp/lunhui/Application/Common/Common/function.php 第 79 行.
NOTIC: [8192] Function eregi() is deprecated /usr/share/nginx/html/thinkphp/lunhui/Application/Common/Common/function.php 第 81 行.
NOTIC: [8192] Function eregi() is deprecated /usr/share/nginx/html/thinkphp/lunhui/Application/Common/Common/function.php 第 83 行.
NOTIC: [8192] Function eregi() is deprecated /usr/share/nginx/html/thinkphp/lunhui/Application/Common/Common/function.php 第 85 行.
NOTIC: [8192] Function ereg() is deprecated /usr/share/nginx/html/thinkphp/lunhui/Application/Common/Common/function.php 第 87 行.
NOTIC: [8192] Function eregi() is deprecated /usr/share/nginx/html/thinkphp/lunhui/Application/Common/Common/function.php 第 89 行.
NOTIC: [8192] Function eregi() is deprecated /usr/share/nginx/html/thinkphp/lunhui/Application/Common/Common/function.php 第 91 行.
NOTIC: [8192] Function eregi() is deprecated /usr/share/nginx/html/thinkphp/lunhui/Application/Common/Common/function.php 第 93 行.
NOTIC: [8192] Function eregi() is deprecated /usr/share/nginx/html/thinkphp/lunhui/Application/Common/Common/function.php 第 95 行.
NOTIC: [8192] Function eregi() is deprecated /usr/share/nginx/html/thinkphp/lunhui/Application/Common/Common/function.php 第 97 行.
NOTIC: [8192] Function eregi() is deprecated /usr/share/nginx/html/thinkphp/lunhui/Application/Common/Common/function.php 第 99 行.
NOTIC: [8192] Function eregi() is deprecated /usr/share/nginx/html/thinkphp/lunhui/Application/Common/Common/function.php 第 101 行.
NOTIC: [8192] Function eregi() is deprecated /usr/share/nginx/html/thinkphp/lunhui/Application/Common/Common/function.php 第 103 行.
NOTIC: [8192] Function eregi() is deprecated /usr/share/nginx/html/thinkphp/lunhui/Application/Common/Common/function.php 第 105 行.
NOTIC: [8192] Function eregi() is deprecated /usr/share/nginx/html/thinkphp/lunhui/Application/Common/Common/function.php 第 107 行.
NOTIC: [8192] Function eregi() is deprecated /usr/share/nginx/html/thinkphp/lunhui/Application/Common/Common/function.php 第 109 行.
NOTIC: [8192] Function eregi() is deprecated /usr/share/nginx/html/thinkphp/lunhui/Application/Common/Common/function.php 第 111 行.
SQL: SHOW COLUMNS FROM `web_article` [ RunTime:0.0010s ]
SQL: UPDATE `web_article` SET `a_title`='absolute、relative的区别',`cate_id`='9',`photo`='',`a_keyword`='absolute、relative',`a_remark`='1.absolute 脱离了正常的文档流,所以在正常的文档流中不占据位置，可以层叠在其它元素上面(it is absolute a elfin);而relative在正常的文档流中，所以元素在偏移后仍然会占据文档原来的空间(空白)\\&lt;br/\\&gt;
2.absolute只有在一种情况下会以浏览器左上角作为定位原点:父级元素没有定义position属性并且被定位元素定义了TRBL(top,right,bottom,left);其它情况都是以爸爸的左上角为定位原点&lt;/br&gt;
3.relative',`a_content`='<p>1.absolute 脱离了正常的文档流,所以在正常的文档流中不占据位置，可以层叠在其它元素上面(it is absolute a elfin);而relative在正常的文档流中，所以元素在偏移后仍然会占据文档原来的空间(空白)</p><p>2.absolute只有在一种情况下会以浏览器左上角作为定位原点:父级元素没有定义position属性并且被定位元素定义了TRBL(top,right,bottom,left);其它情况都是以爸爸的左上角为定位原点</p><p>3.relative是以自身正常位置下的左上角为原来进行偏移，也有TRBL;</p><p>3.关于z-index,儿子永远在爸爸上面，其它的情况，值越大越在上面</p><p><br/></p>',`a_red`='1',`a_type`='1',`a_views`='2',`a_writer`='晓晓',`create_ip`='0.0.0.0',`last_time`='1457362706',`a_from`='Linux' WHERE ( a_id=66 ) [ RunTime:0.0004s ]

[ 2016-03-07T22:58:27+08:00 ] ::1 /Admin/Article/index.html
INFO: [ app_init ] --START--
INFO: Run Behavior\BuildLiteBehavior [ RunTime:0.000016s ]
INFO: [ app_init ] --END-- [ RunTime:0.000102s ]
INFO: [ app_begin ] --START--
INFO: Run Behavior\ReadHtmlCacheBehavior [ RunTime:0.000057s ]
INFO: [ app_begin ] --END-- [ RunTime:0.000122s ]
NOTIC: [8] Undefined index: menu_list /usr/share/nginx/html/thinkphp/lunhui/Application/Admin/Controller/BaseController.class.php 第 65 行.
NOTIC: [2] Invalid argument supplied for foreach() /usr/share/nginx/html/thinkphp/lunhui/Application/Admin/Controller/BaseController.class.php 第 65 行.
SQL: SHOW COLUMNS FROM `web_treenode` [ RunTime:0.0008s ]
SQL: SELECT * FROM `web_treenode` WHERE `menuflag` = 1  [ RunTime:0.0001s ]
SQL: SHOW COLUMNS FROM `web_article` [ RunTime:0.0006s ]
SQL: SHOW COLUMNS FROM `web_article_cate` [ RunTime:0.0006s ]
SQL: SELECT COUNT(*) AS tp_count FROM `web_article` LIMIT 1   [ RunTime:0.0001s ]
SQL: SELECT * FROM `web_article` ORDER BY a_id desc LIMIT 0,10   [ RunTime:0.0003s ]
SQL: SELECT * FROM `web_article_cate`  [ RunTime:0.0001s ]
INFO: [ view_parse ] --START--
INFO: [ template_filter ] --START--
INFO: Run Behavior\ContentReplaceBehavior [ RunTime:0.001131s ]
INFO: [ template_filter ] --END-- [ RunTime:0.001394s ]
NOTIC: [8] Undefined variable: Os /usr/share/nginx/html/thinkphp/lunhui/Application/Runtime/Cache/Admin/7a4184ffe8f804b12b2e7f8851dd8f7d.php 第 148 行.
INFO: Run Behavior\ParseTemplateBehavior [ RunTime:0.022433s ]
INFO: [ view_parse ] --END-- [ RunTime:0.022501s ]
INFO: [ view_filter ] --START--
INFO: Run Behavior\WriteHtmlCacheBehavior [ RunTime:0.000096s ]
INFO: [ view_filter ] --END-- [ RunTime:0.000161s ]
INFO: [ app_end ] --START--
INFO: Run Behavior\ShowPageTraceBehavior [ RunTime:0.000067s ]
INFO: [ app_end ] --END-- [ RunTime:0.000130s ]

[ 2016-03-07T22:58:45+08:00 ] ::1 /Admin/Article/edit/a_id/66.html
INFO: [ app_init ] --START--
INFO: Run Behavior\BuildLiteBehavior [ RunTime:0.000013s ]
INFO: [ app_init ] --END-- [ RunTime:0.000092s ]
INFO: [ app_begin ] --START--
INFO: Run Behavior\ReadHtmlCacheBehavior [ RunTime:0.000041s ]
INFO: [ app_begin ] --END-- [ RunTime:0.000083s ]
NOTIC: [8] Undefined index: menu_list /usr/share/nginx/html/thinkphp/lunhui/Application/Admin/Controller/BaseController.class.php 第 65 行.
NOTIC: [2] Invalid argument supplied for foreach() /usr/share/nginx/html/thinkphp/lunhui/Application/Admin/Controller/BaseController.class.php 第 65 行.
SQL: SHOW COLUMNS FROM `web_treenode` [ RunTime:0.0012s ]
SQL: SELECT * FROM `web_treenode` WHERE `menuflag` = 1  [ RunTime:0.0002s ]
SQL: SHOW COLUMNS FROM `web_article_cate` [ RunTime:0.0006s ]
SQL: SELECT * FROM `web_article_cate`  [ RunTime:0.0001s ]
SQL: SHOW COLUMNS FROM `web_article` [ RunTime:0.0012s ]
SQL: SELECT * FROM `web_article` WHERE `a_id` = 66 LIMIT 1   [ RunTime:0.0001s ]
INFO: [ view_parse ] --START--
INFO: [ template_filter ] --START--
INFO: Run Behavior\ContentReplaceBehavior [ RunTime:0.000113s ]
INFO: [ template_filter ] --END-- [ RunTime:0.000178s ]
NOTIC: [8] Undefined variable: Os /usr/share/nginx/html/thinkphp/lunhui/Application/Runtime/Cache/Admin/761055de2f430bef08441163fbb8bda7.php 第 150 行.
NOTIC: [8] Undefined variable: nowtime /usr/share/nginx/html/thinkphp/lunhui/Application/Runtime/Cache/Admin/761055de2f430bef08441163fbb8bda7.php 第 353 行.
INFO: Run Behavior\ParseTemplateBehavior [ RunTime:0.020876s ]
INFO: [ view_parse ] --END-- [ RunTime:0.020974s ]
INFO: [ view_filter ] --START--
INFO: Run Behavior\WriteHtmlCacheBehavior [ RunTime:0.000166s ]
INFO: [ view_filter ] --END-- [ RunTime:0.000234s ]
INFO: [ app_end ] --START--
INFO: Run Behavior\ShowPageTraceBehavior [ RunTime:0.000123s ]
INFO: [ app_end ] --END-- [ RunTime:0.000184s ]

[ 2016-03-07T22:59:08+08:00 ] ::1 /Admin/Article/runedit.html
INFO: [ app_init ] --START--
INFO: Run Behavior\BuildLiteBehavior [ RunTime:0.000013s ]
INFO: [ app_init ] --END-- [ RunTime:0.000092s ]
INFO: [ app_begin ] --START--
INFO: Run Behavior\ReadHtmlCacheBehavior [ RunTime:0.000038s ]
INFO: [ app_begin ] --END-- [ RunTime:0.000077s ]
NOTIC: [8] Undefined index: menu_list /usr/share/nginx/html/thinkphp/lunhui/Application/Admin/Controller/BaseController.class.php 第 65 行.
NOTIC: [2] Invalid argument supplied for foreach() /usr/share/nginx/html/thinkphp/lunhui/Application/Admin/Controller/BaseController.class.php 第 65 行.
SQL: SHOW COLUMNS FROM `web_treenode` [ RunTime:0.0011s ]
SQL: SELECT * FROM `web_treenode` WHERE `menuflag` = 1  [ RunTime:0.0001s ]
NOTIC: [8] Use of undefined constant htmlspecialchars - assumed 'htmlspecialchars' /usr/share/nginx/html/thinkphp/lunhui/Application/Admin/Controller/ArticleController.class.php 第 94 行.
NOTIC: [8192] Function eregi() is deprecated /usr/share/nginx/html/thinkphp/lunhui/Application/Common/Common/function.php 第 63 行.
NOTIC: [8192] Function eregi() is deprecated /usr/share/nginx/html/thinkphp/lunhui/Application/Common/Common/function.php 第 65 行.
NOTIC: [8192] Function eregi() is deprecated /usr/share/nginx/html/thinkphp/lunhui/Application/Common/Common/function.php 第 67 行.
NOTIC: [8192] Function eregi() is deprecated /usr/share/nginx/html/thinkphp/lunhui/Application/Common/Common/function.php 第 69 行.
NOTIC: [8192] Function eregi() is deprecated /usr/share/nginx/html/thinkphp/lunhui/Application/Common/Common/function.php 第 71 行.
NOTIC: [8192] Function eregi() is deprecated /usr/share/nginx/html/thinkphp/lunhui/Application/Common/Common/function.php 第 73 行.
NOTIC: [8192] Function eregi() is deprecated /usr/share/nginx/html/thinkphp/lunhui/Application/Common/Common/function.php 第 75 行.
NOTIC: [8192] Function eregi() is deprecated /usr/share/nginx/html/thinkphp/lunhui/Application/Common/Common/function.php 第 77 行.
NOTIC: [8192] Function eregi() is deprecated /usr/share/nginx/html/thinkphp/lunhui/Application/Common/Common/function.php 第 79 行.
NOTIC: [8192] Function eregi() is deprecated /usr/share/nginx/html/thinkphp/lunhui/Application/Common/Common/function.php 第 81 行.
NOTIC: [8192] Function eregi() is deprecated /usr/share/nginx/html/thinkphp/lunhui/Application/Common/Common/function.php 第 83 行.
NOTIC: [8192] Function eregi() is deprecated /usr/share/nginx/html/thinkphp/lunhui/Application/Common/Common/function.php 第 85 行.
NOTIC: [8192] Function ereg() is deprecated /usr/share/nginx/html/thinkphp/lunhui/Application/Common/Common/function.php 第 87 行.
NOTIC: [8192] Function eregi() is deprecated /usr/share/nginx/html/thinkphp/lunhui/Application/Common/Common/function.php 第 89 行.
NOTIC: [8192] Function eregi() is deprecated /usr/share/nginx/html/thinkphp/lunhui/Application/Common/Common/function.php 第 91 行.
NOTIC: [8192] Function eregi() is deprecated /usr/share/nginx/html/thinkphp/lunhui/Application/Common/Common/function.php 第 93 行.
NOTIC: [8192] Function eregi() is deprecated /usr/share/nginx/html/thinkphp/lunhui/Application/Common/Common/function.php 第 95 行.
NOTIC: [8192] Function eregi() is deprecated /usr/share/nginx/html/thinkphp/lunhui/Application/Common/Common/function.php 第 97 行.
NOTIC: [8192] Function eregi() is deprecated /usr/share/nginx/html/thinkphp/lunhui/Application/Common/Common/function.php 第 99 行.
NOTIC: [8192] Function eregi() is deprecated /usr/share/nginx/html/thinkphp/lunhui/Application/Common/Common/function.php 第 101 行.
NOTIC: [8192] Function eregi() is deprecated /usr/share/nginx/html/thinkphp/lunhui/Application/Common/Common/function.php 第 103 行.
NOTIC: [8192] Function eregi() is deprecated /usr/share/nginx/html/thinkphp/lunhui/Application/Common/Common/function.php 第 105 行.
NOTIC: [8192] Function eregi() is deprecated /usr/share/nginx/html/thinkphp/lunhui/Application/Common/Common/function.php 第 107 行.
NOTIC: [8192] Function eregi() is deprecated /usr/share/nginx/html/thinkphp/lunhui/Application/Common/Common/function.php 第 109 行.
NOTIC: [8192] Function eregi() is deprecated /usr/share/nginx/html/thinkphp/lunhui/Application/Common/Common/function.php 第 111 行.
SQL: SHOW COLUMNS FROM `web_article` [ RunTime:0.0009s ]
SQL: UPDATE `web_article` SET `a_title`='absolute、relative的区别',`cate_id`='9',`photo`='',`a_keyword`='absolute、relative',`a_remark`='1.absolute 脱离了正常的文档流,所以在正常的文档流中不占据位置，可以层叠在其它元素上面(it is absolute a elfin);而relative在正常的文档流中，所以元素在偏移后仍然会占据文档原来的空间(空白)
2.absolute只有在一种情况下会以浏览器左上角作为定位原点:父级元素没有定义position属性并且被定位元素定义了TRBL(top,right,bottom,left);其它情况都是以爸爸的左上角为定位原点',`a_content`='<p>1.absolute 脱离了正常的文档流,所以在正常的文档流中不占据位置，可以层叠在其它元素上面(it is absolute a elfin);而relative在正常的文档流中，所以元素在偏移后仍然会占据文档原来的空间(空白)</p><p>2.absolute只有在一种情况下会以浏览器左上角作为定位原点:父级元素没有定义position属性并且被定位元素定义了TRBL(top,right,bottom,left);其它情况都是以爸爸的左上角为定位原点</p><p>3.relative是以自身正常位置下的左上角为原来进行偏移，也有TRBL;</p><p>3.关于z-index,儿子永远在爸爸上面，其它的情况，值越大越在上面</p><p><br/></p>',`a_red`='1',`a_type`='1',`a_views`='2',`a_writer`='晓晓',`create_ip`='0.0.0.0',`last_time`='1457362748',`a_from`='Linux' WHERE ( a_id=66 ) [ RunTime:0.0012s ]

[ 2016-03-07T22:59:09+08:00 ] ::1 /Admin/Article/index.html
INFO: [ app_init ] --START--
INFO: Run Behavior\BuildLiteBehavior [ RunTime:0.000012s ]
INFO: [ app_init ] --END-- [ RunTime:0.000083s ]
INFO: [ app_begin ] --START--
INFO: Run Behavior\ReadHtmlCacheBehavior [ RunTime:0.000053s ]
INFO: [ app_begin ] --END-- [ RunTime:0.000113s ]
NOTIC: [8] Undefined index: menu_list /usr/share/nginx/html/thinkphp/lunhui/Application/Admin/Controller/BaseController.class.php 第 65 行.
NOTIC: [2] Invalid argument supplied for foreach() /usr/share/nginx/html/thinkphp/lunhui/Application/Admin/Controller/BaseController.class.php 第 65 行.
SQL: SHOW COLUMNS FROM `web_treenode` [ RunTime:0.0008s ]
SQL: SELECT * FROM `web_treenode` WHERE `menuflag` = 1  [ RunTime:0.0001s ]
SQL: SHOW COLUMNS FROM `web_article` [ RunTime:0.0006s ]
SQL: SHOW COLUMNS FROM `web_article_cate` [ RunTime:0.0004s ]
SQL: SELECT COUNT(*) AS tp_count FROM `web_article` LIMIT 1   [ RunTime:0.0001s ]
SQL: SELECT * FROM `web_article` ORDER BY a_id desc LIMIT 0,10   [ RunTime:0.0002s ]
SQL: SELECT * FROM `web_article_cate`  [ RunTime:0.0001s ]
INFO: [ view_parse ] --START--
INFO: [ template_filter ] --START--
INFO: Run Behavior\ContentReplaceBehavior [ RunTime:0.000105s ]
INFO: [ template_filter ] --END-- [ RunTime:0.000175s ]
NOTIC: [8] Undefined variable: Os /usr/share/nginx/html/thinkphp/lunhui/Application/Runtime/Cache/Admin/7a4184ffe8f804b12b2e7f8851dd8f7d.php 第 148 行.
INFO: Run Behavior\ParseTemplateBehavior [ RunTime:0.020680s ]
INFO: [ view_parse ] --END-- [ RunTime:0.020802s ]
INFO: [ view_filter ] --START--
INFO: Run Behavior\WriteHtmlCacheBehavior [ RunTime:0.000176s ]
INFO: [ view_filter ] --END-- [ RunTime:0.000294s ]
INFO: [ app_end ] --START--
INFO: Run Behavior\ShowPageTraceBehavior [ RunTime:0.000142s ]
INFO: [ app_end ] --END-- [ RunTime:0.000229s ]

