[ 2016-03-06T01:33:42+08:00 ] ::1 /admin
INFO: [ app_init ] --START--
INFO: Run Behavior\BuildLiteBehavior [ RunTime:0.000016s ]
INFO: [ app_init ] --END-- [ RunTime:0.000124s ]
INFO: [ app_begin ] --START--
INFO: Run Behavior\ReadHtmlCacheBehavior [ RunTime:0.000145s ]
INFO: [ app_begin ] --END-- [ RunTime:0.000293s ]

[ 2016-03-06T01:33:42+08:00 ] ::1 /Admin/login/index.html
INFO: [ app_init ] --START--
INFO: Run Behavior\BuildLiteBehavior [ RunTime:0.000044s ]
INFO: [ app_init ] --END-- [ RunTime:0.000309s ]
INFO: [ app_begin ] --START--
INFO: Run Behavior\ReadHtmlCacheBehavior [ RunTime:0.000144s ]
INFO: [ app_begin ] --END-- [ RunTime:0.000329s ]
INFO: [ view_parse ] --START--
INFO: [ template_filter ] --START--
INFO: Run Behavior\ContentReplaceBehavior [ RunTime:0.000053s ]
INFO: [ template_filter ] --END-- [ RunTime:0.000114s ]
INFO: Run Behavior\ParseTemplateBehavior [ RunTime:0.053782s ]
INFO: [ view_parse ] --END-- [ RunTime:0.053851s ]
INFO: [ view_filter ] --START--
INFO: Run Behavior\WriteHtmlCacheBehavior [ RunTime:0.000058s ]
INFO: [ view_filter ] --END-- [ RunTime:0.000096s ]
INFO: [ app_end ] --START--
INFO: Run Behavior\ShowPageTraceBehavior [ RunTime:0.000046s ]
INFO: [ app_end ] --END-- [ RunTime:0.000084s ]

[ 2016-03-06T01:33:47+08:00 ] ::1 /Admin/Login/dologin
INFO: [ app_init ] --START--
INFO: Run Behavior\BuildLiteBehavior [ RunTime:0.000013s ]
INFO: [ app_init ] --END-- [ RunTime:0.000099s ]
INFO: [ app_begin ] --START--
INFO: Run Behavior\ReadHtmlCacheBehavior [ RunTime:0.000074s ]
INFO: [ app_begin ] --END-- [ RunTime:0.000139s ]
SQL: SHOW COLUMNS FROM `web_admin` [ RunTime:0.0594s ]
SQL: SELECT * FROM `web_admin` WHERE `user` = 'lunhui' AND `state` = 1 LIMIT 1   [ RunTime:0.0210s ]
SQL: UPDATE `web_admin` SET `last_logintime`='1457199227',`last_loginip`='127.0.0.1' WHERE `id` = 1 [ RunTime:0.0313s ]

[ 2016-03-06T01:33:47+08:00 ] ::1 /Admin/Index/index.html
INFO: [ app_init ] --START--
INFO: Run Behavior\BuildLiteBehavior [ RunTime:0.000027s ]
INFO: [ app_init ] --END-- [ RunTime:0.000149s ]
INFO: [ app_begin ] --START--
INFO: Run Behavior\ReadHtmlCacheBehavior [ RunTime:0.000077s ]
INFO: [ app_begin ] --END-- [ RunTime:0.000174s ]
NOTIC: [8] Undefined index: menu_list /usr/share/nginx/html/thinkphp/lunhui/Application/Admin/Controller/BaseController.class.php 第 65 行.
NOTIC: [2] Invalid argument supplied for foreach() /usr/share/nginx/html/thinkphp/lunhui/Application/Admin/Controller/BaseController.class.php 第 65 行.
SQL: SHOW COLUMNS FROM `web_treenode` [ RunTime:0.0124s ]
SQL: SELECT * FROM `web_treenode` WHERE `menuflag` = 1  [ RunTime:0.0003s ]
INFO: [ view_parse ] --START--
INFO: [ template_filter ] --START--
INFO: Run Behavior\ContentReplaceBehavior [ RunTime:0.000128s ]
INFO: [ template_filter ] --END-- [ RunTime:0.000208s ]
NOTIC: [8] Undefined variable: Os /usr/share/nginx/html/thinkphp/lunhui/Application/Runtime/Cache/Admin/b595b808c2ebeeeb0478ffc30bb4e87a.php 第 110 行.
INFO: Run Behavior\ParseTemplateBehavior [ RunTime:0.066673s ]
INFO: [ view_parse ] --END-- [ RunTime:0.066745s ]
INFO: [ view_filter ] --START--
INFO: Run Behavior\WriteHtmlCacheBehavior [ RunTime:0.000053s ]
INFO: [ view_filter ] --END-- [ RunTime:0.000090s ]
INFO: [ app_end ] --START--
INFO: Run Behavior\ShowPageTraceBehavior [ RunTime:0.000044s ]
INFO: [ app_end ] --END-- [ RunTime:0.000090s ]

[ 2016-03-06T01:33:59+08:00 ] ::1 /Admin/article/indextype.html
INFO: [ app_init ] --START--
INFO: Run Behavior\BuildLiteBehavior [ RunTime:0.000028s ]
INFO: [ app_init ] --END-- [ RunTime:0.000211s ]
INFO: [ app_begin ] --START--
INFO: Run Behavior\ReadHtmlCacheBehavior [ RunTime:0.000187s ]
INFO: [ app_begin ] --END-- [ RunTime:0.000360s ]
NOTIC: [8] Undefined index: menu_list /usr/share/nginx/html/thinkphp/lunhui/Application/Admin/Controller/BaseController.class.php 第 65 行.
NOTIC: [2] Invalid argument supplied for foreach() /usr/share/nginx/html/thinkphp/lunhui/Application/Admin/Controller/BaseController.class.php 第 65 行.
SQL: SHOW COLUMNS FROM `web_treenode` [ RunTime:0.0007s ]
SQL: SELECT * FROM `web_treenode` WHERE `menuflag` = 1  [ RunTime:0.0001s ]
SQL: SHOW COLUMNS FROM `web_article_cate` [ RunTime:0.0007s ]
SQL: SELECT COUNT(*) AS tp_count FROM `web_article_cate` LIMIT 1   [ RunTime:0.0001s ]
SQL: SELECT * FROM `web_article_cate` LIMIT 0,10   [ RunTime:0.0001s ]
INFO: [ view_parse ] --START--
INFO: [ template_filter ] --START--
INFO: Run Behavior\ContentReplaceBehavior [ RunTime:0.000084s ]
INFO: [ template_filter ] --END-- [ RunTime:0.000142s ]
NOTIC: [8] Undefined variable: Os /usr/share/nginx/html/thinkphp/lunhui/Application/Runtime/Cache/Admin/4cd5d37317e3270ae590940677364ce7.php 第 148 行.
INFO: Run Behavior\ParseTemplateBehavior [ RunTime:0.032042s ]
INFO: [ view_parse ] --END-- [ RunTime:0.032163s ]
INFO: [ view_filter ] --START--
INFO: Run Behavior\WriteHtmlCacheBehavior [ RunTime:0.000170s ]
INFO: [ view_filter ] --END-- [ RunTime:0.000230s ]
INFO: [ app_end ] --START--
INFO: Run Behavior\ShowPageTraceBehavior [ RunTime:0.000056s ]
INFO: [ app_end ] --END-- [ RunTime:0.000098s ]

[ 2016-03-06T01:34:05+08:00 ] ::1 /Admin/article/index.html
INFO: [ app_init ] --START--
INFO: Run Behavior\BuildLiteBehavior [ RunTime:0.000019s ]
INFO: [ app_init ] --END-- [ RunTime:0.000119s ]
INFO: [ app_begin ] --START--
INFO: Run Behavior\ReadHtmlCacheBehavior [ RunTime:0.000067s ]
INFO: [ app_begin ] --END-- [ RunTime:0.000133s ]
NOTIC: [8] Undefined index: menu_list /usr/share/nginx/html/thinkphp/lunhui/Application/Admin/Controller/BaseController.class.php 第 65 行.
NOTIC: [2] Invalid argument supplied for foreach() /usr/share/nginx/html/thinkphp/lunhui/Application/Admin/Controller/BaseController.class.php 第 65 行.
SQL: SHOW COLUMNS FROM `web_treenode` [ RunTime:0.0013s ]
SQL: SELECT * FROM `web_treenode` WHERE `menuflag` = 1  [ RunTime:0.0002s ]
SQL: SHOW COLUMNS FROM `web_article` [ RunTime:0.0007s ]
SQL: SHOW COLUMNS FROM `web_article_cate` [ RunTime:0.0005s ]
SQL: SELECT COUNT(*) AS tp_count FROM `web_article` LIMIT 1   [ RunTime:0.0001s ]
SQL: SELECT * FROM `web_article` ORDER BY a_id desc LIMIT 0,10   [ RunTime:0.0003s ]
SQL: SELECT * FROM `web_article_cate`  [ RunTime:0.0001s ]
INFO: [ view_parse ] --START--
INFO: [ template_filter ] --START--
INFO: Run Behavior\ContentReplaceBehavior [ RunTime:0.000094s ]
INFO: [ template_filter ] --END-- [ RunTime:0.000157s ]
NOTIC: [8] Undefined variable: Os /usr/share/nginx/html/thinkphp/lunhui/Application/Runtime/Cache/Admin/7a4184ffe8f804b12b2e7f8851dd8f7d.php 第 148 行.
INFO: Run Behavior\ParseTemplateBehavior [ RunTime:0.047346s ]
INFO: [ view_parse ] --END-- [ RunTime:0.047418s ]
INFO: [ view_filter ] --START--
INFO: Run Behavior\WriteHtmlCacheBehavior [ RunTime:0.000060s ]
INFO: [ view_filter ] --END-- [ RunTime:0.000096s ]
INFO: [ app_end ] --START--
INFO: Run Behavior\ShowPageTraceBehavior [ RunTime:0.000047s ]
INFO: [ app_end ] --END-- [ RunTime:0.000086s ]

[ 2016-03-06T01:34:10+08:00 ] ::1 /Admin/Article/add.html
INFO: [ app_init ] --START--
INFO: Run Behavior\BuildLiteBehavior [ RunTime:0.000021s ]
INFO: [ app_init ] --END-- [ RunTime:0.000158s ]
INFO: [ app_begin ] --START--
INFO: Run Behavior\ReadHtmlCacheBehavior [ RunTime:0.000076s ]
INFO: [ app_begin ] --END-- [ RunTime:0.000150s ]
NOTIC: [8] Undefined index: menu_list /usr/share/nginx/html/thinkphp/lunhui/Application/Admin/Controller/BaseController.class.php 第 65 行.
NOTIC: [2] Invalid argument supplied for foreach() /usr/share/nginx/html/thinkphp/lunhui/Application/Admin/Controller/BaseController.class.php 第 65 行.
SQL: SHOW COLUMNS FROM `web_treenode` [ RunTime:0.0014s ]
SQL: SELECT * FROM `web_treenode` WHERE `menuflag` = 1  [ RunTime:0.0001s ]
SQL: SHOW COLUMNS FROM `web_article_cate` [ RunTime:0.0010s ]
SQL: SELECT * FROM `web_article_cate`  [ RunTime:0.0002s ]
INFO: [ view_parse ] --START--
INFO: [ template_filter ] --START--
INFO: Run Behavior\ContentReplaceBehavior [ RunTime:0.000209s ]
INFO: [ template_filter ] --END-- [ RunTime:0.000350s ]
NOTIC: [8] Undefined variable: Os /usr/share/nginx/html/thinkphp/lunhui/Application/Runtime/Cache/Admin/e16cf278f1c326e72baf6415dbd5ab87.php 第 150 行.
NOTIC: [8] Undefined variable: detail /usr/share/nginx/html/thinkphp/lunhui/Application/Runtime/Cache/Admin/e16cf278f1c326e72baf6415dbd5ab87.php 第 243 行.
NOTIC: [8] Undefined variable: nowtime /usr/share/nginx/html/thinkphp/lunhui/Application/Runtime/Cache/Admin/e16cf278f1c326e72baf6415dbd5ab87.php 第 352 行.
INFO: Run Behavior\ParseTemplateBehavior [ RunTime:0.037852s ]
INFO: [ view_parse ] --END-- [ RunTime:0.037947s ]
INFO: [ view_filter ] --START--
INFO: Run Behavior\WriteHtmlCacheBehavior [ RunTime:0.000090s ]
INFO: [ view_filter ] --END-- [ RunTime:0.000148s ]
INFO: [ app_end ] --START--
INFO: Run Behavior\ShowPageTraceBehavior [ RunTime:0.000071s ]
INFO: [ app_end ] --END-- [ RunTime:0.000135s ]

[ 2016-03-06T01:36:13+08:00 ] ::1 /Admin/Index/pwd.html
INFO: [ app_init ] --START--
INFO: Run Behavior\BuildLiteBehavior [ RunTime:0.000016s ]
INFO: [ app_init ] --END-- [ RunTime:0.000132s ]
INFO: [ app_begin ] --START--
INFO: Run Behavior\ReadHtmlCacheBehavior [ RunTime:0.000049s ]
INFO: [ app_begin ] --END-- [ RunTime:0.000097s ]
NOTIC: [8] Undefined index: menu_list /usr/share/nginx/html/thinkphp/lunhui/Application/Admin/Controller/BaseController.class.php 第 65 行.
NOTIC: [2] Invalid argument supplied for foreach() /usr/share/nginx/html/thinkphp/lunhui/Application/Admin/Controller/BaseController.class.php 第 65 行.
SQL: SHOW COLUMNS FROM `web_treenode` [ RunTime:0.0018s ]
SQL: SELECT * FROM `web_treenode` WHERE `menuflag` = 1  [ RunTime:0.0003s ]
SQL: SHOW COLUMNS FROM `web_admin` [ RunTime:0.0007s ]
INFO: [ view_parse ] --START--
INFO: [ template_filter ] --START--
INFO: Run Behavior\ContentReplaceBehavior [ RunTime:0.000074s ]
INFO: [ template_filter ] --END-- [ RunTime:0.000131s ]
NOTIC: [8] Undefined variable: Os /usr/share/nginx/html/thinkphp/lunhui/Application/Runtime/Cache/Admin/c009ab58770399a4c842d23a7e70926e.php 第 146 行.
INFO: Run Behavior\ParseTemplateBehavior [ RunTime:0.029911s ]
INFO: [ view_parse ] --END-- [ RunTime:0.029998s ]
INFO: [ view_filter ] --START--
INFO: Run Behavior\WriteHtmlCacheBehavior [ RunTime:0.000047s ]
INFO: [ view_filter ] --END-- [ RunTime:0.000083s ]
INFO: [ app_end ] --START--
INFO: Run Behavior\ShowPageTraceBehavior [ RunTime:0.000043s ]
INFO: [ app_end ] --END-- [ RunTime:0.000081s ]

[ 2016-03-06T01:36:53+08:00 ] ::1 /Admin/Site/index.html
INFO: [ app_init ] --START--
INFO: Run Behavior\BuildLiteBehavior [ RunTime:0.000015s ]
INFO: [ app_init ] --END-- [ RunTime:0.000102s ]
INFO: [ app_begin ] --START--
INFO: Run Behavior\ReadHtmlCacheBehavior [ RunTime:0.000062s ]
INFO: [ app_begin ] --END-- [ RunTime:0.000122s ]
NOTIC: [8] Undefined index: menu_list /usr/share/nginx/html/thinkphp/lunhui/Application/Admin/Controller/BaseController.class.php 第 65 行.
NOTIC: [2] Invalid argument supplied for foreach() /usr/share/nginx/html/thinkphp/lunhui/Application/Admin/Controller/BaseController.class.php 第 65 行.
SQL: SHOW COLUMNS FROM `web_treenode` [ RunTime:0.0010s ]
SQL: SELECT * FROM `web_treenode` WHERE `menuflag` = 1  [ RunTime:0.0001s ]
INFO: [ view_parse ] --START--
INFO: [ template_filter ] --START--
INFO: Run Behavior\ContentReplaceBehavior [ RunTime:0.000077s ]
INFO: [ template_filter ] --END-- [ RunTime:0.000135s ]
NOTIC: [8] Undefined variable: Os /usr/share/nginx/html/thinkphp/lunhui/Application/Runtime/Cache/Admin/857b1a6610f546bd792cb0f882368043.php 第 146 行.
INFO: Run Behavior\ParseTemplateBehavior [ RunTime:0.030461s ]
INFO: [ view_parse ] --END-- [ RunTime:0.030531s ]
INFO: [ view_filter ] --START--
INFO: Run Behavior\WriteHtmlCacheBehavior [ RunTime:0.000061s ]
INFO: [ view_filter ] --END-- [ RunTime:0.000098s ]
INFO: [ app_end ] --START--
INFO: Run Behavior\ShowPageTraceBehavior [ RunTime:0.000068s ]
INFO: [ app_end ] --END-- [ RunTime:0.000128s ]

[ 2016-03-06T01:37:18+08:00 ] ::1 /Admin/said/index.html
INFO: [ app_init ] --START--
INFO: Run Behavior\BuildLiteBehavior [ RunTime:0.000025s ]
INFO: [ app_init ] --END-- [ RunTime:0.000184s ]
INFO: [ app_begin ] --START--
INFO: Run Behavior\ReadHtmlCacheBehavior [ RunTime:0.000205s ]
INFO: [ app_begin ] --END-- [ RunTime:0.000360s ]
NOTIC: [8] Undefined index: menu_list /usr/share/nginx/html/thinkphp/lunhui/Application/Admin/Controller/BaseController.class.php 第 65 行.
NOTIC: [2] Invalid argument supplied for foreach() /usr/share/nginx/html/thinkphp/lunhui/Application/Admin/Controller/BaseController.class.php 第 65 行.
SQL: SHOW COLUMNS FROM `web_treenode` [ RunTime:0.0015s ]
SQL: SELECT * FROM `web_treenode` WHERE `menuflag` = 1  [ RunTime:0.0002s ]
SQL: SHOW COLUMNS FROM `web_said` [ RunTime:0.0014s ]
SQL: SELECT COUNT(*) AS tp_count FROM `web_said` LIMIT 1   [ RunTime:0.0001s ]
SQL: SELECT * FROM `web_said` ORDER BY create_time desc LIMIT 0,10   [ RunTime:0.0077s ]
INFO: [ view_parse ] --START--
INFO: [ template_filter ] --START--
INFO: Run Behavior\ContentReplaceBehavior [ RunTime:0.000086s ]
INFO: [ template_filter ] --END-- [ RunTime:0.000147s ]
NOTIC: [8] Undefined variable: Os /usr/share/nginx/html/thinkphp/lunhui/Application/Runtime/Cache/Admin/1bb548e9566cd0079e7a32163353e0b9.php 第 148 行.
INFO: Run Behavior\ParseTemplateBehavior [ RunTime:0.025474s ]
INFO: [ view_parse ] --END-- [ RunTime:0.025637s ]
INFO: [ view_filter ] --START--
INFO: Run Behavior\WriteHtmlCacheBehavior [ RunTime:0.000160s ]
INFO: [ view_filter ] --END-- [ RunTime:0.000226s ]
INFO: [ app_end ] --START--
INFO: Run Behavior\ShowPageTraceBehavior [ RunTime:0.000108s ]
INFO: [ app_end ] --END-- [ RunTime:0.000170s ]

[ 2016-03-06T13:57:38+08:00 ] 192.168.1.115 /admin.html
INFO: [ app_init ] --START--
INFO: Run Behavior\BuildLiteBehavior [ RunTime:0.000031s ]
INFO: [ app_init ] --END-- [ RunTime:0.000229s ]
INFO: [ app_begin ] --START--
INFO: Run Behavior\ReadHtmlCacheBehavior [ RunTime:0.000085s ]
INFO: [ app_begin ] --END-- [ RunTime:0.000178s ]

[ 2016-03-06T13:57:38+08:00 ] 192.168.1.115 /Admin/login/index.html
INFO: [ app_init ] --START--
INFO: Run Behavior\BuildLiteBehavior [ RunTime:0.000032s ]
INFO: [ app_init ] --END-- [ RunTime:0.000213s ]
INFO: [ app_begin ] --START--
INFO: Run Behavior\ReadHtmlCacheBehavior [ RunTime:0.000091s ]
INFO: [ app_begin ] --END-- [ RunTime:0.000208s ]
INFO: [ view_parse ] --START--
INFO: [ template_filter ] --START--
INFO: Run Behavior\ContentReplaceBehavior [ RunTime:0.000052s ]
INFO: [ template_filter ] --END-- [ RunTime:0.000112s ]
INFO: Run Behavior\ParseTemplateBehavior [ RunTime:0.027192s ]
INFO: [ view_parse ] --END-- [ RunTime:0.027296s ]
INFO: [ view_filter ] --START--
INFO: Run Behavior\WriteHtmlCacheBehavior [ RunTime:0.000061s ]
INFO: [ view_filter ] --END-- [ RunTime:0.000101s ]
INFO: [ app_end ] --START--
INFO: Run Behavior\ShowPageTraceBehavior [ RunTime:0.000046s ]
INFO: [ app_end ] --END-- [ RunTime:0.000084s ]

[ 2016-03-06T13:58:21+08:00 ] 192.168.1.115 /Admin/Login/dologin
INFO: [ app_init ] --START--
INFO: Run Behavior\BuildLiteBehavior [ RunTime:0.000027s ]
INFO: [ app_init ] --END-- [ RunTime:0.000274s ]
INFO: [ app_begin ] --START--
INFO: Run Behavior\ReadHtmlCacheBehavior [ RunTime:0.000109s ]
INFO: [ app_begin ] --END-- [ RunTime:0.000215s ]
SQL: SHOW COLUMNS FROM `web_admin` [ RunTime:0.0307s ]
SQL: SELECT * FROM `web_admin` WHERE `user` = 'lunhui' AND `state` = 1 LIMIT 1   [ RunTime:0.0273s ]
SQL: UPDATE `web_admin` SET `last_logintime`='1457243901',`last_loginip`='127.0.0.1' WHERE `id` = 1 [ RunTime:0.0158s ]

[ 2016-03-06T13:58:21+08:00 ] 192.168.1.115 /Admin/Index/index.html
INFO: [ app_init ] --START--
INFO: Run Behavior\BuildLiteBehavior [ RunTime:0.000072s ]
INFO: [ app_init ] --END-- [ RunTime:0.000236s ]
INFO: [ app_begin ] --START--
INFO: Run Behavior\ReadHtmlCacheBehavior [ RunTime:0.000055s ]
INFO: [ app_begin ] --END-- [ RunTime:0.000118s ]
NOTIC: [8] Undefined index: menu_list /usr/share/nginx/html/thinkphp/lunhui/Application/Admin/Controller/BaseController.class.php 第 65 行.
NOTIC: [2] Invalid argument supplied for foreach() /usr/share/nginx/html/thinkphp/lunhui/Application/Admin/Controller/BaseController.class.php 第 65 行.
SQL: SHOW COLUMNS FROM `web_treenode` [ RunTime:0.0087s ]
SQL: SELECT * FROM `web_treenode` WHERE `menuflag` = 1  [ RunTime:0.0175s ]
INFO: [ view_parse ] --START--
INFO: [ template_filter ] --START--
INFO: Run Behavior\ContentReplaceBehavior [ RunTime:0.000091s ]
INFO: [ template_filter ] --END-- [ RunTime:0.000153s ]
NOTIC: [8] Undefined variable: Os /usr/share/nginx/html/thinkphp/lunhui/Application/Runtime/Cache/Admin/b595b808c2ebeeeb0478ffc30bb4e87a.php 第 110 行.
INFO: Run Behavior\ParseTemplateBehavior [ RunTime:0.065941s ]
INFO: [ view_parse ] --END-- [ RunTime:0.066041s ]
INFO: [ view_filter ] --START--
INFO: Run Behavior\WriteHtmlCacheBehavior [ RunTime:0.000049s ]
INFO: [ view_filter ] --END-- [ RunTime:0.000086s ]
INFO: [ app_end ] --START--
INFO: Run Behavior\ShowPageTraceBehavior [ RunTime:0.000044s ]
INFO: [ app_end ] --END-- [ RunTime:0.000089s ]

[ 2016-03-06T13:59:24+08:00 ] 192.168.1.115 /Admin/article/index.html
INFO: [ app_init ] --START--
INFO: Run Behavior\BuildLiteBehavior [ RunTime:0.000031s ]
INFO: [ app_init ] --END-- [ RunTime:0.000229s ]
INFO: [ app_begin ] --START--
INFO: Run Behavior\ReadHtmlCacheBehavior [ RunTime:0.000103s ]
INFO: [ app_begin ] --END-- [ RunTime:0.000217s ]
NOTIC: [8] Undefined index: menu_list /usr/share/nginx/html/thinkphp/lunhui/Application/Admin/Controller/BaseController.class.php 第 65 行.
NOTIC: [2] Invalid argument supplied for foreach() /usr/share/nginx/html/thinkphp/lunhui/Application/Admin/Controller/BaseController.class.php 第 65 行.
SQL: SHOW COLUMNS FROM `web_treenode` [ RunTime:0.0009s ]
SQL: SELECT * FROM `web_treenode` WHERE `menuflag` = 1  [ RunTime:0.0002s ]
SQL: SHOW COLUMNS FROM `web_article` [ RunTime:0.0008s ]
SQL: SHOW COLUMNS FROM `web_article_cate` [ RunTime:0.0012s ]
SQL: SELECT COUNT(*) AS tp_count FROM `web_article` LIMIT 1   [ RunTime:0.0003s ]
SQL: SELECT * FROM `web_article` ORDER BY a_id desc LIMIT 0,10   [ RunTime:0.0005s ]
SQL: SELECT * FROM `web_article_cate`  [ RunTime:0.0002s ]
INFO: [ view_parse ] --START--
INFO: [ template_filter ] --START--
INFO: Run Behavior\ContentReplaceBehavior [ RunTime:0.000091s ]
INFO: [ template_filter ] --END-- [ RunTime:0.000153s ]
NOTIC: [8] Undefined variable: Os /usr/share/nginx/html/thinkphp/lunhui/Application/Runtime/Cache/Admin/7a4184ffe8f804b12b2e7f8851dd8f7d.php 第 148 行.
INFO: Run Behavior\ParseTemplateBehavior [ RunTime:0.030107s ]
INFO: [ view_parse ] --END-- [ RunTime:0.030223s ]
INFO: [ view_filter ] --START--
INFO: Run Behavior\WriteHtmlCacheBehavior [ RunTime:0.000053s ]
INFO: [ view_filter ] --END-- [ RunTime:0.000091s ]
INFO: [ app_end ] --START--
INFO: Run Behavior\ShowPageTraceBehavior [ RunTime:0.000045s ]
INFO: [ app_end ] --END-- [ RunTime:0.000086s ]

[ 2016-03-06T14:00:01+08:00 ] 192.168.1.115 /Admin/Article/add.html
INFO: [ app_init ] --START--
INFO: Run Behavior\BuildLiteBehavior [ RunTime:0.000030s ]
INFO: [ app_init ] --END-- [ RunTime:0.000226s ]
INFO: [ app_begin ] --START--
INFO: Run Behavior\ReadHtmlCacheBehavior [ RunTime:0.000103s ]
INFO: [ app_begin ] --END-- [ RunTime:0.000219s ]
NOTIC: [8] Undefined index: menu_list /usr/share/nginx/html/thinkphp/lunhui/Application/Admin/Controller/BaseController.class.php 第 65 行.
NOTIC: [2] Invalid argument supplied for foreach() /usr/share/nginx/html/thinkphp/lunhui/Application/Admin/Controller/BaseController.class.php 第 65 行.
SQL: SHOW COLUMNS FROM `web_treenode` [ RunTime:0.0016s ]
SQL: SELECT * FROM `web_treenode` WHERE `menuflag` = 1  [ RunTime:0.0003s ]
SQL: SHOW COLUMNS FROM `web_article_cate` [ RunTime:0.0013s ]
SQL: SELECT * FROM `web_article_cate`  [ RunTime:0.0002s ]
INFO: [ view_parse ] --START--
INFO: [ template_filter ] --START--
INFO: Run Behavior\ContentReplaceBehavior [ RunTime:0.000096s ]
INFO: [ template_filter ] --END-- [ RunTime:0.000155s ]
NOTIC: [8] Undefined variable: Os /usr/share/nginx/html/thinkphp/lunhui/Application/Runtime/Cache/Admin/e16cf278f1c326e72baf6415dbd5ab87.php 第 150 行.
NOTIC: [8] Undefined variable: detail /usr/share/nginx/html/thinkphp/lunhui/Application/Runtime/Cache/Admin/e16cf278f1c326e72baf6415dbd5ab87.php 第 243 行.
NOTIC: [8] Undefined variable: nowtime /usr/share/nginx/html/thinkphp/lunhui/Application/Runtime/Cache/Admin/e16cf278f1c326e72baf6415dbd5ab87.php 第 352 行.
INFO: Run Behavior\ParseTemplateBehavior [ RunTime:0.022022s ]
INFO: [ view_parse ] --END-- [ RunTime:0.022526s ]
INFO: [ view_filter ] --START--
INFO: Run Behavior\WriteHtmlCacheBehavior [ RunTime:0.000045s ]
INFO: [ view_filter ] --END-- [ RunTime:0.000082s ]
INFO: [ app_end ] --START--
INFO: Run Behavior\ShowPageTraceBehavior [ RunTime:0.000041s ]
INFO: [ app_end ] --END-- [ RunTime:0.000081s ]

[ 2016-03-06T14:05:35+08:00 ] 192.168.1.115 /Admin/article/index.html
INFO: [ app_init ] --START--
INFO: Run Behavior\BuildLiteBehavior [ RunTime:0.000029s ]
INFO: [ app_init ] --END-- [ RunTime:0.000230s ]
INFO: [ app_begin ] --START--
INFO: Run Behavior\ReadHtmlCacheBehavior [ RunTime:0.000114s ]
INFO: [ app_begin ] --END-- [ RunTime:0.000231s ]
NOTIC: [8] Undefined index: menu_list /usr/share/nginx/html/thinkphp/lunhui/Application/Admin/Controller/BaseController.class.php 第 65 行.
NOTIC: [2] Invalid argument supplied for foreach() /usr/share/nginx/html/thinkphp/lunhui/Application/Admin/Controller/BaseController.class.php 第 65 行.
SQL: SHOW COLUMNS FROM `web_treenode` [ RunTime:0.0015s ]
SQL: SELECT * FROM `web_treenode` WHERE `menuflag` = 1  [ RunTime:0.0002s ]
SQL: SHOW COLUMNS FROM `web_article` [ RunTime:0.0013s ]
SQL: SHOW COLUMNS FROM `web_article_cate` [ RunTime:0.0010s ]
SQL: SELECT COUNT(*) AS tp_count FROM `web_article` LIMIT 1   [ RunTime:0.0003s ]
SQL: SELECT * FROM `web_article` ORDER BY a_id desc LIMIT 0,10   [ RunTime:0.0003s ]
SQL: SELECT * FROM `web_article_cate`  [ RunTime:0.0003s ]
INFO: [ view_parse ] --START--
INFO: [ template_filter ] --START--
INFO: Run Behavior\ContentReplaceBehavior [ RunTime:0.000098s ]
INFO: [ template_filter ] --END-- [ RunTime:0.000160s ]
NOTIC: [8] Undefined variable: Os /usr/share/nginx/html/thinkphp/lunhui/Application/Runtime/Cache/Admin/7a4184ffe8f804b12b2e7f8851dd8f7d.php 第 148 行.
INFO: Run Behavior\ParseTemplateBehavior [ RunTime:0.021146s ]
INFO: [ view_parse ] --END-- [ RunTime:0.021225s ]
INFO: [ view_filter ] --START--
INFO: Run Behavior\WriteHtmlCacheBehavior [ RunTime:0.000048s ]
INFO: [ view_filter ] --END-- [ RunTime:0.000086s ]
INFO: [ app_end ] --START--
INFO: Run Behavior\ShowPageTraceBehavior [ RunTime:0.000063s ]
INFO: [ app_end ] --END-- [ RunTime:0.000121s ]

[ 2016-03-06T14:05:38+08:00 ] 192.168.1.115 /Admin/Article/add.html
INFO: [ app_init ] --START--
INFO: Run Behavior\BuildLiteBehavior [ RunTime:0.000031s ]
INFO: [ app_init ] --END-- [ RunTime:0.000236s ]
INFO: [ app_begin ] --START--
INFO: Run Behavior\ReadHtmlCacheBehavior [ RunTime:0.000176s ]
INFO: [ app_begin ] --END-- [ RunTime:0.000295s ]
NOTIC: [8] Undefined index: menu_list /usr/share/nginx/html/thinkphp/lunhui/Application/Admin/Controller/BaseController.class.php 第 65 行.
NOTIC: [2] Invalid argument supplied for foreach() /usr/share/nginx/html/thinkphp/lunhui/Application/Admin/Controller/BaseController.class.php 第 65 行.
SQL: SHOW COLUMNS FROM `web_treenode` [ RunTime:0.0014s ]
SQL: SELECT * FROM `web_treenode` WHERE `menuflag` = 1  [ RunTime:0.0002s ]
SQL: SHOW COLUMNS FROM `web_article_cate` [ RunTime:0.0011s ]
SQL: SELECT * FROM `web_article_cate`  [ RunTime:0.0003s ]
INFO: [ view_parse ] --START--
INFO: [ template_filter ] --START--
INFO: Run Behavior\ContentReplaceBehavior [ RunTime:0.000097s ]
INFO: [ template_filter ] --END-- [ RunTime:0.000157s ]
NOTIC: [8] Undefined variable: Os /usr/share/nginx/html/thinkphp/lunhui/Application/Runtime/Cache/Admin/e16cf278f1c326e72baf6415dbd5ab87.php 第 150 行.
NOTIC: [8] Undefined variable: detail /usr/share/nginx/html/thinkphp/lunhui/Application/Runtime/Cache/Admin/e16cf278f1c326e72baf6415dbd5ab87.php 第 243 行.
NOTIC: [8] Undefined variable: nowtime /usr/share/nginx/html/thinkphp/lunhui/Application/Runtime/Cache/Admin/e16cf278f1c326e72baf6415dbd5ab87.php 第 352 行.
INFO: Run Behavior\ParseTemplateBehavior [ RunTime:0.029583s ]
INFO: [ view_parse ] --END-- [ RunTime:0.029660s ]
INFO: [ view_filter ] --START--
INFO: Run Behavior\WriteHtmlCacheBehavior [ RunTime:0.000052s ]
INFO: [ view_filter ] --END-- [ RunTime:0.000089s ]
INFO: [ app_end ] --START--
INFO: Run Behavior\ShowPageTraceBehavior [ RunTime:0.000065s ]
INFO: [ app_end ] --END-- [ RunTime:0.000126s ]

[ 2016-03-06T14:09:15+08:00 ] ::1 /admin
INFO: [ app_init ] --START--
INFO: Run Behavior\BuildLiteBehavior [ RunTime:0.000015s ]
INFO: [ app_init ] --END-- [ RunTime:0.000124s ]
INFO: [ app_begin ] --START--
INFO: Run Behavior\ReadHtmlCacheBehavior [ RunTime:0.000044s ]
INFO: [ app_begin ] --END-- [ RunTime:0.000086s ]

[ 2016-03-06T14:09:16+08:00 ] ::1 /Admin/login/index.html
INFO: [ app_init ] --START--
INFO: Run Behavior\BuildLiteBehavior [ RunTime:0.000029s ]
INFO: [ app_init ] --END-- [ RunTime:0.000248s ]
INFO: [ app_begin ] --START--
INFO: Run Behavior\ReadHtmlCacheBehavior [ RunTime:0.000034s ]
INFO: [ app_begin ] --END-- [ RunTime:0.000077s ]
INFO: [ view_parse ] --START--
INFO: [ template_filter ] --START--
INFO: Run Behavior\ContentReplaceBehavior [ RunTime:0.000113s ]
INFO: [ template_filter ] --END-- [ RunTime:0.000213s ]
INFO: Run Behavior\ParseTemplateBehavior [ RunTime:0.278202s ]
INFO: [ view_parse ] --END-- [ RunTime:0.278423s ]
INFO: [ view_filter ] --START--
INFO: Run Behavior\WriteHtmlCacheBehavior [ RunTime:0.000201s ]
INFO: [ view_filter ] --END-- [ RunTime:0.000284s ]
INFO: [ app_end ] --START--
INFO: Run Behavior\ShowPageTraceBehavior [ RunTime:0.000057s ]
INFO: [ app_end ] --END-- [ RunTime:0.000099s ]

[ 2016-03-06T14:09:16+08:00 ] ::1 /admin
INFO: [ app_init ] --START--
INFO: Run Behavior\BuildLiteBehavior [ RunTime:0.000025s ]
INFO: [ app_init ] --END-- [ RunTime:0.000187s ]
INFO: [ app_begin ] --START--
INFO: Run Behavior\ReadHtmlCacheBehavior [ RunTime:0.000036s ]
INFO: [ app_begin ] --END-- [ RunTime:0.000080s ]

[ 2016-03-06T14:09:16+08:00 ] ::1 /Admin/login/index.html
INFO: [ app_init ] --START--
INFO: Run Behavior\BuildLiteBehavior [ RunTime:0.000061s ]
INFO: [ app_init ] --END-- [ RunTime:0.000248s ]
INFO: [ app_begin ] --START--
INFO: Run Behavior\ReadHtmlCacheBehavior [ RunTime:0.000095s ]
INFO: [ app_begin ] --END-- [ RunTime:0.000210s ]
INFO: [ view_parse ] --START--
INFO: [ template_filter ] --START--
INFO: Run Behavior\ContentReplaceBehavior [ RunTime:0.000141s ]
INFO: [ template_filter ] --END-- [ RunTime:0.000254s ]
INFO: Run Behavior\ParseTemplateBehavior [ RunTime:0.004646s ]
INFO: [ view_parse ] --END-- [ RunTime:0.004761s ]
INFO: [ view_filter ] --START--
INFO: Run Behavior\WriteHtmlCacheBehavior [ RunTime:0.000163s ]
INFO: [ view_filter ] --END-- [ RunTime:0.000264s ]
INFO: [ app_end ] --START--
INFO: Run Behavior\ShowPageTraceBehavior [ RunTime:0.000112s ]
INFO: [ app_end ] --END-- [ RunTime:0.000197s ]

[ 2016-03-06T14:09:25+08:00 ] ::1 /Admin/Login/dologin
INFO: [ app_init ] --START--
INFO: Run Behavior\BuildLiteBehavior [ RunTime:0.000012s ]
INFO: [ app_init ] --END-- [ RunTime:0.000094s ]
INFO: [ app_begin ] --START--
INFO: Run Behavior\ReadHtmlCacheBehavior [ RunTime:0.000038s ]
INFO: [ app_begin ] --END-- [ RunTime:0.000077s ]
SQL: SHOW COLUMNS FROM `web_admin` [ RunTime:0.3250s ]
SQL: SELECT * FROM `web_admin` WHERE `user` = 'lunhui' AND `state` = 1 LIMIT 1   [ RunTime:0.0375s ]
SQL: UPDATE `web_admin` SET `last_logintime`='1457244565',`last_loginip`='127.0.0.1' WHERE `id` = 1 [ RunTime:0.0591s ]

[ 2016-03-06T14:09:25+08:00 ] ::1 /Admin/Login/dologin
INFO: [ app_init ] --START--
INFO: Run Behavior\BuildLiteBehavior [ RunTime:0.000020s ]
INFO: [ app_init ] --END-- [ RunTime:0.000141s ]
INFO: [ app_begin ] --START--
INFO: Run Behavior\ReadHtmlCacheBehavior [ RunTime:0.000058s ]
INFO: [ app_begin ] --END-- [ RunTime:0.000123s ]
SQL: SHOW COLUMNS FROM `web_admin` [ RunTime:0.0015s ]
SQL: SELECT * FROM `web_admin` WHERE `user` = 'lunhui' AND `state` = 1 LIMIT 1   [ RunTime:0.0005s ]
SQL: UPDATE `web_admin` SET `last_logintime`='1457244565',`last_loginip`='127.0.0.1' WHERE `id` = 1 [ RunTime:0.0003s ]

[ 2016-03-06T14:09:26+08:00 ] ::1 /Admin/Index/index.html
INFO: [ app_init ] --START--
INFO: Run Behavior\BuildLiteBehavior [ RunTime:0.000013s ]
INFO: [ app_init ] --END-- [ RunTime:0.000083s ]
INFO: [ app_begin ] --START--
INFO: Run Behavior\ReadHtmlCacheBehavior [ RunTime:0.000035s ]
INFO: [ app_begin ] --END-- [ RunTime:0.000076s ]
NOTIC: [8] Undefined index: menu_list /usr/share/nginx/html/thinkphp/lunhui/Application/Admin/Controller/BaseController.class.php 第 65 行.
NOTIC: [2] Invalid argument supplied for foreach() /usr/share/nginx/html/thinkphp/lunhui/Application/Admin/Controller/BaseController.class.php 第 65 行.
SQL: SHOW COLUMNS FROM `web_treenode` [ RunTime:0.0008s ]
SQL: SELECT * FROM `web_treenode` WHERE `menuflag` = 1  [ RunTime:0.0003s ]
INFO: [ view_parse ] --START--
INFO: [ template_filter ] --START--
INFO: Run Behavior\ContentReplaceBehavior [ RunTime:0.000090s ]
INFO: [ template_filter ] --END-- [ RunTime:0.000151s ]
NOTIC: [8] Undefined variable: Os /usr/share/nginx/html/thinkphp/lunhui/Application/Runtime/Cache/Admin/b595b808c2ebeeeb0478ffc30bb4e87a.php 第 110 行.
INFO: Run Behavior\ParseTemplateBehavior [ RunTime:0.128897s ]
INFO: [ view_parse ] --END-- [ RunTime:0.128966s ]
INFO: [ view_filter ] --START--
INFO: Run Behavior\WriteHtmlCacheBehavior [ RunTime:0.000052s ]
INFO: [ view_filter ] --END-- [ RunTime:0.000090s ]
INFO: [ app_end ] --START--
INFO: Run Behavior\ShowPageTraceBehavior [ RunTime:0.000045s ]
INFO: [ app_end ] --END-- [ RunTime:0.000085s ]

[ 2016-03-06T14:09:31+08:00 ] ::1 /Admin/article/index.html
INFO: [ app_init ] --START--
INFO: Run Behavior\BuildLiteBehavior [ RunTime:0.000052s ]
INFO: [ app_init ] --END-- [ RunTime:0.000422s ]
INFO: [ app_begin ] --START--
INFO: Run Behavior\ReadHtmlCacheBehavior [ RunTime:0.000121s ]
INFO: [ app_begin ] --END-- [ RunTime:0.000253s ]
NOTIC: [8] Undefined index: menu_list /usr/share/nginx/html/thinkphp/lunhui/Application/Admin/Controller/BaseController.class.php 第 65 行.
NOTIC: [2] Invalid argument supplied for foreach() /usr/share/nginx/html/thinkphp/lunhui/Application/Admin/Controller/BaseController.class.php 第 65 行.
SQL: SHOW COLUMNS FROM `web_treenode` [ RunTime:0.0009s ]
SQL: SELECT * FROM `web_treenode` WHERE `menuflag` = 1  [ RunTime:0.0002s ]
SQL: SHOW COLUMNS FROM `web_article` [ RunTime:0.0007s ]
SQL: SHOW COLUMNS FROM `web_article_cate` [ RunTime:0.0006s ]
SQL: SELECT COUNT(*) AS tp_count FROM `web_article` LIMIT 1   [ RunTime:0.0001s ]
SQL: SELECT * FROM `web_article` ORDER BY a_id desc LIMIT 0,10   [ RunTime:0.0002s ]
SQL: SELECT * FROM `web_article_cate`  [ RunTime:0.0003s ]
INFO: [ view_parse ] --START--
INFO: [ template_filter ] --START--
INFO: Run Behavior\ContentReplaceBehavior [ RunTime:0.000246s ]
INFO: [ template_filter ] --END-- [ RunTime:0.000396s ]
NOTIC: [8] Undefined variable: Os /usr/share/nginx/html/thinkphp/lunhui/Application/Runtime/Cache/Admin/7a4184ffe8f804b12b2e7f8851dd8f7d.php 第 148 行.
INFO: Run Behavior\ParseTemplateBehavior [ RunTime:0.038320s ]
INFO: [ view_parse ] --END-- [ RunTime:0.038380s ]
INFO: [ view_filter ] --START--
INFO: Run Behavior\WriteHtmlCacheBehavior [ RunTime:0.000051s ]
INFO: [ view_filter ] --END-- [ RunTime:0.000089s ]
INFO: [ app_end ] --START--
INFO: Run Behavior\ShowPageTraceBehavior [ RunTime:0.000046s ]
INFO: [ app_end ] --END-- [ RunTime:0.000086s ]

[ 2016-03-06T14:09:33+08:00 ] ::1 /Admin/Article/add.html
INFO: [ app_init ] --START--
INFO: Run Behavior\BuildLiteBehavior [ RunTime:0.000011s ]
INFO: [ app_init ] --END-- [ RunTime:0.000083s ]
INFO: [ app_begin ] --START--
INFO: Run Behavior\ReadHtmlCacheBehavior [ RunTime:0.000035s ]
INFO: [ app_begin ] --END-- [ RunTime:0.000076s ]
NOTIC: [8] Undefined index: menu_list /usr/share/nginx/html/thinkphp/lunhui/Application/Admin/Controller/BaseController.class.php 第 65 行.
NOTIC: [2] Invalid argument supplied for foreach() /usr/share/nginx/html/thinkphp/lunhui/Application/Admin/Controller/BaseController.class.php 第 65 行.
SQL: SHOW COLUMNS FROM `web_treenode` [ RunTime:0.0006s ]
SQL: SELECT * FROM `web_treenode` WHERE `menuflag` = 1  [ RunTime:0.0001s ]
SQL: SHOW COLUMNS FROM `web_article_cate` [ RunTime:0.0004s ]
SQL: SELECT * FROM `web_article_cate`  [ RunTime:0.0001s ]
INFO: [ view_parse ] --START--
INFO: [ template_filter ] --START--
INFO: Run Behavior\ContentReplaceBehavior [ RunTime:0.000099s ]
INFO: [ template_filter ] --END-- [ RunTime:0.000160s ]
NOTIC: [8] Undefined variable: Os /usr/share/nginx/html/thinkphp/lunhui/Application/Runtime/Cache/Admin/e16cf278f1c326e72baf6415dbd5ab87.php 第 150 行.
NOTIC: [8] Undefined variable: detail /usr/share/nginx/html/thinkphp/lunhui/Application/Runtime/Cache/Admin/e16cf278f1c326e72baf6415dbd5ab87.php 第 243 行.
NOTIC: [8] Undefined variable: nowtime /usr/share/nginx/html/thinkphp/lunhui/Application/Runtime/Cache/Admin/e16cf278f1c326e72baf6415dbd5ab87.php 第 352 行.
INFO: Run Behavior\ParseTemplateBehavior [ RunTime:0.028405s ]
INFO: [ view_parse ] --END-- [ RunTime:0.028458s ]
INFO: [ view_filter ] --START--
INFO: Run Behavior\WriteHtmlCacheBehavior [ RunTime:0.000051s ]
INFO: [ view_filter ] --END-- [ RunTime:0.000088s ]
INFO: [ app_end ] --START--
INFO: Run Behavior\ShowPageTraceBehavior [ RunTime:0.000039s ]
INFO: [ app_end ] --END-- [ RunTime:0.000079s ]

[ 2016-03-06T14:10:39+08:00 ] ::1 /Admin/Article/runadd.html
INFO: [ app_init ] --START--
INFO: Run Behavior\BuildLiteBehavior [ RunTime:0.000013s ]
INFO: [ app_init ] --END-- [ RunTime:0.000091s ]
INFO: [ app_begin ] --START--
INFO: Run Behavior\ReadHtmlCacheBehavior [ RunTime:0.000038s ]
INFO: [ app_begin ] --END-- [ RunTime:0.000075s ]
NOTIC: [8] Undefined index: menu_list /usr/share/nginx/html/thinkphp/lunhui/Application/Admin/Controller/BaseController.class.php 第 65 行.
NOTIC: [2] Invalid argument supplied for foreach() /usr/share/nginx/html/thinkphp/lunhui/Application/Admin/Controller/BaseController.class.php 第 65 行.
SQL: SHOW COLUMNS FROM `web_treenode` [ RunTime:0.0010s ]
SQL: SELECT * FROM `web_treenode` WHERE `menuflag` = 1  [ RunTime:0.0001s ]
NOTIC: [8192] Function eregi() is deprecated /usr/share/nginx/html/thinkphp/lunhui/Application/Common/Common/function.php 第 63 行.
NOTIC: [8192] Function eregi() is deprecated /usr/share/nginx/html/thinkphp/lunhui/Application/Common/Common/function.php 第 65 行.
NOTIC: [8192] Function eregi() is deprecated /usr/share/nginx/html/thinkphp/lunhui/Application/Common/Common/function.php 第 67 行.
NOTIC: [8192] Function eregi() is deprecated /usr/share/nginx/html/thinkphp/lunhui/Application/Common/Common/function.php 第 69 行.
NOTIC: [8192] Function eregi() is deprecated /usr/share/nginx/html/thinkphp/lunhui/Application/Common/Common/function.php 第 71 行.
NOTIC: [8192] Function eregi() is deprecated /usr/share/nginx/html/thinkphp/lunhui/Application/Common/Common/function.php 第 73 行.
NOTIC: [8192] Function eregi() is deprecated /usr/share/nginx/html/thinkphp/lunhui/Application/Common/Common/function.php 第 75 行.
NOTIC: [8192] Function eregi() is deprecated /usr/share/nginx/html/thinkphp/lunhui/Application/Common/Common/function.php 第 77 行.
NOTIC: [8192] Function eregi() is deprecated /usr/share/nginx/html/thinkphp/lunhui/Application/Common/Common/function.php 第 79 行.
NOTIC: [8192] Function eregi() is deprecated /usr/share/nginx/html/thinkphp/lunhui/Application/Common/Common/function.php 第 81 行.
NOTIC: [8192] Function eregi() is deprecated /usr/share/nginx/html/thinkphp/lunhui/Application/Common/Common/function.php 第 83 行.
NOTIC: [8192] Function eregi() is deprecated /usr/share/nginx/html/thinkphp/lunhui/Application/Common/Common/function.php 第 85 行.
NOTIC: [8192] Function ereg() is deprecated /usr/share/nginx/html/thinkphp/lunhui/Application/Common/Common/function.php 第 87 行.
NOTIC: [8192] Function eregi() is deprecated /usr/share/nginx/html/thinkphp/lunhui/Application/Common/Common/function.php 第 89 行.
NOTIC: [8192] Function eregi() is deprecated /usr/share/nginx/html/thinkphp/lunhui/Application/Common/Common/function.php 第 91 行.
NOTIC: [8192] Function eregi() is deprecated /usr/share/nginx/html/thinkphp/lunhui/Application/Common/Common/function.php 第 93 行.
NOTIC: [8192] Function eregi() is deprecated /usr/share/nginx/html/thinkphp/lunhui/Application/Common/Common/function.php 第 95 行.
NOTIC: [8192] Function eregi() is deprecated /usr/share/nginx/html/thinkphp/lunhui/Application/Common/Common/function.php 第 97 行.
NOTIC: [8192] Function eregi() is deprecated /usr/share/nginx/html/thinkphp/lunhui/Application/Common/Common/function.php 第 99 行.
NOTIC: [8192] Function eregi() is deprecated /usr/share/nginx/html/thinkphp/lunhui/Application/Common/Common/function.php 第 101 行.
NOTIC: [8192] Function eregi() is deprecated /usr/share/nginx/html/thinkphp/lunhui/Application/Common/Common/function.php 第 103 行.
NOTIC: [8192] Function eregi() is deprecated /usr/share/nginx/html/thinkphp/lunhui/Application/Common/Common/function.php 第 105 行.
NOTIC: [8192] Function eregi() is deprecated /usr/share/nginx/html/thinkphp/lunhui/Application/Common/Common/function.php 第 107 行.
NOTIC: [8192] Function eregi() is deprecated /usr/share/nginx/html/thinkphp/lunhui/Application/Common/Common/function.php 第 109 行.
NOTIC: [8192] Function eregi() is deprecated /usr/share/nginx/html/thinkphp/lunhui/Application/Common/Common/function.php 第 111 行.
SQL: SHOW COLUMNS FROM `web_article` [ RunTime:0.0011s ]
SQL: INSERT INTO `web_article` (`a_title`,`cate_id`,`photo`,`a_keyword`,`a_remark`,`a_content`,`a_red`,`a_type`,`a_views`,`a_writer`,`create_time`,`create_ip`,`last_time`,`a_from`) VALUES ('test','1','','keyword','decription','<p>这一篇正文</p>','1','1','1','晓晓','1457244639','0.0.0.0','1457244639','Linux') [ RunTime:0.0228s ]

[ 2016-03-06T14:10:40+08:00 ] ::1 /Admin/article/index.html
INFO: [ app_init ] --START--
INFO: Run Behavior\BuildLiteBehavior [ RunTime:0.000018s ]
INFO: [ app_init ] --END-- [ RunTime:0.000118s ]
INFO: [ app_begin ] --START--
INFO: Run Behavior\ReadHtmlCacheBehavior [ RunTime:0.000057s ]
INFO: [ app_begin ] --END-- [ RunTime:0.000122s ]
NOTIC: [8] Undefined index: menu_list /usr/share/nginx/html/thinkphp/lunhui/Application/Admin/Controller/BaseController.class.php 第 65 行.
NOTIC: [2] Invalid argument supplied for foreach() /usr/share/nginx/html/thinkphp/lunhui/Application/Admin/Controller/BaseController.class.php 第 65 行.
SQL: SHOW COLUMNS FROM `web_treenode` [ RunTime:0.0010s ]
SQL: SELECT * FROM `web_treenode` WHERE `menuflag` = 1  [ RunTime:0.0001s ]
SQL: SHOW COLUMNS FROM `web_article` [ RunTime:0.0010s ]
SQL: SHOW COLUMNS FROM `web_article_cate` [ RunTime:0.0007s ]
SQL: SELECT COUNT(*) AS tp_count FROM `web_article` LIMIT 1   [ RunTime:0.0121s ]
SQL: SELECT * FROM `web_article` ORDER BY a_id desc LIMIT 0,10   [ RunTime:0.0007s ]
SQL: SELECT * FROM `web_article_cate`  [ RunTime:0.0001s ]
INFO: [ view_parse ] --START--
INFO: [ template_filter ] --START--
INFO: Run Behavior\ContentReplaceBehavior [ RunTime:0.000138s ]
INFO: [ template_filter ] --END-- [ RunTime:0.000224s ]
NOTIC: [8] Undefined variable: Os /usr/share/nginx/html/thinkphp/lunhui/Application/Runtime/Cache/Admin/7a4184ffe8f804b12b2e7f8851dd8f7d.php 第 148 行.
INFO: Run Behavior\ParseTemplateBehavior [ RunTime:0.025526s ]
INFO: [ view_parse ] --END-- [ RunTime:0.025611s ]
INFO: [ view_filter ] --START--
INFO: Run Behavior\WriteHtmlCacheBehavior [ RunTime:0.000074s ]
INFO: [ view_filter ] --END-- [ RunTime:0.000132s ]
INFO: [ app_end ] --START--
INFO: Run Behavior\ShowPageTraceBehavior [ RunTime:0.000106s ]
INFO: [ app_end ] --END-- [ RunTime:0.000162s ]

[ 2016-03-06T14:16:09+08:00 ] ::1 /Admin/article/index.html
INFO: [ app_init ] --START--
INFO: Run Behavior\BuildLiteBehavior [ RunTime:0.000023s ]
INFO: [ app_init ] --END-- [ RunTime:0.000179s ]
INFO: [ app_begin ] --START--
INFO: Run Behavior\ReadHtmlCacheBehavior [ RunTime:0.000077s ]
INFO: [ app_begin ] --END-- [ RunTime:0.000165s ]
NOTIC: [8] Undefined index: menu_list /usr/share/nginx/html/thinkphp/lunhui/Application/Admin/Controller/BaseController.class.php 第 65 行.
NOTIC: [2] Invalid argument supplied for foreach() /usr/share/nginx/html/thinkphp/lunhui/Application/Admin/Controller/BaseController.class.php 第 65 行.
SQL: SHOW COLUMNS FROM `web_treenode` [ RunTime:0.0014s ]
SQL: SELECT * FROM `web_treenode` WHERE `menuflag` = 1  [ RunTime:0.0002s ]
SQL: SHOW COLUMNS FROM `web_article` [ RunTime:0.0011s ]
SQL: SHOW COLUMNS FROM `web_article_cate` [ RunTime:0.0008s ]
SQL: SELECT COUNT(*) AS tp_count FROM `web_article` LIMIT 1   [ RunTime:0.0003s ]
SQL: SELECT * FROM `web_article` ORDER BY a_id desc LIMIT 0,10   [ RunTime:0.0004s ]
SQL: SELECT * FROM `web_article_cate`  [ RunTime:0.0001s ]
INFO: [ view_parse ] --START--
INFO: [ template_filter ] --START--
INFO: Run Behavior\ContentReplaceBehavior [ RunTime:0.000100s ]
INFO: [ template_filter ] --END-- [ RunTime:0.000168s ]
NOTIC: [8] Undefined variable: Os /usr/share/nginx/html/thinkphp/lunhui/Application/Runtime/Cache/Admin/7a4184ffe8f804b12b2e7f8851dd8f7d.php 第 148 行.
INFO: Run Behavior\ParseTemplateBehavior [ RunTime:0.018869s ]
INFO: [ view_parse ] --END-- [ RunTime:0.018925s ]
INFO: [ view_filter ] --START--
INFO: Run Behavior\WriteHtmlCacheBehavior [ RunTime:0.000066s ]
INFO: [ view_filter ] --END-- [ RunTime:0.000105s ]
INFO: [ app_end ] --START--
INFO: Run Behavior\ShowPageTraceBehavior [ RunTime:0.000067s ]
INFO: [ app_end ] --END-- [ RunTime:0.000127s ]

[ 2016-03-06T14:16:12+08:00 ] ::1 /Admin/Article/edit/a_id/64.html
INFO: [ app_init ] --START--
INFO: Run Behavior\BuildLiteBehavior [ RunTime:0.000021s ]
INFO: [ app_init ] --END-- [ RunTime:0.000152s ]
INFO: [ app_begin ] --START--
INFO: Run Behavior\ReadHtmlCacheBehavior [ RunTime:0.000050s ]
INFO: [ app_begin ] --END-- [ RunTime:0.000100s ]
NOTIC: [8] Undefined index: menu_list /usr/share/nginx/html/thinkphp/lunhui/Application/Admin/Controller/BaseController.class.php 第 65 行.
NOTIC: [2] Invalid argument supplied for foreach() /usr/share/nginx/html/thinkphp/lunhui/Application/Admin/Controller/BaseController.class.php 第 65 行.
SQL: SHOW COLUMNS FROM `web_treenode` [ RunTime:0.0007s ]
SQL: SELECT * FROM `web_treenode` WHERE `menuflag` = 1  [ RunTime:0.0001s ]
SQL: SHOW COLUMNS FROM `web_article_cate` [ RunTime:0.0006s ]
SQL: SELECT * FROM `web_article_cate`  [ RunTime:0.0001s ]
SQL: SHOW COLUMNS FROM `web_article` [ RunTime:0.0007s ]
SQL: SELECT * FROM `web_article` WHERE `a_id` = 64 LIMIT 1   [ RunTime:0.0003s ]
INFO: [ view_parse ] --START--
INFO: [ template_filter ] --START--
INFO: Run Behavior\ContentReplaceBehavior [ RunTime:0.000227s ]
INFO: [ template_filter ] --END-- [ RunTime:0.000329s ]
NOTIC: [8] Undefined variable: Os /usr/share/nginx/html/thinkphp/lunhui/Application/Runtime/Cache/Admin/761055de2f430bef08441163fbb8bda7.php 第 150 行.
NOTIC: [8] Undefined variable: nowtime /usr/share/nginx/html/thinkphp/lunhui/Application/Runtime/Cache/Admin/761055de2f430bef08441163fbb8bda7.php 第 353 行.
INFO: Run Behavior\ParseTemplateBehavior [ RunTime:0.032900s ]
INFO: [ view_parse ] --END-- [ RunTime:0.033045s ]
INFO: [ view_filter ] --START--
INFO: Run Behavior\WriteHtmlCacheBehavior [ RunTime:0.000082s ]
INFO: [ view_filter ] --END-- [ RunTime:0.000131s ]
INFO: [ app_end ] --START--
INFO: Run Behavior\ShowPageTraceBehavior [ RunTime:0.000071s ]
INFO: [ app_end ] --END-- [ RunTime:0.000132s ]

[ 2016-03-06T14:16:25+08:00 ] ::1 /Admin/Article/runedit.html
INFO: [ app_init ] --START--
INFO: Run Behavior\BuildLiteBehavior [ RunTime:0.000012s ]
INFO: [ app_init ] --END-- [ RunTime:0.000091s ]
INFO: [ app_begin ] --START--
INFO: Run Behavior\ReadHtmlCacheBehavior [ RunTime:0.000040s ]
INFO: [ app_begin ] --END-- [ RunTime:0.000078s ]
NOTIC: [8] Undefined index: menu_list /usr/share/nginx/html/thinkphp/lunhui/Application/Admin/Controller/BaseController.class.php 第 65 行.
NOTIC: [2] Invalid argument supplied for foreach() /usr/share/nginx/html/thinkphp/lunhui/Application/Admin/Controller/BaseController.class.php 第 65 行.
SQL: SHOW COLUMNS FROM `web_treenode` [ RunTime:0.0009s ]
SQL: SELECT * FROM `web_treenode` WHERE `menuflag` = 1  [ RunTime:0.0002s ]
NOTIC: [8] Use of undefined constant htmlspecialchars - assumed 'htmlspecialchars' /usr/share/nginx/html/thinkphp/lunhui/Application/Admin/Controller/ArticleController.class.php 第 94 行.
NOTIC: [8192] Function eregi() is deprecated /usr/share/nginx/html/thinkphp/lunhui/Application/Common/Common/function.php 第 63 行.
NOTIC: [8192] Function eregi() is deprecated /usr/share/nginx/html/thinkphp/lunhui/Application/Common/Common/function.php 第 65 行.
NOTIC: [8192] Function eregi() is deprecated /usr/share/nginx/html/thinkphp/lunhui/Application/Common/Common/function.php 第 67 行.
NOTIC: [8192] Function eregi() is deprecated /usr/share/nginx/html/thinkphp/lunhui/Application/Common/Common/function.php 第 69 行.
NOTIC: [8192] Function eregi() is deprecated /usr/share/nginx/html/thinkphp/lunhui/Application/Common/Common/function.php 第 71 行.
NOTIC: [8192] Function eregi() is deprecated /usr/share/nginx/html/thinkphp/lunhui/Application/Common/Common/function.php 第 73 行.
NOTIC: [8192] Function eregi() is deprecated /usr/share/nginx/html/thinkphp/lunhui/Application/Common/Common/function.php 第 75 行.
NOTIC: [8192] Function eregi() is deprecated /usr/share/nginx/html/thinkphp/lunhui/Application/Common/Common/function.php 第 77 行.
NOTIC: [8192] Function eregi() is deprecated /usr/share/nginx/html/thinkphp/lunhui/Application/Common/Common/function.php 第 79 行.
NOTIC: [8192] Function eregi() is deprecated /usr/share/nginx/html/thinkphp/lunhui/Application/Common/Common/function.php 第 81 行.
NOTIC: [8192] Function eregi() is deprecated /usr/share/nginx/html/thinkphp/lunhui/Application/Common/Common/function.php 第 83 行.
NOTIC: [8192] Function eregi() is deprecated /usr/share/nginx/html/thinkphp/lunhui/Application/Common/Common/function.php 第 85 行.
NOTIC: [8192] Function ereg() is deprecated /usr/share/nginx/html/thinkphp/lunhui/Application/Common/Common/function.php 第 87 行.
NOTIC: [8192] Function eregi() is deprecated /usr/share/nginx/html/thinkphp/lunhui/Application/Common/Common/function.php 第 89 行.
NOTIC: [8192] Function eregi() is deprecated /usr/share/nginx/html/thinkphp/lunhui/Application/Common/Common/function.php 第 91 行.
NOTIC: [8192] Function eregi() is deprecated /usr/share/nginx/html/thinkphp/lunhui/Application/Common/Common/function.php 第 93 行.
NOTIC: [8192] Function eregi() is deprecated /usr/share/nginx/html/thinkphp/lunhui/Application/Common/Common/function.php 第 95 行.
NOTIC: [8192] Function eregi() is deprecated /usr/share/nginx/html/thinkphp/lunhui/Application/Common/Common/function.php 第 97 行.
NOTIC: [8192] Function eregi() is deprecated /usr/share/nginx/html/thinkphp/lunhui/Application/Common/Common/function.php 第 99 行.
NOTIC: [8192] Function eregi() is deprecated /usr/share/nginx/html/thinkphp/lunhui/Application/Common/Common/function.php 第 101 行.
NOTIC: [8192] Function eregi() is deprecated /usr/share/nginx/html/thinkphp/lunhui/Application/Common/Common/function.php 第 103 行.
NOTIC: [8192] Function eregi() is deprecated /usr/share/nginx/html/thinkphp/lunhui/Application/Common/Common/function.php 第 105 行.
NOTIC: [8192] Function eregi() is deprecated /usr/share/nginx/html/thinkphp/lunhui/Application/Common/Common/function.php 第 107 行.
NOTIC: [8192] Function eregi() is deprecated /usr/share/nginx/html/thinkphp/lunhui/Application/Common/Common/function.php 第 109 行.
NOTIC: [8192] Function eregi() is deprecated /usr/share/nginx/html/thinkphp/lunhui/Application/Common/Common/function.php 第 111 行.
SQL: SHOW COLUMNS FROM `web_article` [ RunTime:0.0011s ]
SQL: UPDATE `web_article` SET `a_title`='test',`cate_id`='1',`photo`='',`a_keyword`='keyword',`a_remark`='description',`a_content`='<p>这一篇正文</p>',`a_red`='1',`a_type`='1',`a_views`='2',`a_writer`='晓晓',`create_ip`='0.0.0.0',`last_time`='1457244985',`a_from`='Linux' WHERE ( a_id=64 ) [ RunTime:0.0008s ]

[ 2016-03-06T14:16:27+08:00 ] ::1 /Admin/Article/index.html
INFO: [ app_init ] --START--
INFO: Run Behavior\BuildLiteBehavior [ RunTime:0.000022s ]
INFO: [ app_init ] --END-- [ RunTime:0.000138s ]
INFO: [ app_begin ] --START--
INFO: Run Behavior\ReadHtmlCacheBehavior [ RunTime:0.000040s ]
INFO: [ app_begin ] --END-- [ RunTime:0.000082s ]
NOTIC: [8] Undefined index: menu_list /usr/share/nginx/html/thinkphp/lunhui/Application/Admin/Controller/BaseController.class.php 第 65 行.
NOTIC: [2] Invalid argument supplied for foreach() /usr/share/nginx/html/thinkphp/lunhui/Application/Admin/Controller/BaseController.class.php 第 65 行.
SQL: SHOW COLUMNS FROM `web_treenode` [ RunTime:0.0008s ]
SQL: SELECT * FROM `web_treenode` WHERE `menuflag` = 1  [ RunTime:0.0001s ]
SQL: SHOW COLUMNS FROM `web_article` [ RunTime:0.0009s ]
SQL: SHOW COLUMNS FROM `web_article_cate` [ RunTime:0.0006s ]
SQL: SELECT COUNT(*) AS tp_count FROM `web_article` LIMIT 1   [ RunTime:0.0002s ]
SQL: SELECT * FROM `web_article` ORDER BY a_id desc LIMIT 0,10   [ RunTime:0.0003s ]
SQL: SELECT * FROM `web_article_cate`  [ RunTime:0.0001s ]
INFO: [ view_parse ] --START--
INFO: [ template_filter ] --START--
INFO: Run Behavior\ContentReplaceBehavior [ RunTime:0.000134s ]
INFO: [ template_filter ] --END-- [ RunTime:0.000260s ]
NOTIC: [8] Undefined variable: Os /usr/share/nginx/html/thinkphp/lunhui/Application/Runtime/Cache/Admin/7a4184ffe8f804b12b2e7f8851dd8f7d.php 第 148 行.
INFO: Run Behavior\ParseTemplateBehavior [ RunTime:0.023205s ]
INFO: [ view_parse ] --END-- [ RunTime:0.023287s ]
INFO: [ view_filter ] --START--
INFO: Run Behavior\WriteHtmlCacheBehavior [ RunTime:0.000090s ]
INFO: [ view_filter ] --END-- [ RunTime:0.000155s ]
INFO: [ app_end ] --START--
INFO: Run Behavior\ShowPageTraceBehavior [ RunTime:0.000164s ]
INFO: [ app_end ] --END-- [ RunTime:0.000284s ]

[ 2016-03-06T15:35:41+08:00 ] ::1 /Admin/Article/add.html
INFO: [ app_init ] --START--
INFO: Run Behavior\BuildLiteBehavior [ RunTime:0.000046s ]
INFO: [ app_init ] --END-- [ RunTime:0.000322s ]
INFO: [ app_begin ] --START--
INFO: Run Behavior\ReadHtmlCacheBehavior [ RunTime:0.000115s ]
INFO: [ app_begin ] --END-- [ RunTime:0.000236s ]
NOTIC: [8] Undefined index: menu_list /usr/share/nginx/html/thinkphp/lunhui/Application/Admin/Controller/BaseController.class.php 第 65 行.
NOTIC: [2] Invalid argument supplied for foreach() /usr/share/nginx/html/thinkphp/lunhui/Application/Admin/Controller/BaseController.class.php 第 65 行.
SQL: SHOW COLUMNS FROM `web_treenode` [ RunTime:0.0023s ]
SQL: SELECT * FROM `web_treenode` WHERE `menuflag` = 1  [ RunTime:0.0002s ]
SQL: SHOW COLUMNS FROM `web_article_cate` [ RunTime:0.0012s ]
SQL: SELECT * FROM `web_article_cate`  [ RunTime:0.0001s ]
INFO: [ view_parse ] --START--
INFO: [ template_filter ] --START--
INFO: Run Behavior\ContentReplaceBehavior [ RunTime:0.000111s ]
INFO: [ template_filter ] --END-- [ RunTime:0.000174s ]
NOTIC: [8] Undefined variable: Os /usr/share/nginx/html/thinkphp/lunhui/Application/Runtime/Cache/Admin/e16cf278f1c326e72baf6415dbd5ab87.php 第 150 行.
NOTIC: [8] Undefined variable: detail /usr/share/nginx/html/thinkphp/lunhui/Application/Runtime/Cache/Admin/e16cf278f1c326e72baf6415dbd5ab87.php 第 243 行.
NOTIC: [8] Undefined variable: nowtime /usr/share/nginx/html/thinkphp/lunhui/Application/Runtime/Cache/Admin/e16cf278f1c326e72baf6415dbd5ab87.php 第 352 行.
INFO: Run Behavior\ParseTemplateBehavior [ RunTime:0.093861s ]
INFO: [ view_parse ] --END-- [ RunTime:0.093963s ]
INFO: [ view_filter ] --START--
INFO: Run Behavior\WriteHtmlCacheBehavior [ RunTime:0.000055s ]
INFO: [ view_filter ] --END-- [ RunTime:0.000092s ]
INFO: [ app_end ] --START--
INFO: Run Behavior\ShowPageTraceBehavior [ RunTime:0.000044s ]
INFO: [ app_end ] --END-- [ RunTime:0.000085s ]

[ 2016-03-06T15:36:33+08:00 ] ::1 /Admin/Article/runadd.html
INFO: [ app_init ] --START--
INFO: Run Behavior\BuildLiteBehavior [ RunTime:0.000012s ]
INFO: [ app_init ] --END-- [ RunTime:0.000096s ]
INFO: [ app_begin ] --START--
INFO: Run Behavior\ReadHtmlCacheBehavior [ RunTime:0.000044s ]
INFO: [ app_begin ] --END-- [ RunTime:0.000084s ]
NOTIC: [8] Undefined index: menu_list /usr/share/nginx/html/thinkphp/lunhui/Application/Admin/Controller/BaseController.class.php 第 65 行.
NOTIC: [2] Invalid argument supplied for foreach() /usr/share/nginx/html/thinkphp/lunhui/Application/Admin/Controller/BaseController.class.php 第 65 行.
SQL: SHOW COLUMNS FROM `web_treenode` [ RunTime:0.0007s ]
SQL: SELECT * FROM `web_treenode` WHERE `menuflag` = 1  [ RunTime:0.0001s ]
NOTIC: [8192] Function eregi() is deprecated /usr/share/nginx/html/thinkphp/lunhui/Application/Common/Common/function.php 第 63 行.
NOTIC: [8192] Function eregi() is deprecated /usr/share/nginx/html/thinkphp/lunhui/Application/Common/Common/function.php 第 65 行.
NOTIC: [8192] Function eregi() is deprecated /usr/share/nginx/html/thinkphp/lunhui/Application/Common/Common/function.php 第 67 行.
NOTIC: [8192] Function eregi() is deprecated /usr/share/nginx/html/thinkphp/lunhui/Application/Common/Common/function.php 第 69 行.
NOTIC: [8192] Function eregi() is deprecated /usr/share/nginx/html/thinkphp/lunhui/Application/Common/Common/function.php 第 71 行.
NOTIC: [8192] Function eregi() is deprecated /usr/share/nginx/html/thinkphp/lunhui/Application/Common/Common/function.php 第 73 行.
NOTIC: [8192] Function eregi() is deprecated /usr/share/nginx/html/thinkphp/lunhui/Application/Common/Common/function.php 第 75 行.
NOTIC: [8192] Function eregi() is deprecated /usr/share/nginx/html/thinkphp/lunhui/Application/Common/Common/function.php 第 77 行.
NOTIC: [8192] Function eregi() is deprecated /usr/share/nginx/html/thinkphp/lunhui/Application/Common/Common/function.php 第 79 行.
NOTIC: [8192] Function eregi() is deprecated /usr/share/nginx/html/thinkphp/lunhui/Application/Common/Common/function.php 第 81 行.
NOTIC: [8192] Function eregi() is deprecated /usr/share/nginx/html/thinkphp/lunhui/Application/Common/Common/function.php 第 83 行.
NOTIC: [8192] Function eregi() is deprecated /usr/share/nginx/html/thinkphp/lunhui/Application/Common/Common/function.php 第 85 行.
NOTIC: [8192] Function ereg() is deprecated /usr/share/nginx/html/thinkphp/lunhui/Application/Common/Common/function.php 第 87 行.
NOTIC: [8192] Function eregi() is deprecated /usr/share/nginx/html/thinkphp/lunhui/Application/Common/Common/function.php 第 89 行.
NOTIC: [8192] Function eregi() is deprecated /usr/share/nginx/html/thinkphp/lunhui/Application/Common/Common/function.php 第 91 行.
NOTIC: [8192] Function eregi() is deprecated /usr/share/nginx/html/thinkphp/lunhui/Application/Common/Common/function.php 第 93 行.
NOTIC: [8192] Function eregi() is deprecated /usr/share/nginx/html/thinkphp/lunhui/Application/Common/Common/function.php 第 95 行.
NOTIC: [8192] Function eregi() is deprecated /usr/share/nginx/html/thinkphp/lunhui/Application/Common/Common/function.php 第 97 行.
NOTIC: [8192] Function eregi() is deprecated /usr/share/nginx/html/thinkphp/lunhui/Application/Common/Common/function.php 第 99 行.
NOTIC: [8192] Function eregi() is deprecated /usr/share/nginx/html/thinkphp/lunhui/Application/Common/Common/function.php 第 101 行.
NOTIC: [8192] Function eregi() is deprecated /usr/share/nginx/html/thinkphp/lunhui/Application/Common/Common/function.php 第 103 行.
NOTIC: [8192] Function eregi() is deprecated /usr/share/nginx/html/thinkphp/lunhui/Application/Common/Common/function.php 第 105 行.
NOTIC: [8192] Function eregi() is deprecated /usr/share/nginx/html/thinkphp/lunhui/Application/Common/Common/function.php 第 107 行.
NOTIC: [8192] Function eregi() is deprecated /usr/share/nginx/html/thinkphp/lunhui/Application/Common/Common/function.php 第 109 行.
NOTIC: [8192] Function eregi() is deprecated /usr/share/nginx/html/thinkphp/lunhui/Application/Common/Common/function.php 第 111 行.
SQL: SHOW COLUMNS FROM `web_article` [ RunTime:0.0016s ]
SQL: INSERT INTO `web_article` (`a_title`,`cate_id`,`photo`,`a_keyword`,`a_remark`,`a_content`,`a_red`,`a_type`,`a_views`,`a_writer`,`create_time`,`create_ip`,`last_time`,`a_from`) VALUES ('this is 生活随笔','2','','生活随笔','生活随笔','<p>这是生活随笔这是生活随笔这是生活随笔这是生活随笔这是生活随笔这是生活随笔这是生活随笔这是生活随笔这是生活随笔这是生活随笔这是生活随笔这是生活随笔这是生活随笔这是生活随笔这是生活随笔这是生活随笔这是生活随笔这是生活随笔这是生活随笔这是生活随笔这是生活随笔这是生活随笔这是生活随笔这是生活随笔这是生活随笔这是生活随笔这是生活随笔这是生活随笔这是生活随笔这是生活随笔这是生活随笔这是生活随笔这是生活随笔这是生活随笔这是生活随笔这是生活随笔这是生活随笔这是生活随笔这是生活随笔这是生活随笔这是生活随笔这是生活随笔这是生活随笔这是生活随笔这是生活随笔这是生活随笔这是生活随笔这是生活随笔这是生活随笔这是生活随笔这是生活随笔这是生活随笔这是生活随笔这是生活随笔这是生活随笔这是生活随笔这是生活随笔这是生活随笔这是生活随笔这是生活随笔这是生活随笔这是生活随笔这是生活随笔这是生活随笔这是生活随笔这是生活随笔这是生活随笔这是生活随笔这是生活随笔这是生活随笔这是生活随笔这是生活随笔这是生活随笔这是生活随笔这是生活随笔这是生活随笔这是生活随笔这是生活随笔这是生活随笔这是生活随笔这是生活随笔这是生活随笔这是生活随笔这是生活随笔这是生活随笔这是生活随笔这是生活随笔这是生活随笔这是生活随笔这是生活随笔这是生活随笔这是生活随笔这是生活随笔这是生活随笔这是生活随笔这是生活随笔这是生活随笔这是生活随笔这是生活随笔这是生活随笔</p>','1','1','1','晓晓','1457249793','0.0.0.0','1457249793','Linux') [ RunTime:0.0147s ]

[ 2016-03-06T15:36:34+08:00 ] ::1 /Admin/article/index.html
INFO: [ app_init ] --START--
INFO: Run Behavior\BuildLiteBehavior [ RunTime:0.000014s ]
INFO: [ app_init ] --END-- [ RunTime:0.000090s ]
INFO: [ app_begin ] --START--
INFO: Run Behavior\ReadHtmlCacheBehavior [ RunTime:0.000042s ]
INFO: [ app_begin ] --END-- [ RunTime:0.000100s ]
NOTIC: [8] Undefined index: menu_list /usr/share/nginx/html/thinkphp/lunhui/Application/Admin/Controller/BaseController.class.php 第 65 行.
NOTIC: [2] Invalid argument supplied for foreach() /usr/share/nginx/html/thinkphp/lunhui/Application/Admin/Controller/BaseController.class.php 第 65 行.
SQL: SHOW COLUMNS FROM `web_treenode` [ RunTime:0.0184s ]
SQL: SELECT * FROM `web_treenode` WHERE `menuflag` = 1  [ RunTime:0.0002s ]
SQL: SHOW COLUMNS FROM `web_article` [ RunTime:0.0008s ]
SQL: SHOW COLUMNS FROM `web_article_cate` [ RunTime:0.0005s ]
SQL: SELECT COUNT(*) AS tp_count FROM `web_article` LIMIT 1   [ RunTime:0.0003s ]
SQL: SELECT * FROM `web_article` ORDER BY a_id desc LIMIT 0,10   [ RunTime:0.0248s ]
SQL: SELECT * FROM `web_article_cate`  [ RunTime:0.0002s ]
INFO: [ view_parse ] --START--
INFO: [ template_filter ] --START--
INFO: Run Behavior\ContentReplaceBehavior [ RunTime:0.000095s ]
INFO: [ template_filter ] --END-- [ RunTime:0.000156s ]
NOTIC: [8] Undefined variable: Os /usr/share/nginx/html/thinkphp/lunhui/Application/Runtime/Cache/Admin/7a4184ffe8f804b12b2e7f8851dd8f7d.php 第 148 行.
INFO: Run Behavior\ParseTemplateBehavior [ RunTime:0.037397s ]
INFO: [ view_parse ] --END-- [ RunTime:0.037451s ]
INFO: [ view_filter ] --START--
INFO: Run Behavior\WriteHtmlCacheBehavior [ RunTime:0.000062s ]
INFO: [ view_filter ] --END-- [ RunTime:0.000100s ]
INFO: [ app_end ] --START--
INFO: Run Behavior\ShowPageTraceBehavior [ RunTime:0.000069s ]
INFO: [ app_end ] --END-- [ RunTime:0.000130s ]

[ 2016-03-06T17:32:57+08:00 ] ::1 /Admin/Article/edit/a_id/65.html
INFO: [ app_init ] --START--
INFO: Run Behavior\BuildLiteBehavior [ RunTime:0.000019s ]
INFO: [ app_init ] --END-- [ RunTime:0.000152s ]
INFO: [ app_begin ] --START--
INFO: Run Behavior\ReadHtmlCacheBehavior [ RunTime:0.000061s ]
INFO: [ app_begin ] --END-- [ RunTime:0.000159s ]

[ 2016-03-06T17:32:57+08:00 ] ::1 /Admin/login/index.html
INFO: [ app_init ] --START--
INFO: Run Behavior\BuildLiteBehavior [ RunTime:0.000028s ]
INFO: [ app_init ] --END-- [ RunTime:0.000188s ]
INFO: [ app_begin ] --START--
INFO: Run Behavior\ReadHtmlCacheBehavior [ RunTime:0.000085s ]
INFO: [ app_begin ] --END-- [ RunTime:0.000167s ]
INFO: [ view_parse ] --START--
INFO: [ template_filter ] --START--
INFO: Run Behavior\ContentReplaceBehavior [ RunTime:0.000056s ]
INFO: [ template_filter ] --END-- [ RunTime:0.000118s ]
INFO: Run Behavior\ParseTemplateBehavior [ RunTime:0.046671s ]
INFO: [ view_parse ] --END-- [ RunTime:0.046756s ]
INFO: [ view_filter ] --START--
INFO: Run Behavior\WriteHtmlCacheBehavior [ RunTime:0.000062s ]
INFO: [ view_filter ] --END-- [ RunTime:0.000120s ]
INFO: [ app_end ] --START--
INFO: Run Behavior\ShowPageTraceBehavior [ RunTime:0.000127s ]
INFO: [ app_end ] --END-- [ RunTime:0.000217s ]

[ 2016-03-06T17:37:07+08:00 ] ::1 /Admin/Login/dologin
INFO: [ app_init ] --START--
INFO: Run Behavior\BuildLiteBehavior [ RunTime:0.000016s ]
INFO: [ app_init ] --END-- [ RunTime:0.000116s ]
INFO: [ app_begin ] --START--
INFO: Run Behavior\ReadHtmlCacheBehavior [ RunTime:0.000046s ]
INFO: [ app_begin ] --END-- [ RunTime:0.000089s ]
SQL: SHOW COLUMNS FROM `web_admin` [ RunTime:0.0390s ]
SQL: SELECT * FROM `web_admin` WHERE `user` = 'lunhui' AND `state` = 1 LIMIT 1   [ RunTime:0.0002s ]
SQL: UPDATE `web_admin` SET `last_logintime`='1457257027',`last_loginip`='127.0.0.1' WHERE `id` = 1 [ RunTime:0.0433s ]

[ 2016-03-06T17:37:08+08:00 ] ::1 /Admin/Index/index.html
INFO: [ app_init ] --START--
INFO: Run Behavior\BuildLiteBehavior [ RunTime:0.000023s ]
INFO: [ app_init ] --END-- [ RunTime:0.000162s ]
INFO: [ app_begin ] --START--
INFO: Run Behavior\ReadHtmlCacheBehavior [ RunTime:0.000065s ]
INFO: [ app_begin ] --END-- [ RunTime:0.000146s ]
NOTIC: [8] Undefined index: menu_list /usr/share/nginx/html/thinkphp/lunhui/Application/Admin/Controller/BaseController.class.php 第 65 行.
NOTIC: [2] Invalid argument supplied for foreach() /usr/share/nginx/html/thinkphp/lunhui/Application/Admin/Controller/BaseController.class.php 第 65 行.
SQL: SHOW COLUMNS FROM `web_treenode` [ RunTime:0.0437s ]
SQL: SELECT * FROM `web_treenode` WHERE `menuflag` = 1  [ RunTime:0.0003s ]
INFO: [ view_parse ] --START--
INFO: [ template_filter ] --START--
INFO: Run Behavior\ContentReplaceBehavior [ RunTime:0.000209s ]
INFO: [ template_filter ] --END-- [ RunTime:0.000381s ]
NOTIC: [8] Undefined variable: Os /usr/share/nginx/html/thinkphp/lunhui/Application/Runtime/Cache/Admin/b595b808c2ebeeeb0478ffc30bb4e87a.php 第 110 行.
INFO: Run Behavior\ParseTemplateBehavior [ RunTime:0.118650s ]
INFO: [ view_parse ] --END-- [ RunTime:0.118868s ]
INFO: [ view_filter ] --START--
INFO: Run Behavior\WriteHtmlCacheBehavior [ RunTime:0.000276s ]
INFO: [ view_filter ] --END-- [ RunTime:0.000368s ]
INFO: [ app_end ] --START--
INFO: Run Behavior\ShowPageTraceBehavior [ RunTime:0.000098s ]
INFO: [ app_end ] --END-- [ RunTime:0.000169s ]

[ 2016-03-06T17:37:14+08:00 ] ::1 /Admin/system/role.html
INFO: [ app_init ] --START--
INFO: Run Behavior\BuildLiteBehavior [ RunTime:0.000037s ]
INFO: [ app_init ] --END-- [ RunTime:0.000203s ]
INFO: [ app_begin ] --START--
INFO: Run Behavior\ReadHtmlCacheBehavior [ RunTime:0.000064s ]
INFO: [ app_begin ] --END-- [ RunTime:0.000136s ]
NOTIC: [8] Undefined index: menu_list /usr/share/nginx/html/thinkphp/lunhui/Application/Admin/Controller/BaseController.class.php 第 65 行.
NOTIC: [2] Invalid argument supplied for foreach() /usr/share/nginx/html/thinkphp/lunhui/Application/Admin/Controller/BaseController.class.php 第 65 行.
SQL: SHOW COLUMNS FROM `web_treenode` [ RunTime:0.0017s ]
SQL: SELECT * FROM `web_treenode` WHERE `menuflag` = 1  [ RunTime:0.0001s ]
SQL: SHOW COLUMNS FROM `web_role` [ RunTime:0.0263s ]
SQL: SELECT COUNT(*) AS tp_count FROM `web_role` LIMIT 1   [ RunTime:0.0003s ]
SQL: SELECT * FROM `web_role` ORDER BY id desc LIMIT 0,10   [ RunTime:0.0100s ]
INFO: [ view_parse ] --START--
INFO: [ template_filter ] --START--
INFO: Run Behavior\ContentReplaceBehavior [ RunTime:0.000139s ]
INFO: [ template_filter ] --END-- [ RunTime:0.000279s ]
NOTIC: [8] Undefined variable: Os /usr/share/nginx/html/thinkphp/lunhui/Application/Runtime/Cache/Admin/86174e1f3cc77f335ad91dcb745bd53f.php 第 148 行.
INFO: Run Behavior\ParseTemplateBehavior [ RunTime:0.036142s ]
INFO: [ view_parse ] --END-- [ RunTime:0.036253s ]
INFO: [ view_filter ] --START--
INFO: Run Behavior\WriteHtmlCacheBehavior [ RunTime:0.000089s ]
INFO: [ view_filter ] --END-- [ RunTime:0.000153s ]
INFO: [ app_end ] --START--
INFO: Run Behavior\ShowPageTraceBehavior [ RunTime:0.000194s ]
INFO: [ app_end ] --END-- [ RunTime:0.000360s ]

[ 2016-03-06T17:37:19+08:00 ] ::1 /Admin/System/role.html
INFO: [ app_init ] --START--
INFO: Run Behavior\BuildLiteBehavior [ RunTime:0.000032s ]
INFO: [ app_init ] --END-- [ RunTime:0.000242s ]
INFO: [ app_begin ] --START--
INFO: Run Behavior\ReadHtmlCacheBehavior [ RunTime:0.000113s ]
INFO: [ app_begin ] --END-- [ RunTime:0.000245s ]
NOTIC: [8] Undefined index: menu_list /usr/share/nginx/html/thinkphp/lunhui/Application/Admin/Controller/BaseController.class.php 第 65 行.
NOTIC: [2] Invalid argument supplied for foreach() /usr/share/nginx/html/thinkphp/lunhui/Application/Admin/Controller/BaseController.class.php 第 65 行.
SQL: SHOW COLUMNS FROM `web_treenode` [ RunTime:0.0009s ]
SQL: SELECT * FROM `web_treenode` WHERE `menuflag` = 1  [ RunTime:0.0002s ]
SQL: SHOW COLUMNS FROM `web_role` [ RunTime:0.0011s ]
SQL: SELECT COUNT(*) AS tp_count FROM `web_role` LIMIT 1   [ RunTime:0.0002s ]
SQL: SELECT * FROM `web_role` ORDER BY id desc LIMIT 0,10   [ RunTime:0.0003s ]
INFO: [ view_parse ] --START--
INFO: [ template_filter ] --START--
INFO: Run Behavior\ContentReplaceBehavior [ RunTime:0.000165s ]
INFO: [ template_filter ] --END-- [ RunTime:0.000318s ]
NOTIC: [8] Undefined variable: Os /usr/share/nginx/html/thinkphp/lunhui/Application/Runtime/Cache/Admin/86174e1f3cc77f335ad91dcb745bd53f.php 第 148 行.
INFO: Run Behavior\ParseTemplateBehavior [ RunTime:0.021341s ]
INFO: [ view_parse ] --END-- [ RunTime:0.021428s ]
INFO: [ view_filter ] --START--
INFO: Run Behavior\WriteHtmlCacheBehavior [ RunTime:0.000053s ]
INFO: [ view_filter ] --END-- [ RunTime:0.000090s ]
INFO: [ app_end ] --START--
INFO: Run Behavior\ShowPageTraceBehavior [ RunTime:0.000067s ]
INFO: [ app_end ] --END-- [ RunTime:0.000124s ]

[ 2016-03-06T17:37:23+08:00 ] ::1 /Admin/site/index.html
INFO: [ app_init ] --START--
INFO: Run Behavior\BuildLiteBehavior [ RunTime:0.000041s ]
INFO: [ app_init ] --END-- [ RunTime:0.000315s ]
INFO: [ app_begin ] --START--
INFO: Run Behavior\ReadHtmlCacheBehavior [ RunTime:0.000129s ]
INFO: [ app_begin ] --END-- [ RunTime:0.000249s ]
NOTIC: [8] Undefined index: menu_list /usr/share/nginx/html/thinkphp/lunhui/Application/Admin/Controller/BaseController.class.php 第 65 行.
NOTIC: [2] Invalid argument supplied for foreach() /usr/share/nginx/html/thinkphp/lunhui/Application/Admin/Controller/BaseController.class.php 第 65 行.
SQL: SHOW COLUMNS FROM `web_treenode` [ RunTime:0.0014s ]
SQL: SELECT * FROM `web_treenode` WHERE `menuflag` = 1  [ RunTime:0.0003s ]
INFO: [ view_parse ] --START--
INFO: [ template_filter ] --START--
INFO: Run Behavior\ContentReplaceBehavior [ RunTime:0.000076s ]
INFO: [ template_filter ] --END-- [ RunTime:0.000137s ]
NOTIC: [8] Undefined variable: Os /usr/share/nginx/html/thinkphp/lunhui/Application/Runtime/Cache/Admin/857b1a6610f546bd792cb0f882368043.php 第 146 行.
INFO: Run Behavior\ParseTemplateBehavior [ RunTime:0.032772s ]
INFO: [ view_parse ] --END-- [ RunTime:0.032829s ]
INFO: [ view_filter ] --START--
INFO: Run Behavior\WriteHtmlCacheBehavior [ RunTime:0.000052s ]
INFO: [ view_filter ] --END-- [ RunTime:0.000090s ]
INFO: [ app_end ] --START--
INFO: Run Behavior\ShowPageTraceBehavior [ RunTime:0.000044s ]
INFO: [ app_end ] --END-- [ RunTime:0.000082s ]

[ 2016-03-06T17:37:25+08:00 ] ::1 /Admin/site/index.html
INFO: [ app_init ] --START--
INFO: Run Behavior\BuildLiteBehavior [ RunTime:0.000013s ]
INFO: [ app_init ] --END-- [ RunTime:0.000097s ]
INFO: [ app_begin ] --START--
INFO: Run Behavior\ReadHtmlCacheBehavior [ RunTime:0.000042s ]
INFO: [ app_begin ] --END-- [ RunTime:0.000084s ]
NOTIC: [8] Undefined index: menu_list /usr/share/nginx/html/thinkphp/lunhui/Application/Admin/Controller/BaseController.class.php 第 65 行.
NOTIC: [2] Invalid argument supplied for foreach() /usr/share/nginx/html/thinkphp/lunhui/Application/Admin/Controller/BaseController.class.php 第 65 行.
SQL: SHOW COLUMNS FROM `web_treenode` [ RunTime:0.0007s ]
SQL: SELECT * FROM `web_treenode` WHERE `menuflag` = 1  [ RunTime:0.0001s ]
INFO: [ view_parse ] --START--
INFO: [ template_filter ] --START--
INFO: Run Behavior\ContentReplaceBehavior [ RunTime:0.000132s ]
INFO: [ template_filter ] --END-- [ RunTime:0.000290s ]
NOTIC: [8] Undefined variable: Os /usr/share/nginx/html/thinkphp/lunhui/Application/Runtime/Cache/Admin/857b1a6610f546bd792cb0f882368043.php 第 146 行.
INFO: Run Behavior\ParseTemplateBehavior [ RunTime:0.016832s ]
INFO: [ view_parse ] --END-- [ RunTime:0.016915s ]
INFO: [ view_filter ] --START--
INFO: Run Behavior\WriteHtmlCacheBehavior [ RunTime:0.000068s ]
INFO: [ view_filter ] --END-- [ RunTime:0.000108s ]
INFO: [ app_end ] --START--
INFO: Run Behavior\ShowPageTraceBehavior [ RunTime:0.000046s ]
INFO: [ app_end ] --END-- [ RunTime:0.000087s ]

[ 2016-03-06T17:37:26+08:00 ] ::1 /Admin/Site/index.html
INFO: [ app_init ] --START--
INFO: Run Behavior\BuildLiteBehavior [ RunTime:0.000019s ]
INFO: [ app_init ] --END-- [ RunTime:0.000130s ]
INFO: [ app_begin ] --START--
INFO: Run Behavior\ReadHtmlCacheBehavior [ RunTime:0.000065s ]
INFO: [ app_begin ] --END-- [ RunTime:0.000151s ]
NOTIC: [8] Undefined index: menu_list /usr/share/nginx/html/thinkphp/lunhui/Application/Admin/Controller/BaseController.class.php 第 65 行.
NOTIC: [2] Invalid argument supplied for foreach() /usr/share/nginx/html/thinkphp/lunhui/Application/Admin/Controller/BaseController.class.php 第 65 行.
SQL: SHOW COLUMNS FROM `web_treenode` [ RunTime:0.0007s ]
SQL: SELECT * FROM `web_treenode` WHERE `menuflag` = 1  [ RunTime:0.0002s ]
INFO: [ view_parse ] --START--
INFO: [ template_filter ] --START--
INFO: Run Behavior\ContentReplaceBehavior [ RunTime:0.000079s ]
INFO: [ template_filter ] --END-- [ RunTime:0.000151s ]
NOTIC: [8] Undefined variable: Os /usr/share/nginx/html/thinkphp/lunhui/Application/Runtime/Cache/Admin/857b1a6610f546bd792cb0f882368043.php 第 146 行.
INFO: Run Behavior\ParseTemplateBehavior [ RunTime:0.016594s ]
INFO: [ view_parse ] --END-- [ RunTime:0.016693s ]
INFO: [ view_filter ] --START--
INFO: Run Behavior\WriteHtmlCacheBehavior [ RunTime:0.000148s ]
INFO: [ view_filter ] --END-- [ RunTime:0.000212s ]
INFO: [ app_end ] --START--
INFO: Run Behavior\ShowPageTraceBehavior [ RunTime:0.000158s ]
INFO: [ app_end ] --END-- [ RunTime:0.000249s ]

[ 2016-03-06T17:37:27+08:00 ] ::1 /Admin/Index/index.html
INFO: [ app_init ] --START--
INFO: Run Behavior\BuildLiteBehavior [ RunTime:0.000038s ]
INFO: [ app_init ] --END-- [ RunTime:0.000250s ]
INFO: [ app_begin ] --START--
INFO: Run Behavior\ReadHtmlCacheBehavior [ RunTime:0.000148s ]
INFO: [ app_begin ] --END-- [ RunTime:0.000226s ]
NOTIC: [8] Undefined index: menu_list /usr/share/nginx/html/thinkphp/lunhui/Application/Admin/Controller/BaseController.class.php 第 65 行.
NOTIC: [2] Invalid argument supplied for foreach() /usr/share/nginx/html/thinkphp/lunhui/Application/Admin/Controller/BaseController.class.php 第 65 行.
SQL: SHOW COLUMNS FROM `web_treenode` [ RunTime:0.0013s ]
SQL: SELECT * FROM `web_treenode` WHERE `menuflag` = 1  [ RunTime:0.0001s ]
INFO: [ view_parse ] --START--
INFO: [ template_filter ] --START--
INFO: Run Behavior\ContentReplaceBehavior [ RunTime:0.000102s ]
INFO: [ template_filter ] --END-- [ RunTime:0.000177s ]
NOTIC: [8] Undefined variable: Os /usr/share/nginx/html/thinkphp/lunhui/Application/Runtime/Cache/Admin/b595b808c2ebeeeb0478ffc30bb4e87a.php 第 110 行.
INFO: Run Behavior\ParseTemplateBehavior [ RunTime:0.023008s ]
INFO: [ view_parse ] --END-- [ RunTime:0.023077s ]
INFO: [ view_filter ] --START--
INFO: Run Behavior\WriteHtmlCacheBehavior [ RunTime:0.000043s ]
INFO: [ view_filter ] --END-- [ RunTime:0.000082s ]
INFO: [ app_end ] --START--
INFO: Run Behavior\ShowPageTraceBehavior [ RunTime:0.000056s ]
INFO: [ app_end ] --END-- [ RunTime:0.000117s ]

[ 2016-03-06T17:37:30+08:00 ] ::1 /Admin/article/index.html
INFO: [ app_init ] --START--
INFO: Run Behavior\BuildLiteBehavior [ RunTime:0.000018s ]
INFO: [ app_init ] --END-- [ RunTime:0.000131s ]
INFO: [ app_begin ] --START--
INFO: Run Behavior\ReadHtmlCacheBehavior [ RunTime:0.000085s ]
INFO: [ app_begin ] --END-- [ RunTime:0.000182s ]
NOTIC: [8] Undefined index: menu_list /usr/share/nginx/html/thinkphp/lunhui/Application/Admin/Controller/BaseController.class.php 第 65 行.
NOTIC: [2] Invalid argument supplied for foreach() /usr/share/nginx/html/thinkphp/lunhui/Application/Admin/Controller/BaseController.class.php 第 65 行.
SQL: SHOW COLUMNS FROM `web_treenode` [ RunTime:0.0007s ]
SQL: SELECT * FROM `web_treenode` WHERE `menuflag` = 1  [ RunTime:0.0002s ]
SQL: SHOW COLUMNS FROM `web_article` [ RunTime:0.0010s ]
SQL: SHOW COLUMNS FROM `web_article_cate` [ RunTime:0.0009s ]
SQL: SELECT COUNT(*) AS tp_count FROM `web_article` LIMIT 1   [ RunTime:0.0001s ]
SQL: SELECT * FROM `web_article` ORDER BY a_id desc LIMIT 0,10   [ RunTime:0.0004s ]
SQL: SELECT * FROM `web_article_cate`  [ RunTime:0.0002s ]
INFO: [ view_parse ] --START--
INFO: [ template_filter ] --START--
INFO: Run Behavior\ContentReplaceBehavior [ RunTime:0.000092s ]
INFO: [ template_filter ] --END-- [ RunTime:0.000153s ]
NOTIC: [8] Undefined variable: Os /usr/share/nginx/html/thinkphp/lunhui/Application/Runtime/Cache/Admin/7a4184ffe8f804b12b2e7f8851dd8f7d.php 第 148 行.
INFO: Run Behavior\ParseTemplateBehavior [ RunTime:0.021439s ]
INFO: [ view_parse ] --END-- [ RunTime:0.021552s ]
INFO: [ view_filter ] --START--
INFO: Run Behavior\WriteHtmlCacheBehavior [ RunTime:0.000050s ]
INFO: [ view_filter ] --END-- [ RunTime:0.000089s ]
INFO: [ app_end ] --START--
INFO: Run Behavior\ShowPageTraceBehavior [ RunTime:0.000043s ]
INFO: [ app_end ] --END-- [ RunTime:0.000083s ]

[ 2016-03-06T17:37:36+08:00 ] ::1 /Admin/article/index.html
INFO: [ app_init ] --START--
INFO: Run Behavior\BuildLiteBehavior [ RunTime:0.000030s ]
INFO: [ app_init ] --END-- [ RunTime:0.000209s ]
INFO: [ app_begin ] --START--
INFO: Run Behavior\ReadHtmlCacheBehavior [ RunTime:0.000070s ]
INFO: [ app_begin ] --END-- [ RunTime:0.000137s ]
NOTIC: [8] Undefined index: menu_list /usr/share/nginx/html/thinkphp/lunhui/Application/Admin/Controller/BaseController.class.php 第 65 行.
NOTIC: [2] Invalid argument supplied for foreach() /usr/share/nginx/html/thinkphp/lunhui/Application/Admin/Controller/BaseController.class.php 第 65 行.
SQL: SHOW COLUMNS FROM `web_treenode` [ RunTime:0.0011s ]
SQL: SELECT * FROM `web_treenode` WHERE `menuflag` = 1  [ RunTime:0.0001s ]
SQL: SHOW COLUMNS FROM `web_article` [ RunTime:0.0009s ]
SQL: SHOW COLUMNS FROM `web_article_cate` [ RunTime:0.0008s ]
SQL: SELECT COUNT(*) AS tp_count FROM `web_article` LIMIT 1   [ RunTime:0.0001s ]
SQL: SELECT * FROM `web_article` ORDER BY a_id desc LIMIT 0,10   [ RunTime:0.0002s ]
SQL: SELECT * FROM `web_article_cate`  [ RunTime:0.0001s ]
INFO: [ view_parse ] --START--
INFO: [ template_filter ] --START--
INFO: Run Behavior\ContentReplaceBehavior [ RunTime:0.000119s ]
INFO: [ template_filter ] --END-- [ RunTime:0.000189s ]
NOTIC: [8] Undefined variable: Os /usr/share/nginx/html/thinkphp/lunhui/Application/Runtime/Cache/Admin/7a4184ffe8f804b12b2e7f8851dd8f7d.php 第 148 行.
INFO: Run Behavior\ParseTemplateBehavior [ RunTime:0.020653s ]
INFO: [ view_parse ] --END-- [ RunTime:0.020769s ]
INFO: [ view_filter ] --START--
INFO: Run Behavior\WriteHtmlCacheBehavior [ RunTime:0.000083s ]
INFO: [ view_filter ] --END-- [ RunTime:0.000144s ]
INFO: [ app_end ] --START--
INFO: Run Behavior\ShowPageTraceBehavior [ RunTime:0.000069s ]
INFO: [ app_end ] --END-- [ RunTime:0.000135s ]

[ 2016-03-06T17:37:38+08:00 ] ::1 /Admin/article/index.html
INFO: [ app_init ] --START--
INFO: Run Behavior\BuildLiteBehavior [ RunTime:0.000013s ]
INFO: [ app_init ] --END-- [ RunTime:0.000088s ]
INFO: [ app_begin ] --START--
INFO: Run Behavior\ReadHtmlCacheBehavior [ RunTime:0.000042s ]
INFO: [ app_begin ] --END-- [ RunTime:0.000110s ]
NOTIC: [8] Undefined index: menu_list /usr/share/nginx/html/thinkphp/lunhui/Application/Admin/Controller/BaseController.class.php 第 65 行.
NOTIC: [2] Invalid argument supplied for foreach() /usr/share/nginx/html/thinkphp/lunhui/Application/Admin/Controller/BaseController.class.php 第 65 行.
SQL: SHOW COLUMNS FROM `web_treenode` [ RunTime:0.0007s ]
SQL: SELECT * FROM `web_treenode` WHERE `menuflag` = 1  [ RunTime:0.0001s ]
SQL: SHOW COLUMNS FROM `web_article` [ RunTime:0.0009s ]
SQL: SHOW COLUMNS FROM `web_article_cate` [ RunTime:0.0005s ]
SQL: SELECT COUNT(*) AS tp_count FROM `web_article` LIMIT 1   [ RunTime:0.0002s ]
SQL: SELECT * FROM `web_article` ORDER BY a_id desc LIMIT 0,10   [ RunTime:0.0003s ]
SQL: SELECT * FROM `web_article_cate`  [ RunTime:0.0002s ]
INFO: [ view_parse ] --START--
INFO: [ template_filter ] --START--
INFO: Run Behavior\ContentReplaceBehavior [ RunTime:0.000155s ]
INFO: [ template_filter ] --END-- [ RunTime:0.000257s ]
NOTIC: [8] Undefined variable: Os /usr/share/nginx/html/thinkphp/lunhui/Application/Runtime/Cache/Admin/7a4184ffe8f804b12b2e7f8851dd8f7d.php 第 148 行.
INFO: Run Behavior\ParseTemplateBehavior [ RunTime:0.022366s ]
INFO: [ view_parse ] --END-- [ RunTime:0.022479s ]
INFO: [ view_filter ] --START--
INFO: Run Behavior\WriteHtmlCacheBehavior [ RunTime:0.000053s ]
INFO: [ view_filter ] --END-- [ RunTime:0.000091s ]
INFO: [ app_end ] --START--
INFO: Run Behavior\ShowPageTraceBehavior [ RunTime:0.000055s ]
INFO: [ app_end ] --END-- [ RunTime:0.000116s ]

