[ 2016-03-08T11:28:45+08:00 ] ::1 /admin
INFO: [ app_init ] --START--
INFO: Run Behavior\BuildLiteBehavior [ RunTime:0.000033s ]
INFO: [ app_init ] --END-- [ RunTime:0.000211s ]
INFO: [ app_begin ] --START--
INFO: Run Behavior\ReadHtmlCacheBehavior [ RunTime:0.000068s ]
INFO: [ app_begin ] --END-- [ RunTime:0.000129s ]

[ 2016-03-08T11:28:45+08:00 ] ::1 /Admin/login/index.html
INFO: [ app_init ] --START--
INFO: Run Behavior\BuildLiteBehavior [ RunTime:0.000028s ]
INFO: [ app_init ] --END-- [ RunTime:0.000168s ]
INFO: [ app_begin ] --START--
INFO: Run Behavior\ReadHtmlCacheBehavior [ RunTime:0.000081s ]
INFO: [ app_begin ] --END-- [ RunTime:0.000177s ]
INFO: [ view_parse ] --START--
INFO: [ template_filter ] --START--
INFO: Run Behavior\ContentReplaceBehavior [ RunTime:0.000055s ]
INFO: [ template_filter ] --END-- [ RunTime:0.000119s ]
INFO: Run Behavior\ParseTemplateBehavior [ RunTime:0.041923s ]
INFO: [ view_parse ] --END-- [ RunTime:0.042007s ]
INFO: [ view_filter ] --START--
INFO: Run Behavior\WriteHtmlCacheBehavior [ RunTime:0.000064s ]
INFO: [ view_filter ] --END-- [ RunTime:0.000102s ]
INFO: [ app_end ] --START--
INFO: Run Behavior\ShowPageTraceBehavior [ RunTime:0.000052s ]
INFO: [ app_end ] --END-- [ RunTime:0.000101s ]

[ 2016-03-08T11:28:48+08:00 ] ::1 /admin
INFO: [ app_init ] --START--
INFO: Run Behavior\BuildLiteBehavior [ RunTime:0.000015s ]
INFO: [ app_init ] --END-- [ RunTime:0.000121s ]
INFO: [ app_begin ] --START--
INFO: Run Behavior\ReadHtmlCacheBehavior [ RunTime:0.000046s ]
INFO: [ app_begin ] --END-- [ RunTime:0.000089s ]

[ 2016-03-08T11:28:48+08:00 ] ::1 /Admin/login/index.html
INFO: [ app_init ] --START--
INFO: Run Behavior\BuildLiteBehavior [ RunTime:0.000012s ]
INFO: [ app_init ] --END-- [ RunTime:0.000094s ]
INFO: [ app_begin ] --START--
INFO: Run Behavior\ReadHtmlCacheBehavior [ RunTime:0.000040s ]
INFO: [ app_begin ] --END-- [ RunTime:0.000083s ]
INFO: [ view_parse ] --START--
INFO: [ template_filter ] --START--
INFO: Run Behavior\ContentReplaceBehavior [ RunTime:0.000054s ]
INFO: [ template_filter ] --END-- [ RunTime:0.000107s ]
INFO: Run Behavior\ParseTemplateBehavior [ RunTime:0.003347s ]
INFO: [ view_parse ] --END-- [ RunTime:0.003402s ]
INFO: [ view_filter ] --START--
INFO: Run Behavior\WriteHtmlCacheBehavior [ RunTime:0.000057s ]
INFO: [ view_filter ] --END-- [ RunTime:0.000094s ]
INFO: [ app_end ] --START--
INFO: Run Behavior\ShowPageTraceBehavior [ RunTime:0.000046s ]
INFO: [ app_end ] --END-- [ RunTime:0.000085s ]

[ 2016-03-08T21:35:50+08:00 ] ::1 /admin
INFO: [ app_init ] --START--
INFO: Run Behavior\BuildLiteBehavior [ RunTime:0.000025s ]
INFO: [ app_init ] --END-- [ RunTime:0.007217s ]
INFO: [ app_begin ] --START--
INFO: Run Behavior\ReadHtmlCacheBehavior [ RunTime:0.015836s ]
INFO: [ app_begin ] --END-- [ RunTime:0.015945s ]

[ 2016-03-08T21:35:50+08:00 ] ::1 /Admin/login/index.html
INFO: [ app_init ] --START--
INFO: Run Behavior\BuildLiteBehavior [ RunTime:0.000014s ]
INFO: [ app_init ] --END-- [ RunTime:0.000121s ]
INFO: [ app_begin ] --START--
INFO: Run Behavior\ReadHtmlCacheBehavior [ RunTime:0.000041s ]
INFO: [ app_begin ] --END-- [ RunTime:0.000084s ]
INFO: [ view_parse ] --START--
INFO: [ template_filter ] --START--
INFO: Run Behavior\ContentReplaceBehavior [ RunTime:0.000059s ]
INFO: [ template_filter ] --END-- [ RunTime:0.000124s ]
INFO: Run Behavior\ParseTemplateBehavior [ RunTime:0.092996s ]
INFO: [ view_parse ] --END-- [ RunTime:0.093098s ]
INFO: [ view_filter ] --START--
INFO: Run Behavior\WriteHtmlCacheBehavior [ RunTime:0.022669s ]
INFO: [ view_filter ] --END-- [ RunTime:0.022735s ]
INFO: [ app_end ] --START--
INFO: Run Behavior\ShowPageTraceBehavior [ RunTime:0.021351s ]
INFO: [ app_end ] --END-- [ RunTime:0.021415s ]

[ 2016-03-08T21:35:52+08:00 ] ::1 /Admin/Login/dologin
INFO: [ app_init ] --START--
INFO: Run Behavior\BuildLiteBehavior [ RunTime:0.000018s ]
INFO: [ app_init ] --END-- [ RunTime:0.000142s ]
INFO: [ app_begin ] --START--
INFO: Run Behavior\ReadHtmlCacheBehavior [ RunTime:0.000066s ]
INFO: [ app_begin ] --END-- [ RunTime:0.000130s ]
SQL: SHOW COLUMNS FROM `web_admin` [ RunTime:0.0008s ]
SQL: SELECT * FROM `web_admin` WHERE `user` = 'lunhui' AND `state` = 1 LIMIT 1   [ RunTime:0.0122s ]
SQL: UPDATE `web_admin` SET `last_logintime`='1457444152',`last_loginip`='127.0.0.1' WHERE `id` = 1 [ RunTime:0.0281s ]

[ 2016-03-08T21:35:52+08:00 ] ::1 /Admin/Index/index.html
INFO: [ app_init ] --START--
INFO: Run Behavior\BuildLiteBehavior [ RunTime:0.000012s ]
INFO: [ app_init ] --END-- [ RunTime:0.000083s ]
INFO: [ app_begin ] --START--
INFO: Run Behavior\ReadHtmlCacheBehavior [ RunTime:0.000034s ]
INFO: [ app_begin ] --END-- [ RunTime:0.000076s ]
NOTIC: [8] Undefined index: menu_list /usr/share/nginx/html/thinkphp/lunhui/Application/Admin/Controller/BaseController.class.php 第 65 行.
NOTIC: [2] Invalid argument supplied for foreach() /usr/share/nginx/html/thinkphp/lunhui/Application/Admin/Controller/BaseController.class.php 第 65 行.
SQL: SHOW COLUMNS FROM `web_treenode` [ RunTime:0.0007s ]
SQL: SELECT * FROM `web_treenode` WHERE `menuflag` = 1  [ RunTime:0.0215s ]
INFO: [ view_parse ] --START--
INFO: [ template_filter ] --START--
INFO: Run Behavior\ContentReplaceBehavior [ RunTime:0.000256s ]
INFO: [ template_filter ] --END-- [ RunTime:0.000421s ]
NOTIC: [8] Undefined variable: Os /usr/share/nginx/html/thinkphp/lunhui/Application/Runtime/Cache/Admin/b595b808c2ebeeeb0478ffc30bb4e87a.php 第 110 行.
INFO: Run Behavior\ParseTemplateBehavior [ RunTime:0.099813s ]
INFO: [ view_parse ] --END-- [ RunTime:0.099894s ]
INFO: [ view_filter ] --START--
INFO: Run Behavior\WriteHtmlCacheBehavior [ RunTime:0.000073s ]
INFO: [ view_filter ] --END-- [ RunTime:0.000112s ]
INFO: [ app_end ] --START--
INFO: Run Behavior\ShowPageTraceBehavior [ RunTime:0.000056s ]
INFO: [ app_end ] --END-- [ RunTime:0.000097s ]

[ 2016-03-08T21:35:58+08:00 ] ::1 /Admin/article/index.html
INFO: [ app_init ] --START--
INFO: Run Behavior\BuildLiteBehavior [ RunTime:0.000013s ]
INFO: [ app_init ] --END-- [ RunTime:0.000092s ]
INFO: [ app_begin ] --START--
INFO: Run Behavior\ReadHtmlCacheBehavior [ RunTime:0.000059s ]
INFO: [ app_begin ] --END-- [ RunTime:0.000118s ]
NOTIC: [8] Undefined index: menu_list /usr/share/nginx/html/thinkphp/lunhui/Application/Admin/Controller/BaseController.class.php 第 65 行.
NOTIC: [2] Invalid argument supplied for foreach() /usr/share/nginx/html/thinkphp/lunhui/Application/Admin/Controller/BaseController.class.php 第 65 行.
SQL: SHOW COLUMNS FROM `web_treenode` [ RunTime:0.0006s ]
SQL: SELECT * FROM `web_treenode` WHERE `menuflag` = 1  [ RunTime:0.0001s ]
SQL: SHOW COLUMNS FROM `web_article` [ RunTime:0.0007s ]
SQL: SHOW COLUMNS FROM `web_article_cate` [ RunTime:0.0005s ]
SQL: SELECT COUNT(*) AS tp_count FROM `web_article` LIMIT 1   [ RunTime:0.0002s ]
SQL: SELECT * FROM `web_article` ORDER BY a_id desc LIMIT 0,10   [ RunTime:0.0003s ]
SQL: SELECT * FROM `web_article_cate`  [ RunTime:0.0001s ]
INFO: [ view_parse ] --START--
INFO: [ template_filter ] --START--
INFO: Run Behavior\ContentReplaceBehavior [ RunTime:0.000106s ]
INFO: [ template_filter ] --END-- [ RunTime:0.000186s ]
NOTIC: [8] Undefined variable: Os /usr/share/nginx/html/thinkphp/lunhui/Application/Runtime/Cache/Admin/7a4184ffe8f804b12b2e7f8851dd8f7d.php 第 148 行.
INFO: Run Behavior\ParseTemplateBehavior [ RunTime:0.040000s ]
INFO: [ view_parse ] --END-- [ RunTime:0.040083s ]
INFO: [ view_filter ] --START--
INFO: Run Behavior\WriteHtmlCacheBehavior [ RunTime:0.000061s ]
INFO: [ view_filter ] --END-- [ RunTime:0.000098s ]
INFO: [ app_end ] --START--
INFO: Run Behavior\ShowPageTraceBehavior [ RunTime:0.000044s ]
INFO: [ app_end ] --END-- [ RunTime:0.000084s ]

[ 2016-03-08T21:35:59+08:00 ] ::1 /Admin/Article/add.html
INFO: [ app_init ] --START--
INFO: Run Behavior\BuildLiteBehavior [ RunTime:0.000013s ]
INFO: [ app_init ] --END-- [ RunTime:0.000086s ]
INFO: [ app_begin ] --START--
INFO: Run Behavior\ReadHtmlCacheBehavior [ RunTime:0.000061s ]
INFO: [ app_begin ] --END-- [ RunTime:0.000121s ]
NOTIC: [8] Undefined index: menu_list /usr/share/nginx/html/thinkphp/lunhui/Application/Admin/Controller/BaseController.class.php 第 65 行.
NOTIC: [2] Invalid argument supplied for foreach() /usr/share/nginx/html/thinkphp/lunhui/Application/Admin/Controller/BaseController.class.php 第 65 行.
SQL: SHOW COLUMNS FROM `web_treenode` [ RunTime:0.0006s ]
SQL: SELECT * FROM `web_treenode` WHERE `menuflag` = 1  [ RunTime:0.0001s ]
SQL: SHOW COLUMNS FROM `web_article_cate` [ RunTime:0.0015s ]
SQL: SELECT * FROM `web_article_cate`  [ RunTime:0.0001s ]
INFO: [ view_parse ] --START--
INFO: [ template_filter ] --START--
INFO: Run Behavior\ContentReplaceBehavior [ RunTime:0.000099s ]
INFO: [ template_filter ] --END-- [ RunTime:0.000158s ]
NOTIC: [8] Undefined variable: Os /usr/share/nginx/html/thinkphp/lunhui/Application/Runtime/Cache/Admin/e16cf278f1c326e72baf6415dbd5ab87.php 第 150 行.
NOTIC: [8] Undefined variable: detail /usr/share/nginx/html/thinkphp/lunhui/Application/Runtime/Cache/Admin/e16cf278f1c326e72baf6415dbd5ab87.php 第 243 行.
NOTIC: [8] Undefined variable: nowtime /usr/share/nginx/html/thinkphp/lunhui/Application/Runtime/Cache/Admin/e16cf278f1c326e72baf6415dbd5ab87.php 第 352 行.
INFO: Run Behavior\ParseTemplateBehavior [ RunTime:0.025177s ]
INFO: [ view_parse ] --END-- [ RunTime:0.025238s ]
INFO: [ view_filter ] --START--
INFO: Run Behavior\WriteHtmlCacheBehavior [ RunTime:0.000054s ]
INFO: [ view_filter ] --END-- [ RunTime:0.000091s ]
INFO: [ app_end ] --START--
INFO: Run Behavior\ShowPageTraceBehavior [ RunTime:0.000056s ]
INFO: [ app_end ] --END-- [ RunTime:0.000114s ]

